Log file open, 07/30/19 00:06:08
LogWindows: Failed to load 'aqProf.dll' (GetLastError=126)
LogWindows: File 'aqProf.dll' does not exist
LogWindows: Failed to load 'VtuneApi.dll' (GetLastError=126)
LogWindows: File 'VtuneApi.dll' does not exist
LogWindows: Failed to load 'VtuneApi32e.dll' (GetLastError=126)
LogWindows: File 'VtuneApi32e.dll' does not exist
LogConsoleResponse: Display: Failed to find resolution value strings in scalability ini. Falling back to default.
LogInit: Display: Running engine for game: HereAfter
LogPakFile: Registered encryption key '00000000000000000000000000000000': 0 pak files mounted, 0 remain pending
LogPlatformFile: Not using cached read wrapper
LogTaskGraph: Started task graph with 5 named threads and 23 total threads with 3 sets of task threads.
LogStats: Stats thread started at 0.340961
LogD3D11RHI: Loaded GFSDK_Aftermath_Lib.x64.dll
LogICUInternationalization: ICU TimeZone Detection - Raw Offset: +12:00, Platform Override: ''
LogPluginManager: Mounting plugin Paper2D
LogPluginManager: Mounting plugin AISupport
LogPluginManager: Mounting plugin LightPropagationVolume
LogPluginManager: Mounting plugin ActorLayerUtilities
LogPluginManager: Mounting plugin AnimationSharing
LogPluginManager: Mounting plugin CLionSourceCodeAccess
LogPluginManager: Mounting plugin CodeLiteSourceCodeAccess
LogPluginManager: Mounting plugin GitSourceControl
LogPluginManager: Mounting plugin KDevelopSourceCodeAccess
LogPluginManager: Mounting plugin NullSourceCodeAccess
LogPluginManager: Mounting plugin PerforceSourceControl
LogPluginManager: Mounting plugin SubversionSourceControl
LogPluginManager: Mounting plugin UObjectPlugin
LogPluginManager: Mounting plugin VisualStudioCodeSourceCodeAccess
LogPluginManager: Mounting plugin VisualStudioSourceCodeAccess
LogPluginManager: Mounting plugin XCodeSourceCodeAccess
LogPluginManager: Mounting plugin AssetManagerEditor
LogPluginManager: Mounting plugin CryptoKeys
LogPluginManager: Mounting plugin DataValidation
LogPluginManager: Mounting plugin FacialAnimation
LogPluginManager: Mounting plugin GameplayTagsEditor
LogPluginManager: Mounting plugin MacGraphicsSwitching
LogPluginManager: Mounting plugin MaterialAnalyzer
LogPluginManager: Mounting plugin MobileLauncherProfileWizard
LogPluginManager: Mounting plugin PluginBrowser
LogPluginManager: Mounting plugin SpeedTreeImporter
LogPluginManager: Mounting plugin DatasmithContent
LogPluginManager: Mounting plugin VariantManagerContent
LogPluginManager: Mounting plugin AlembicImporter
LogPluginManager: Mounting plugin AppleImageUtils
LogPluginManager: Mounting plugin AppleVision
LogPluginManager: Mounting plugin BackChannel
LogPluginManager: Mounting plugin CharacterAI
LogPluginManager: Mounting plugin GeometryCache
LogPluginManager: Mounting plugin HTML5Networking
LogPluginManager: Mounting plugin ProxyLODPlugin
LogPluginManager: Mounting plugin SkeletalReduction
LogPluginManager: Mounting plugin MagicLeap
LogPluginManager: Mounting plugin MagicLeapMedia
LogPluginManager: Mounting plugin Substance
LogPluginManager: Mounting plugin AndroidMedia
LogPluginManager: Mounting plugin AvfMedia
LogPluginManager: Mounting plugin ImgMedia
LogPluginManager: Mounting plugin LinearTimecode
LogPluginManager: Mounting plugin MediaCompositing
LogPluginManager: Mounting plugin MediaPlayerEditor
LogPluginManager: Mounting plugin WebMMedia
LogPluginManager: Mounting plugin WmfMedia
LogPluginManager: Mounting plugin TcpMessaging
LogPluginManager: Mounting plugin UdpMessaging
LogPluginManager: Mounting plugin ActorSequence
LogPluginManager: Mounting plugin LevelSequenceEditor
LogPluginManager: Mounting plugin MatineeToLevelSequence
LogPluginManager: Mounting plugin NetcodeUnitTest
LogPluginManager: Mounting plugin NUTUnrealEngine4
LogPluginManager: Mounting plugin OnlineSubsystemGooglePlay
LogPluginManager: Mounting plugin OnlineSubsystemIOS
LogPluginManager: Mounting plugin OnlineSubsystem
LogPluginManager: Mounting plugin OnlineSubsystemNull
LogPluginManager: Mounting plugin OnlineSubsystemUtils
LogPluginManager: Mounting plugin LauncherChunkInstaller
LogPluginManager: Mounting plugin AndroidDeviceProfileSelector
LogPluginManager: Mounting plugin AndroidMoviePlayer
LogPluginManager: Mounting plugin AndroidPermission
LogPluginManager: Mounting plugin AppleMoviePlayer
LogPluginManager: Mounting plugin ArchVisCharacter
LogPluginManager: Mounting plugin AudioCapture
LogPluginManager: Mounting plugin CableComponent
LogPluginManager: Mounting plugin CustomMeshComponent
LogPluginManager: Mounting plugin EditableMesh
LogPluginManager: Mounting plugin ExampleDeviceProfileSelector
LogPluginManager: Mounting plugin Firebase
LogPluginManager: Mounting plugin GoogleCloudMessaging
LogPluginManager: Mounting plugin IOSDeviceProfileSelector
LogPluginManager: Mounting plugin LinuxDeviceProfileSelector
LogPluginManager: Mounting plugin LocationServicesBPLibrary
LogPluginManager: Mounting plugin MobilePatchingUtils
LogPluginManager: Mounting plugin OculusVR
LogPluginManager: Mounting plugin PhysXVehicles
LogPluginManager: Mounting plugin ProceduralMeshComponent
LogPluginManager: Mounting plugin RuntimePhysXCooking
LogPluginManager: Mounting plugin SignificanceManager
LogPluginManager: Mounting plugin SteamVR
LogPluginManager: Mounting plugin WebMMoviePlayer
LogPluginManager: Mounting plugin WindowsMoviePlayer
LogInit: Using libcurl 7.55.1-DEV
LogInit:  - built for x86_64-pc-win32
LogInit:  - supports SSL with OpenSSL/1.1.1
LogInit:  - supports HTTP deflate (compression) using libz 1.2.8
LogInit:  - other features:
LogInit:      CURL_VERSION_SSL
LogInit:      CURL_VERSION_LIBZ
LogInit:      CURL_VERSION_IPV6
LogInit:      CURL_VERSION_ASYNCHDNS
LogInit:      CURL_VERSION_LARGEFILE
LogInit:      CURL_VERSION_IDN
LogInit:  CurlRequestOptions (configurable via config and command line):
LogInit:  - bVerifyPeer = true  - Libcurl will verify peer certificate
LogInit:  - bUseHttpProxy = false  - Libcurl will NOT use HTTP proxy
LogInit:  - bDontReuseConnections = false  - Libcurl will reuse connections
LogInit:  - MaxHostConnections = 16  - Libcurl will limit the number of connections to a host
LogInit:  - LocalHostAddr = Default
LogInit:  - BufferSize = 65536
LogInit: WinSock: version 1.1 (2.2), MaxSocks=32767, MaxUdp=65467
LogInit: Build: ++UE4+Release-4.22-CL-7053642
LogInit: Engine Version: 4.22.3-7053642+++UE4+Release-4.22
LogInit: Compatible Engine Version: 4.22.0-5660361+++UE4+Release-4.22
LogInit: Net CL: 5660361
LogInit: OS: Windows 10 (Release 1803) (), CPU: Intel(R) Core(TM) i7-4790K CPU @ 4.00GHz, GPU: NVIDIA GeForce GTX 970
LogInit: Compiled (64-bit): Jun 18 2019 03:09:11
LogInit: Compiled with Visual C++: 19.16.27025.01
LogInit: Build Configuration: Development
LogInit: Branch Name: ++UE4+Release-4.22
LogInit: Command Line: 
LogInit: Base Directory: D:/ShitGame/UE_4.22/Engine/Binaries/Win64/
LogInit: Installed Engine Build: 1
LogDevObjectVersion: Number of dev versions registered: 23
LogDevObjectVersion:   Dev-Blueprints (B0D832E4-1F89-4F0D-ACCF-7EB736FD4AA2): 10
LogDevObjectVersion:   Dev-Build (E1C64328-A22C-4D53-A36C-8E866417BD8C): 0
LogDevObjectVersion:   Dev-Core (375EC13C-06E4-48FB-B500-84F0262A717E): 3
LogDevObjectVersion:   Dev-Editor (E4B068ED-F494-42E9-A231-DA0B2E46BB41): 30
LogDevObjectVersion:   Dev-Framework (CFFC743F-43B0-4480-9391-14DF171D2073): 35
LogDevObjectVersion:   Dev-Mobile (B02B49B5-BB20-44E9-A304-32B752E40360): 2
LogDevObjectVersion:   Dev-Networking (A4E4105C-59A1-49B5-A7C5-40C4547EDFEE): 0
LogDevObjectVersion:   Dev-Online (39C831C9-5AE6-47DC-9A44-9C173E1C8E7C): 0
LogDevObjectVersion:   Dev-Physics (78F01B33-EBEA-4F98-B9B4-84EACCB95AA2): 0
LogDevObjectVersion:   Dev-Platform (6631380F-2D4D-43E0-8009-CF276956A95A): 0
LogDevObjectVersion:   Dev-Rendering (12F88B9F-8875-4AFC-A67C-D90C383ABD29): 28
LogDevObjectVersion:   Dev-Sequencer (7B5AE74C-D270-4C10-A958-57980B212A5A): 11
LogDevObjectVersion:   Dev-VR (D7296918-1DD6-4BDD-9DE2-64A83CC13884): 2
LogDevObjectVersion:   Dev-LoadTimes (C2A15278-BFE7-4AFE-6C17-90FF531DF755): 1
LogDevObjectVersion:   Private-Geometry (6EACA3D4-40EC-4CC1-B786-8BED09428FC5): 3
LogDevObjectVersion:   Dev-AnimPhys (29E575DD-E0A3-4627-9D10-D276232CDCEA): 17
LogDevObjectVersion:   Dev-Anim (AF43A65D-7FD3-4947-9873-3E8ED9C1BB05): 2
LogDevObjectVersion:   Dev-ReflectionCapture (6B266CEC-1EC7-4B8F-A30B-E4D90942FC07): 1
LogDevObjectVersion:   Dev-Automation (0DF73D61-A23F-47EA-B727-89E90C41499A): 1
LogDevObjectVersion:   FortniteMain (601D1886-AC64-4F84-AA16-D3DE0DEAC7D6): 25
LogDevObjectVersion:   Dev-Enterprise (9DFFBCD6-494F-0158-E221-12823C92A888): 6
LogDevObjectVersion:   Dev-Niagara (F2AED0AC-9AFE-416F-8664-AA7FFA26D6FC): 1
LogDevObjectVersion:   Dev-Destruction (174F1F0B-B4C6-45A5-B13F-2EE8D0FB917D): 2
LogInit: Presizing for max 16777216 objects, including 0 objects not considered by GC, pre-allocating 0 bytes for permanent pool.
LogInit: Object subsystem initialized
LogConfig: Setting CVar [[con.DebugEarlyDefault:1]]
LogConfig: Setting CVar [[r.setres:1280x720]]
[2019.07.29-12.06.09:183][  0]LogConfig: Setting CVar [[r.VSync:0]]
[2019.07.29-12.06.09:183][  0]LogConfig: Setting CVar [[r.RHICmdBypass:0]]
[2019.07.29-12.06.09:183][  0]LogConfig: Applying CVar settings from Section [/Script/Engine.RendererSettings] File [C:/Users/User/Documents/HereAfter/HereAfter/Saved/Config/Windows/Engine.ini]
[2019.07.29-12.06.09:183][  0]LogConfig: Setting CVar [[r.GPUCrashDebugging:0]]
[2019.07.29-12.06.09:183][  0]LogConfig: Applying CVar settings from Section [/Script/Engine.RendererOverrideSettings] File [C:/Users/User/Documents/HereAfter/HereAfter/Saved/Config/Windows/Engine.ini]
[2019.07.29-12.06.09:183][  0]LogConfig: Applying CVar settings from Section [/Script/Engine.StreamingSettings] File [C:/Users/User/Documents/HereAfter/HereAfter/Saved/Config/Windows/Engine.ini]
[2019.07.29-12.06.09:183][  0]LogConfig: Setting CVar [[s.MinBulkDataSizeForAsyncLoading:131072]]
[2019.07.29-12.06.09:183][  0]LogConfig: Setting CVar [[s.AsyncLoadingThreadEnabled:0]]
[2019.07.29-12.06.09:183][  0]LogConfig: Setting CVar [[s.EventDrivenLoaderEnabled:1]]
[2019.07.29-12.06.09:183][  0]LogConfig: Setting CVar [[s.WarnIfTimeLimitExceeded:0]]
[2019.07.29-12.06.09:183][  0]LogConfig: Setting CVar [[s.TimeLimitExceededMultiplier:1.5]]
[2019.07.29-12.06.09:183][  0]LogConfig: Setting CVar [[s.TimeLimitExceededMinTime:0.005]]
[2019.07.29-12.06.09:184][  0]LogConfig: Setting CVar [[s.UseBackgroundLevelStreaming:1]]
[2019.07.29-12.06.09:184][  0]LogConfig: Setting CVar [[s.PriorityAsyncLoadingExtraTime:15.0]]
[2019.07.29-12.06.09:184][  0]LogConfig: Setting CVar [[s.LevelStreamingActorsUpdateTimeLimit:5.0]]
[2019.07.29-12.06.09:184][  0]LogConfig: Setting CVar [[s.PriorityLevelStreamingActorsUpdateExtraTime:5.0]]
[2019.07.29-12.06.09:184][  0]LogConfig: Setting CVar [[s.LevelStreamingComponentsRegistrationGranularity:10]]
[2019.07.29-12.06.09:184][  0]LogConfig: Setting CVar [[s.UnregisterComponentsTimeLimit:1.0]]
[2019.07.29-12.06.09:184][  0]LogConfig: Setting CVar [[s.LevelStreamingComponentsUnregistrationGranularity:5]]
[2019.07.29-12.06.09:184][  0]LogConfig: Applying CVar settings from Section [/Script/Engine.GarbageCollectionSettings] File [C:/Users/User/Documents/HereAfter/HereAfter/Saved/Config/Windows/Engine.ini]
[2019.07.29-12.06.09:184][  0]LogConfig: Setting CVar [[gc.MaxObjectsNotConsideredByGC:1]]
[2019.07.29-12.06.09:184][  0]LogConfig: Setting CVar [[gc.SizeOfPermanentObjectPool:0]]
[2019.07.29-12.06.09:184][  0]LogConfig: Setting CVar [[gc.FlushStreamingOnGC:0]]
[2019.07.29-12.06.09:184][  0]LogConfig: Setting CVar [[gc.NumRetriesBeforeForcingGC:10]]
[2019.07.29-12.06.09:184][  0]LogConfig: Setting CVar [[gc.AllowParallelGC:1]]
[2019.07.29-12.06.09:184][  0]LogConfig: Setting CVar [[gc.TimeBetweenPurgingPendingKillObjects:61.1]]
[2019.07.29-12.06.09:184][  0]LogConfig: Setting CVar [[gc.MaxObjectsInEditor:16777216]]
[2019.07.29-12.06.09:184][  0]LogConfig: Setting CVar [[gc.IncrementalBeginDestroyEnabled:1]]
[2019.07.29-12.06.09:184][  0]LogConfig: Setting CVar [[gc.CreateGCClusters:1]]
[2019.07.29-12.06.09:184][  0]LogConfig: Setting CVar [[gc.MinGCClusterSize:5]]
[2019.07.29-12.06.09:184][  0]LogConfig: Setting CVar [[gc.ActorClusteringEnabled:0]]
[2019.07.29-12.06.09:184][  0]LogConfig: Setting CVar [[gc.BlueprintClusteringEnabled:0]]
[2019.07.29-12.06.09:184][  0]LogConfig: Setting CVar [[gc.UseDisregardForGCOnDedicatedServers:0]]
[2019.07.29-12.06.09:184][  0]LogConfig: Applying CVar settings from Section [/Script/Engine.NetworkSettings] File [C:/Users/User/Documents/HereAfter/HereAfter/Saved/Config/Windows/Engine.ini]
[2019.07.29-12.06.09:184][  0]LogConfig: Applying CVar settings from Section [/Script/UnrealEd.CookerSettings] File [C:/Users/User/Documents/HereAfter/HereAfter/Saved/Config/Windows/Engine.ini]
[2019.07.29-12.06.09:191][  0]LogConfig: Applying CVar settings from Section [ViewDistanceQuality@3] File [C:/Users/User/Documents/HereAfter/HereAfter/Saved/Config/Windows/Scalability.ini]
[2019.07.29-12.06.09:191][  0]LogConfig: Setting CVar [[r.SkeletalMeshLODBias:0]]
[2019.07.29-12.06.09:191][  0]LogConfig: Setting CVar [[r.ViewDistanceScale:1.0]]
[2019.07.29-12.06.09:191][  0]LogConfig: Applying CVar settings from Section [AntiAliasingQuality@3] File [C:/Users/User/Documents/HereAfter/HereAfter/Saved/Config/Windows/Scalability.ini]
[2019.07.29-12.06.09:191][  0]LogConfig: Setting CVar [[r.PostProcessAAQuality:4]]
[2019.07.29-12.06.09:191][  0]LogConfig: Applying CVar settings from Section [ShadowQuality@3] File [C:/Users/User/Documents/HereAfter/HereAfter/Saved/Config/Windows/Scalability.ini]
[2019.07.29-12.06.09:191][  0]LogConfig: Setting CVar [[r.LightFunctionQuality:1]]
[2019.07.29-12.06.09:191][  0]LogConfig: Setting CVar [[r.ShadowQuality:5]]
[2019.07.29-12.06.09:191][  0]LogConfig: Setting CVar [[r.Shadow.CSM.MaxCascades:10]]
[2019.07.29-12.06.09:191][  0]LogConfig: Setting CVar [[r.Shadow.MaxResolution:2048]]
[2019.07.29-12.06.09:191][  0]LogConfig: Setting CVar [[r.Shadow.MaxCSMResolution:2048]]
[2019.07.29-12.06.09:191][  0]LogConfig: Setting CVar [[r.Shadow.RadiusThreshold:0.01]]
[2019.07.29-12.06.09:191][  0]LogConfig: Setting CVar [[r.Shadow.DistanceScale:1.0]]
[2019.07.29-12.06.09:191][  0]LogConfig: Setting CVar [[r.Shadow.CSM.TransitionScale:1.0]]
[2019.07.29-12.06.09:191][  0]LogConfig: Setting CVar [[r.Shadow.PreShadowResolutionFactor:1.0]]
[2019.07.29-12.06.09:191][  0]LogConfig: Setting CVar [[r.DistanceFieldShadowing:1]]
[2019.07.29-12.06.09:191][  0]LogConfig: Setting CVar [[r.DistanceFieldAO:1]]
[2019.07.29-12.06.09:191][  0]LogConfig: Setting CVar [[r.AOQuality:2]]
[2019.07.29-12.06.09:191][  0]LogConfig: Setting CVar [[r.VolumetricFog:1]]
[2019.07.29-12.06.09:191][  0]LogConfig: Setting CVar [[r.VolumetricFog.GridPixelSize:8]]
[2019.07.29-12.06.09:191][  0]LogConfig: Setting CVar [[r.VolumetricFog.GridSizeZ:128]]
[2019.07.29-12.06.09:191][  0]LogConfig: Setting CVar [[r.VolumetricFog.HistoryMissSupersampleCount:4]]
[2019.07.29-12.06.09:191][  0]LogConfig: Setting CVar [[r.LightMaxDrawDistanceScale:1]]
[2019.07.29-12.06.09:191][  0]LogConfig: Setting CVar [[r.CapsuleShadows:1]]
[2019.07.29-12.06.09:191][  0]LogConfig: Applying CVar settings from Section [PostProcessQuality@3] File [C:/Users/User/Documents/HereAfter/HereAfter/Saved/Config/Windows/Scalability.ini]
[2019.07.29-12.06.09:191][  0]LogConfig: Setting CVar [[r.MotionBlurQuality:4]]
[2019.07.29-12.06.09:191][  0]LogConfig: Setting CVar [[r.AmbientOcclusionMipLevelFactor:0.4]]
[2019.07.29-12.06.09:191][  0]LogConfig: Setting CVar [[r.AmbientOcclusionMaxQuality:100]]
[2019.07.29-12.06.09:191][  0]LogConfig: Setting CVar [[r.AmbientOcclusionLevels:-1]]
[2019.07.29-12.06.09:191][  0]LogConfig: Setting CVar [[r.AmbientOcclusionRadiusScale:1.0]]
[2019.07.29-12.06.09:191][  0]LogConfig: Setting CVar [[r.DepthOfFieldQuality:2]]
[2019.07.29-12.06.09:191][  0]LogConfig: Setting CVar [[r.RenderTargetPoolMin:400]]
[2019.07.29-12.06.09:191][  0]LogConfig: Setting CVar [[r.LensFlareQuality:2]]
[2019.07.29-12.06.09:191][  0]LogConfig: Setting CVar [[r.SceneColorFringeQuality:1]]
[2019.07.29-12.06.09:191][  0]LogConfig: Setting CVar [[r.EyeAdaptationQuality:2]]
[2019.07.29-12.06.09:191][  0]LogConfig: Setting CVar [[r.BloomQuality:5]]
[2019.07.29-12.06.09:191][  0]LogConfig: Setting CVar [[r.FastBlurThreshold:100]]
[2019.07.29-12.06.09:191][  0]LogConfig: Setting CVar [[r.Upscale.Quality:3]]
[2019.07.29-12.06.09:191][  0]LogConfig: Setting CVar [[r.Tonemapper.GrainQuantization:1]]
[2019.07.29-12.06.09:191][  0]LogConfig: Setting CVar [[r.LightShaftQuality:1]]
[2019.07.29-12.06.09:191][  0]LogConfig: Setting CVar [[r.Filter.SizeScale:1]]
[2019.07.29-12.06.09:191][  0]LogConfig: Setting CVar [[r.Tonemapper.Quality:5]]
[2019.07.29-12.06.09:191][  0]LogConfig: Setting CVar [[r.DOF.Gather.AccumulatorQuality:1        ; higher gathering accumulator quality]]
[2019.07.29-12.06.09:191][  0]LogConfig: Setting CVar [[r.DOF.Gather.PostfilterMethod:1          ; Median3x3 postfilering method]]
[2019.07.29-12.06.09:191][  0]LogConfig: Setting CVar [[r.DOF.Gather.EnableBokehSettings:0       ; no bokeh simulation when gathering]]
[2019.07.29-12.06.09:191][  0]LogConfig: Setting CVar [[r.DOF.Gather.RingCount:4                 ; medium number of samples when gathering]]
[2019.07.29-12.06.09:191][  0]LogConfig: Setting CVar [[r.DOF.Scatter.ForegroundCompositing:1    ; additive foreground scattering]]
[2019.07.29-12.06.09:191][  0]LogConfig: Setting CVar [[r.DOF.Scatter.BackgroundCompositing:2    ; additive background scattering]]
[2019.07.29-12.06.09:191][  0]LogConfig: Setting CVar [[r.DOF.Scatter.EnableBokehSettings:1      ; bokeh simulation when scattering]]
[2019.07.29-12.06.09:191][  0]LogConfig: Setting CVar [[r.DOF.Scatter.MaxSpriteRatio:0.1         ; only a maximum of 10% of scattered bokeh]]
[2019.07.29-12.06.09:191][  0]LogConfig: Setting CVar [[r.DOF.Recombine.Quality:1                ; cheap slight out of focus]]
[2019.07.29-12.06.09:191][  0]LogConfig: Setting CVar [[r.DOF.Recombine.EnableBokehSettings:0    ; no bokeh simulation on slight out of focus]]
[2019.07.29-12.06.09:191][  0]LogConfig: Setting CVar [[r.DOF.TemporalAAQuality:1                ; more stable temporal accumulation]]
[2019.07.29-12.06.09:191][  0]LogConfig: Setting CVar [[r.DOF.Kernel.MaxForegroundRadius:0.025]]
[2019.07.29-12.06.09:191][  0]LogConfig: Setting CVar [[r.DOF.Kernel.MaxBackgroundRadius:0.025]]
[2019.07.29-12.06.09:191][  0]LogConfig: Applying CVar settings from Section [TextureQuality@3] File [C:/Users/User/Documents/HereAfter/HereAfter/Saved/Config/Windows/Scalability.ini]
[2019.07.29-12.06.09:191][  0]LogConfig: Setting CVar [[r.Streaming.MipBias:0]]
[2019.07.29-12.06.09:191][  0]LogConfig: Setting CVar [[r.Streaming.AmortizeCPUToGPUCopy:0]]
[2019.07.29-12.06.09:191][  0]LogConfig: Setting CVar [[r.Streaming.MaxNumTexturesToStreamPerFrame:0]]
[2019.07.29-12.06.09:191][  0]LogConfig: Setting CVar [[r.Streaming.Boost:1]]
[2019.07.29-12.06.09:191][  0]LogConfig: Setting CVar [[r.MaxAnisotropy:8]]
[2019.07.29-12.06.09:191][  0]LogConfig: Setting CVar [[r.Streaming.LimitPoolSizeToVRAM:0]]
[2019.07.29-12.06.09:191][  0]LogConfig: Setting CVar [[r.Streaming.PoolSize:1000]]
[2019.07.29-12.06.09:191][  0]LogConfig: Setting CVar [[r.Streaming.MaxEffectiveScreenSize:0]]
[2019.07.29-12.06.09:191][  0]LogConfig: Applying CVar settings from Section [EffectsQuality@3] File [C:/Users/User/Documents/HereAfter/HereAfter/Saved/Config/Windows/Scalability.ini]
[2019.07.29-12.06.09:191][  0]LogConfig: Setting CVar [[r.TranslucencyLightingVolumeDim:64]]
[2019.07.29-12.06.09:192][  0]LogConfig: Setting CVar [[r.RefractionQuality:2]]
[2019.07.29-12.06.09:192][  0]LogConfig: Setting CVar [[r.SSR.Quality:3]]
[2019.07.29-12.06.09:192][  0]LogConfig: Setting CVar [[r.SceneColorFormat:4]]
[2019.07.29-12.06.09:192][  0]LogConfig: Setting CVar [[r.DetailMode:2]]
[2019.07.29-12.06.09:192][  0]LogConfig: Setting CVar [[r.TranslucencyVolumeBlur:1]]
[2019.07.29-12.06.09:192][  0]LogConfig: Setting CVar [[r.MaterialQualityLevel:1 ; High quality]]
[2019.07.29-12.06.09:192][  0]LogConfig: Setting CVar [[r.SSS.Scale:1]]
[2019.07.29-12.06.09:192][  0]LogConfig: Setting CVar [[r.SSS.SampleSet:2]]
[2019.07.29-12.06.09:192][  0]LogConfig: Setting CVar [[r.SSS.Quality:1]]
[2019.07.29-12.06.09:192][  0]LogConfig: Setting CVar [[r.SSS.HalfRes:1]]
[2019.07.29-12.06.09:192][  0]LogConfig: Setting CVar [[r.EmitterSpawnRateScale:1.0]]
[2019.07.29-12.06.09:192][  0]LogConfig: Setting CVar [[r.ParticleLightQuality:2]]
[2019.07.29-12.06.09:192][  0]LogConfig: Applying CVar settings from Section [FoliageQuality@3] File [C:/Users/User/Documents/HereAfter/HereAfter/Saved/Config/Windows/Scalability.ini]
[2019.07.29-12.06.09:192][  0]LogConfig: Setting CVar [[foliage.DensityScale:1.0]]
[2019.07.29-12.06.09:192][  0]LogConfig: Setting CVar [[grass.DensityScale:1.0]]
[2019.07.29-12.06.09:192][  0]LogInit: Selected Device Profile: [Windows]
[2019.07.29-12.06.09:192][  0]LogInit: Applying CVar settings loaded from the selected device profile: [Windows]
[2019.07.29-12.06.09:206][  0]LogHAL: Display: Platform has ~ 16 GB [17018228736 / 17179869184 / 16], which maps to Larger [LargestMinGB=32, LargerMinGB=12, DefaultMinGB=8, SmallerMinGB=6, SmallestMinGB=0)
[2019.07.29-12.06.09:206][  0]LogConfig: Setting CVar [[r.Vulkan.UseRealUBs:0		; Required until we fix HLR fall-out]]
[2019.07.29-12.06.09:206][  0]LogInit: Going up to parent DeviceProfile []
[2019.07.29-12.06.09:206][  0]LogConfig: Applying CVar settings from Section [ViewDistanceQuality@3] File [C:/Users/User/Documents/HereAfter/HereAfter/Saved/Config/Windows/Scalability.ini]
[2019.07.29-12.06.09:206][  0]LogConfig: Setting CVar [[r.SkeletalMeshLODBias:0]]
[2019.07.29-12.06.09:206][  0]LogConfig: Setting CVar [[r.ViewDistanceScale:1.0]]
[2019.07.29-12.06.09:206][  0]LogConfig: Applying CVar settings from Section [AntiAliasingQuality@3] File [C:/Users/User/Documents/HereAfter/HereAfter/Saved/Config/Windows/Scalability.ini]
[2019.07.29-12.06.09:206][  0]LogConfig: Setting CVar [[r.PostProcessAAQuality:4]]
[2019.07.29-12.06.09:206][  0]LogConfig: Applying CVar settings from Section [ShadowQuality@3] File [C:/Users/User/Documents/HereAfter/HereAfter/Saved/Config/Windows/Scalability.ini]
[2019.07.29-12.06.09:206][  0]LogConfig: Setting CVar [[r.LightFunctionQuality:1]]
[2019.07.29-12.06.09:206][  0]LogConfig: Setting CVar [[r.ShadowQuality:5]]
[2019.07.29-12.06.09:206][  0]LogConfig: Setting CVar [[r.Shadow.CSM.MaxCascades:10]]
[2019.07.29-12.06.09:206][  0]LogConfig: Setting CVar [[r.Shadow.MaxResolution:2048]]
[2019.07.29-12.06.09:206][  0]LogConfig: Setting CVar [[r.Shadow.MaxCSMResolution:2048]]
[2019.07.29-12.06.09:206][  0]LogConfig: Setting CVar [[r.Shadow.RadiusThreshold:0.01]]
[2019.07.29-12.06.09:206][  0]LogConfig: Setting CVar [[r.Shadow.DistanceScale:1.0]]
[2019.07.29-12.06.09:206][  0]LogConfig: Setting CVar [[r.Shadow.CSM.TransitionScale:1.0]]
[2019.07.29-12.06.09:206][  0]LogConfig: Setting CVar [[r.Shadow.PreShadowResolutionFactor:1.0]]
[2019.07.29-12.06.09:206][  0]LogConfig: Setting CVar [[r.DistanceFieldShadowing:1]]
[2019.07.29-12.06.09:206][  0]LogConfig: Setting CVar [[r.DistanceFieldAO:1]]
[2019.07.29-12.06.09:206][  0]LogConfig: Setting CVar [[r.AOQuality:2]]
[2019.07.29-12.06.09:206][  0]LogConfig: Setting CVar [[r.VolumetricFog:1]]
[2019.07.29-12.06.09:206][  0]LogConfig: Setting CVar [[r.VolumetricFog.GridPixelSize:8]]
[2019.07.29-12.06.09:206][  0]LogConfig: Setting CVar [[r.VolumetricFog.GridSizeZ:128]]
[2019.07.29-12.06.09:206][  0]LogConfig: Setting CVar [[r.VolumetricFog.HistoryMissSupersampleCount:4]]
[2019.07.29-12.06.09:206][  0]LogConfig: Setting CVar [[r.LightMaxDrawDistanceScale:1]]
[2019.07.29-12.06.09:206][  0]LogConfig: Setting CVar [[r.CapsuleShadows:1]]
[2019.07.29-12.06.09:206][  0]LogConfig: Applying CVar settings from Section [PostProcessQuality@3] File [C:/Users/User/Documents/HereAfter/HereAfter/Saved/Config/Windows/Scalability.ini]
[2019.07.29-12.06.09:206][  0]LogConfig: Setting CVar [[r.MotionBlurQuality:4]]
[2019.07.29-12.06.09:206][  0]LogConfig: Setting CVar [[r.AmbientOcclusionMipLevelFactor:0.4]]
[2019.07.29-12.06.09:206][  0]LogConfig: Setting CVar [[r.AmbientOcclusionMaxQuality:100]]
[2019.07.29-12.06.09:206][  0]LogConfig: Setting CVar [[r.AmbientOcclusionLevels:-1]]
[2019.07.29-12.06.09:206][  0]LogConfig: Setting CVar [[r.AmbientOcclusionRadiusScale:1.0]]
[2019.07.29-12.06.09:206][  0]LogConfig: Setting CVar [[r.DepthOfFieldQuality:2]]
[2019.07.29-12.06.09:206][  0]LogConfig: Setting CVar [[r.RenderTargetPoolMin:400]]
[2019.07.29-12.06.09:206][  0]LogConfig: Setting CVar [[r.LensFlareQuality:2]]
[2019.07.29-12.06.09:206][  0]LogConfig: Setting CVar [[r.SceneColorFringeQuality:1]]
[2019.07.29-12.06.09:206][  0]LogConfig: Setting CVar [[r.EyeAdaptationQuality:2]]
[2019.07.29-12.06.09:206][  0]LogConfig: Setting CVar [[r.BloomQuality:5]]
[2019.07.29-12.06.09:206][  0]LogConfig: Setting CVar [[r.FastBlurThreshold:100]]
[2019.07.29-12.06.09:206][  0]LogConfig: Setting CVar [[r.Upscale.Quality:3]]
[2019.07.29-12.06.09:206][  0]LogConfig: Setting CVar [[r.Tonemapper.GrainQuantization:1]]
[2019.07.29-12.06.09:206][  0]LogConfig: Setting CVar [[r.LightShaftQuality:1]]
[2019.07.29-12.06.09:206][  0]LogConfig: Setting CVar [[r.Filter.SizeScale:1]]
[2019.07.29-12.06.09:206][  0]LogConfig: Setting CVar [[r.Tonemapper.Quality:5]]
[2019.07.29-12.06.09:206][  0]LogConfig: Setting CVar [[r.DOF.Gather.AccumulatorQuality:1        ; higher gathering accumulator quality]]
[2019.07.29-12.06.09:206][  0]LogConfig: Setting CVar [[r.DOF.Gather.PostfilterMethod:1          ; Median3x3 postfilering method]]
[2019.07.29-12.06.09:206][  0]LogConfig: Setting CVar [[r.DOF.Gather.EnableBokehSettings:0       ; no bokeh simulation when gathering]]
[2019.07.29-12.06.09:206][  0]LogConfig: Setting CVar [[r.DOF.Gather.RingCount:4                 ; medium number of samples when gathering]]
[2019.07.29-12.06.09:206][  0]LogConfig: Setting CVar [[r.DOF.Scatter.ForegroundCompositing:1    ; additive foreground scattering]]
[2019.07.29-12.06.09:206][  0]LogConfig: Setting CVar [[r.DOF.Scatter.BackgroundCompositing:2    ; additive background scattering]]
[2019.07.29-12.06.09:206][  0]LogConfig: Setting CVar [[r.DOF.Scatter.EnableBokehSettings:1      ; bokeh simulation when scattering]]
[2019.07.29-12.06.09:206][  0]LogConfig: Setting CVar [[r.DOF.Scatter.MaxSpriteRatio:0.1         ; only a maximum of 10% of scattered bokeh]]
[2019.07.29-12.06.09:206][  0]LogConfig: Setting CVar [[r.DOF.Recombine.Quality:1                ; cheap slight out of focus]]
[2019.07.29-12.06.09:206][  0]LogConfig: Setting CVar [[r.DOF.Recombine.EnableBokehSettings:0    ; no bokeh simulation on slight out of focus]]
[2019.07.29-12.06.09:206][  0]LogConfig: Setting CVar [[r.DOF.TemporalAAQuality:1                ; more stable temporal accumulation]]
[2019.07.29-12.06.09:206][  0]LogConfig: Setting CVar [[r.DOF.Kernel.MaxForegroundRadius:0.025]]
[2019.07.29-12.06.09:206][  0]LogConfig: Setting CVar [[r.DOF.Kernel.MaxBackgroundRadius:0.025]]
[2019.07.29-12.06.09:206][  0]LogConfig: Applying CVar settings from Section [TextureQuality@3] File [C:/Users/User/Documents/HereAfter/HereAfter/Saved/Config/Windows/Scalability.ini]
[2019.07.29-12.06.09:206][  0]LogConfig: Setting CVar [[r.Streaming.MipBias:0]]
[2019.07.29-12.06.09:206][  0]LogConfig: Setting CVar [[r.Streaming.AmortizeCPUToGPUCopy:0]]
[2019.07.29-12.06.09:206][  0]LogConfig: Setting CVar [[r.Streaming.MaxNumTexturesToStreamPerFrame:0]]
[2019.07.29-12.06.09:206][  0]LogConfig: Setting CVar [[r.Streaming.Boost:1]]
[2019.07.29-12.06.09:206][  0]LogConfig: Setting CVar [[r.MaxAnisotropy:8]]
[2019.07.29-12.06.09:206][  0]LogConfig: Setting CVar [[r.Streaming.LimitPoolSizeToVRAM:0]]
[2019.07.29-12.06.09:206][  0]LogConfig: Setting CVar [[r.Streaming.PoolSize:1000]]
[2019.07.29-12.06.09:206][  0]LogConfig: Setting CVar [[r.Streaming.MaxEffectiveScreenSize:0]]
[2019.07.29-12.06.09:206][  0]LogConfig: Applying CVar settings from Section [EffectsQuality@3] File [C:/Users/User/Documents/HereAfter/HereAfter/Saved/Config/Windows/Scalability.ini]
[2019.07.29-12.06.09:206][  0]LogConfig: Setting CVar [[r.TranslucencyLightingVolumeDim:64]]
[2019.07.29-12.06.09:206][  0]LogConfig: Setting CVar [[r.RefractionQuality:2]]
[2019.07.29-12.06.09:206][  0]LogConfig: Setting CVar [[r.SSR.Quality:3]]
[2019.07.29-12.06.09:206][  0]LogConfig: Setting CVar [[r.SceneColorFormat:4]]
[2019.07.29-12.06.09:206][  0]LogConfig: Setting CVar [[r.DetailMode:2]]
[2019.07.29-12.06.09:206][  0]LogConfig: Setting CVar [[r.TranslucencyVolumeBlur:1]]
[2019.07.29-12.06.09:206][  0]LogConfig: Setting CVar [[r.MaterialQualityLevel:1 ; High quality]]
[2019.07.29-12.06.09:206][  0]LogConfig: Setting CVar [[r.SSS.Scale:1]]
[2019.07.29-12.06.09:206][  0]LogConfig: Setting CVar [[r.SSS.SampleSet:2]]
[2019.07.29-12.06.09:206][  0]LogConfig: Setting CVar [[r.SSS.Quality:1]]
[2019.07.29-12.06.09:206][  0]LogConfig: Setting CVar [[r.SSS.HalfRes:1]]
[2019.07.29-12.06.09:206][  0]LogConfig: Setting CVar [[r.EmitterSpawnRateScale:1.0]]
[2019.07.29-12.06.09:207][  0]LogConfig: Setting CVar [[r.ParticleLightQuality:2]]
[2019.07.29-12.06.09:207][  0]LogConfig: Applying CVar settings from Section [FoliageQuality@3] File [C:/Users/User/Documents/HereAfter/HereAfter/Saved/Config/Windows/Scalability.ini]
[2019.07.29-12.06.09:207][  0]LogConfig: Setting CVar [[foliage.DensityScale:1.0]]
[2019.07.29-12.06.09:207][  0]LogConfig: Setting CVar [[grass.DensityScale:1.0]]
[2019.07.29-12.06.09:207][  0]LogConfig: Applying CVar settings from Section [Startup] File [../../../Engine/Config/ConsoleVariables.ini]
[2019.07.29-12.06.09:207][  0]LogConfig: Setting CVar [[net.UseAdaptiveNetUpdateFrequency:0]]
[2019.07.29-12.06.09:207][  0]LogConfig: Setting CVar [[p.chaos.AllowCreatePhysxBodies:1]]
[2019.07.29-12.06.09:207][  0]LogConfig: Applying CVar settings from Section [ConsoleVariables] File [C:/Users/User/Documents/HereAfter/HereAfter/Saved/Config/Windows/Engine.ini]
[2019.07.29-12.06.09:207][  0]LogInit: Computer: STEVEN
[2019.07.29-12.06.09:207][  0]LogInit: User: User
[2019.07.29-12.06.09:207][  0]LogInit: CPU Page size=4096, Cores=4
[2019.07.29-12.06.09:207][  0]LogInit: High frequency timer resolution =3.897223 MHz
[2019.07.29-12.06.09:207][  0]LogMemory: Memory total: Physical=15.8GB (16GB approx)
[2019.07.29-12.06.09:207][  0]LogMemory: Platform Memory Stats for Windows
[2019.07.29-12.06.09:207][  0]LogMemory: Process Physical Memory: 98.36 MB used, 98.36 MB peak
[2019.07.29-12.06.09:207][  0]LogMemory: Process Virtual Memory: 92.99 MB used, 92.99 MB peak
[2019.07.29-12.06.09:207][  0]LogMemory: Physical Memory: 7736.38 MB used,  8493.46 MB free, 16229.85 MB total
[2019.07.29-12.06.09:207][  0]LogMemory: Virtual Memory: 4663.13 MB used,  134213064.00 MB free, 134217728.00 MB total
[2019.07.29-12.06.09:265][  0]LogInit: Using OS detected language (en-US).
[2019.07.29-12.06.09:265][  0]LogInit: Using OS detected locale (en-NZ).
[2019.07.29-12.06.09:266][  0]LogTextLocalizationManager: No specific localization for 'en-US' exists, so the 'en' localization will be used.
[2019.07.29-12.06.09:445][  0]LogInit: Setting process to per monitor DPI aware
[2019.07.29-12.06.09:484][  0]LogSlate: New Slate User Created.  User Index 0, Is Virtual User: 0
[2019.07.29-12.06.09:484][  0]LogSlate: Slate User Registered.  User Index 0, Is Virtual User: 0
[2019.07.29-12.06.09:757][  0]LogHMD: Failed to initialize OpenVR with code 100
[2019.07.29-12.06.09:757][  0]LogD3D11RHI: D3D11 adapters:
[2019.07.29-12.06.09:840][  0]LogD3D11RHI:    0. 'NVIDIA GeForce GTX 970' (Feature Level 11_0)
[2019.07.29-12.06.09:840][  0]LogD3D11RHI:       4043/0/8114 MB DedicatedVideo/DedicatedSystem/SharedSystem, Outputs:2, VendorId:0x10de
[2019.07.29-12.06.09:849][  0]LogD3D11RHI:    1. 'Intel(R) HD Graphics 4600' (Feature Level 11_0)
[2019.07.29-12.06.09:849][  0]LogD3D11RHI:       112/0/2048 MB DedicatedVideo/DedicatedSystem/SharedSystem, Outputs:0, VendorId:0x8086
[2019.07.29-12.06.09:852][  0]LogD3D11RHI:    2. 'Microsoft Basic Render Driver' (Feature Level 11_0)
[2019.07.29-12.06.09:852][  0]LogD3D11RHI:       0/0/8114 MB DedicatedVideo/DedicatedSystem/SharedSystem, Outputs:0, VendorId:0x1414
[2019.07.29-12.06.09:852][  0]LogD3D11RHI: Chosen D3D11 Adapter: 0
[2019.07.29-12.06.09:862][  0]LogD3D11RHI: Creating new Direct3DDevice
[2019.07.29-12.06.09:862][  0]LogD3D11RHI:     GPU DeviceId: 0x13c2 (for the marketing name, search the web for "GPU Device Id")
[2019.07.29-12.06.09:862][  0]LogWindows: EnumDisplayDevices:
[2019.07.29-12.06.09:862][  0]LogWindows:    0. 'NVIDIA GeForce GTX 970' (P:1 D:1)
[2019.07.29-12.06.09:863][  0]LogWindows:    1. 'NVIDIA GeForce GTX 970' (P:0 D:1)
[2019.07.29-12.06.09:864][  0]LogWindows:    2. 'NVIDIA GeForce GTX 970' (P:0 D:0)
[2019.07.29-12.06.09:865][  0]LogWindows:    3. 'NVIDIA GeForce GTX 970' (P:0 D:0)
[2019.07.29-12.06.09:866][  0]LogWindows:    4. 'Intel(R) HD Graphics 4600' (P:0 D:0)
[2019.07.29-12.06.09:867][  0]LogWindows:    5. 'Intel(R) HD Graphics 4600' (P:0 D:0)
[2019.07.29-12.06.09:868][  0]LogWindows:    6. 'Intel(R) HD Graphics 4600' (P:0 D:0)
[2019.07.29-12.06.09:869][  0]LogWindows: DebugString: PrimaryIsNotTheChoosenAdapter PrimaryIsNotTheChoosenAdapter PrimaryIsNotTheChoosenAdapter FoundDriverCount:4 
[2019.07.29-12.06.09:869][  0]LogD3D11RHI:     Adapter Name: NVIDIA GeForce GTX 970
[2019.07.29-12.06.09:869][  0]LogD3D11RHI:   Driver Version: 431.60 (internal:26.21.14.3160, unified:431.60)
[2019.07.29-12.06.09:869][  0]LogD3D11RHI:      Driver Date: 7-17-2019
[2019.07.29-12.06.09:869][  0]LogRHI: Texture pool is 2830 MB (70% of 4043 MB)
[2019.07.29-12.06.09:923][  0]LogD3D11RHI: Async texture creation enabled
[2019.07.29-12.06.09:936][  0]LogRendererCore: FGlobalReadBuffer::InitRHI
[2019.07.29-12.06.09:936][  0]LogRendererCore: FGlobalReadBuffer::InitRHI
[2019.07.29-12.06.09:936][  0]LogRendererCore: FGlobalReadBuffer::InitRHI
[2019.07.29-12.06.09:944][  0]LogD3D11RHI: GPU Timing Frequency: 1000.000000 (Debug: 2 1)
[2019.07.29-12.06.10:389][  0]LogTemp: Display: Module 'AllDesktopTargetPlatform' loaded TargetPlatform 'AllDesktop'
[2019.07.29-12.06.10:405][  0]LogTemp: Display: Module 'MacClientTargetPlatform' loaded TargetPlatform 'MacClient'
[2019.07.29-12.06.10:421][  0]LogTemp: Display: Module 'MacNoEditorTargetPlatform' loaded TargetPlatform 'MacNoEditor'
[2019.07.29-12.06.10:444][  0]LogTemp: Display: Module 'MacServerTargetPlatform' loaded TargetPlatform 'MacServer'
[2019.07.29-12.06.10:465][  0]LogTemp: Display: Module 'MacTargetPlatform' loaded TargetPlatform 'Mac'
[2019.07.29-12.06.10:482][  0]LogTemp: Display: Module 'WindowsClientTargetPlatform' loaded TargetPlatform 'WindowsClient'
[2019.07.29-12.06.10:499][  0]LogTemp: Display: Module 'WindowsNoEditorTargetPlatform' loaded TargetPlatform 'WindowsNoEditor'
[2019.07.29-12.06.10:518][  0]LogTemp: Display: Module 'WindowsServerTargetPlatform' loaded TargetPlatform 'WindowsServer'
[2019.07.29-12.06.10:528][  0]LogTemp: Display: Module 'WindowsTargetPlatform' loaded TargetPlatform 'Windows'
[2019.07.29-12.06.10:629][  0]LogTemp: Display: Module 'AndroidTargetPlatform' loaded TargetPlatform 'Android'
[2019.07.29-12.06.10:629][  0]LogTemp: Display: Module 'AndroidTargetPlatform' loaded TargetPlatform 'Android_ASTC'
[2019.07.29-12.06.10:629][  0]LogTemp: Display: Module 'AndroidTargetPlatform' loaded TargetPlatform 'Android_ATC'
[2019.07.29-12.06.10:629][  0]LogTemp: Display: Module 'AndroidTargetPlatform' loaded TargetPlatform 'Android_DXT'
[2019.07.29-12.06.10:629][  0]LogTemp: Display: Module 'AndroidTargetPlatform' loaded TargetPlatform 'Android_ETC1'
[2019.07.29-12.06.10:629][  0]LogTemp: Display: Module 'AndroidTargetPlatform' loaded TargetPlatform 'Android_ETC1a'
[2019.07.29-12.06.10:629][  0]LogTemp: Display: Module 'AndroidTargetPlatform' loaded TargetPlatform 'Android_ETC2'
[2019.07.29-12.06.10:629][  0]LogTemp: Display: Module 'AndroidTargetPlatform' loaded TargetPlatform 'Android_PVRTC'
[2019.07.29-12.06.10:629][  0]LogTemp: Display: Module 'AndroidTargetPlatform' loaded TargetPlatform 'AndroidClient'
[2019.07.29-12.06.10:629][  0]LogTemp: Display: Module 'AndroidTargetPlatform' loaded TargetPlatform 'Android_ASTCClient'
[2019.07.29-12.06.10:629][  0]LogTemp: Display: Module 'AndroidTargetPlatform' loaded TargetPlatform 'Android_ATCClient'
[2019.07.29-12.06.10:629][  0]LogTemp: Display: Module 'AndroidTargetPlatform' loaded TargetPlatform 'Android_DXTClient'
[2019.07.29-12.06.10:629][  0]LogTemp: Display: Module 'AndroidTargetPlatform' loaded TargetPlatform 'Android_ETC1Client'
[2019.07.29-12.06.10:629][  0]LogTemp: Display: Module 'AndroidTargetPlatform' loaded TargetPlatform 'Android_ETC1aClient'
[2019.07.29-12.06.10:629][  0]LogTemp: Display: Module 'AndroidTargetPlatform' loaded TargetPlatform 'Android_ETC2Client'
[2019.07.29-12.06.10:629][  0]LogTemp: Display: Module 'AndroidTargetPlatform' loaded TargetPlatform 'Android_PVRTCClient'
[2019.07.29-12.06.10:629][  0]LogTemp: Display: Module 'AndroidTargetPlatform' loaded TargetPlatform 'Android_Multi'
[2019.07.29-12.06.10:629][  0]LogTemp: Display: Module 'AndroidTargetPlatform' loaded TargetPlatform 'Android_MultiClient'
[2019.07.29-12.06.10:634][  0]LogTemp: Display: Module 'HTML5TargetPlatform' loaded TargetPlatform 'HTML5'
[2019.07.29-12.06.10:691][  0]LogTemp: Display: Module 'IOSTargetPlatform' loaded TargetPlatform 'IOSClient'
[2019.07.29-12.06.10:691][  0]LogTemp: Display: Module 'IOSTargetPlatform' loaded TargetPlatform 'IOS'
[2019.07.29-12.06.10:721][  0]LogTemp: Display: Module 'TVOSTargetPlatform' loaded TargetPlatform 'TVOSClient'
[2019.07.29-12.06.10:721][  0]LogTemp: Display: Module 'TVOSTargetPlatform' loaded TargetPlatform 'TVOS'
[2019.07.29-12.06.10:735][  0]LogTemp: Display: Module 'LinuxClientTargetPlatform' loaded TargetPlatform 'LinuxClient'
[2019.07.29-12.06.10:752][  0]LogTemp: Display: Module 'LinuxNoEditorTargetPlatform' loaded TargetPlatform 'LinuxNoEditor'
[2019.07.29-12.06.10:767][  0]LogTemp: Display: Module 'LinuxServerTargetPlatform' loaded TargetPlatform 'LinuxServer'
[2019.07.29-12.06.10:784][  0]LogTemp: Display: Module 'LinuxTargetPlatform' loaded TargetPlatform 'Linux'
[2019.07.29-12.06.10:845][  0]LogTemp: Display: Module 'LuminTargetPlatform' loaded TargetPlatform 'Lumin'
[2019.07.29-12.06.10:845][  0]LogTemp: Display: Module 'LuminTargetPlatform' loaded TargetPlatform 'LuminClient'
[2019.07.29-12.06.10:846][  0]LogTargetPlatformManager: Display: Building Assets For Windows
[2019.07.29-12.06.10:862][  0]LogAudioDebug: Display: Lib vorbis DLL was dynamically loaded.
[2019.07.29-12.06.10:965][  0]LogShaderCompilers: Guid format shader working directory is 2 characters bigger than the processId version (C:/Users/User/Documents/HereAfter/HereAfter/Intermediate/Shaders/WorkingDirectory/4432/).
[2019.07.29-12.06.10:965][  0]LogShaderCompilers: Cleaned the shader compiler working directory 'C:/Users/User/AppData/Local/Temp/UnrealShaderWorkingDir/6119AEAC4F6096749E7B28BF34B2F95D/'.
[2019.07.29-12.06.10:969][  0]LogXGEController: Cleaning working directory: C:/Users/User/AppData/Local/Temp/UnrealXGEWorkingDir/
[2019.07.29-12.06.10:970][  0]LogXGEController: Cannot use XGE Controller as Incredibuild is not installed on this machine.
[2019.07.29-12.06.10:970][  0]LogShaderCompilers: Cannot use XGE Shader Compiler as Incredibuild is not installed on this machine.
[2019.07.29-12.06.10:970][  0]LogShaderCompilers: Display: Using Local Shader Compiler.
[2019.07.29-12.06.11:557][  0]LogDerivedDataCache: Display: Max Cache Size: 512 MB
[2019.07.29-12.06.11:621][  0]LogDerivedDataCache: Loaded boot cache 0.06s 71MB C:/Users/User/AppData/Local/UnrealEngine/4.22/DerivedDataCache/Boot.ddc.
[2019.07.29-12.06.11:621][  0]LogDerivedDataCache: Display: Loaded Boot cache: C:/Users/User/AppData/Local/UnrealEngine/4.22/DerivedDataCache/Boot.ddc
[2019.07.29-12.06.11:622][  0]LogDerivedDataCache: FDerivedDataBackendGraph:  Pak pak cache file C:/Users/User/Documents/HereAfter/HereAfter/DerivedDataCache/DDC.ddp not found, will not use a pak cache.
[2019.07.29-12.06.11:622][  0]LogDerivedDataCache: Unable to find inner node Pak for hierarchical cache Hierarchy.
[2019.07.29-12.06.11:622][  0]LogDerivedDataCache: FDerivedDataBackendGraph:  CompressedPak pak cache file C:/Users/User/Documents/HereAfter/HereAfter/DerivedDataCache/Compressed.ddp not found, will not use a pak cache.
[2019.07.29-12.06.11:622][  0]LogDerivedDataCache: Unable to find inner node CompressedPak for hierarchical cache Hierarchy.
[2019.07.29-12.06.11:633][  0]LogDerivedDataCache: Display: Pak cache opened for reading ../../../Engine/DerivedDataCache/Compressed.ddp.
[2019.07.29-12.06.11:633][  0]LogDerivedDataCache: FDerivedDataBackendGraph:  EnterprisePak pak cache file ../../../Enterprise/DerivedDataCache/Compressed.ddp not found, will not use a pak cache.
[2019.07.29-12.06.11:633][  0]LogDerivedDataCache: Unable to find inner node EnterprisePak for hierarchical cache Hierarchy.
[2019.07.29-12.06.11:647][  0]LogDerivedDataCache: Using Local data cache path C:/Users/User/AppData/Local/UnrealEngine/Common/DerivedDataCache: Writable
[2019.07.29-12.06.11:647][  0]LogDerivedDataCache: Shared data cache path not found in *engine.ini, will not use an Shared cache.
[2019.07.29-12.06.11:647][  0]LogDerivedDataCache: Unable to find inner node Shared for hierarchical cache Hierarchy.
[2019.07.29-12.06.11:666][  0]LogMaterial: Verifying Global Shaders for PCD3D_SM5
[2019.07.29-12.06.11:667][  0]LogSlate: Using FreeType 2.6.0
[2019.07.29-12.06.11:668][  0]LogSlate: SlateFontServices - WITH_FREETYPE: 1, WITH_HARFBUZZ: 1
[2019.07.29-12.06.11:772][  0]LogAssetRegistry: FAssetRegistry took 0.0362 seconds to start up
[2019.07.29-12.06.12:216][  0]LogInit: Selected Device Profile: [Windows]
[2019.07.29-12.06.12:377][  0]LogMeshReduction: Using QuadricMeshReduction for automatic static mesh reduction
[2019.07.29-12.06.12:377][  0]LogMeshReduction: Using SimplygonMeshReduction for automatic skeletal mesh reduction
[2019.07.29-12.06.12:377][  0]LogMeshReduction: Using ProxyLODMeshReduction for automatic mesh merging
[2019.07.29-12.06.12:377][  0]LogMeshReduction: No distributed automatic mesh merging module available
[2019.07.29-12.06.12:377][  0]LogMeshMerging: No distributed automatic mesh merging module available
[2019.07.29-12.06.12:391][  0]LogNetVersion: HereAfter 1.0.0, NetCL: 5660361, EngineNetVer: 10, GameNetVer: 0 (Checksum: 3592820501)
[2019.07.29-12.06.12:863][  0]LogPackageLocalizationCache: Processed 10 localized package path(s) for 1 prioritized culture(s) in 0.067122 seconds
[2019.07.29-12.06.12:869][  0]LogUObjectArray: 42205 objects as part of root set at end of initial load.
[2019.07.29-12.06.12:869][  0]LogUObjectAllocator: 7325032 out of 0 bytes used by permanent object pool.
[2019.07.29-12.06.12:869][  0]LogUObjectArray: CloseDisregardForGC: 0/0 objects in disregard for GC pool
[2019.07.29-12.06.13:936][  0]LogSubstanceCoreModule: Substance [CPU] Engine Loaded, Max Texture Size = 2048
[2019.07.29-12.06.13:942][  0]LogTcpMessaging: Initializing TcpMessaging bridge
[2019.07.29-12.06.13:957][  0]LogUdpMessaging: Initializing bridge on interface 0.0.0.0:0 to multicast group 230.0.0.1:6666.
[2019.07.29-12.06.14:098][  0]SourceControl: Source control is disabled
[2019.07.29-12.06.14:098][  0]SourceControl: Source control is disabled
[2019.07.29-12.06.14:102][  0]SourceControl: Source control is disabled
[2019.07.29-12.06.14:105][  0]SourceControl: Source control is disabled
[2019.07.29-12.06.14:268][  0]LogAndroidPermission: UAndroidPermissionCallbackProxy::GetInstance
[2019.07.29-12.06.14:609][  0]LogOcInput: OculusInput pre-init called
[2019.07.29-12.06.15:552][  0]LogEngine: Initializing Engine...
[2019.07.29-12.06.15:555][  0]LogHMD: Failed to initialize OpenVR with code 100
[2019.07.29-12.06.15:556][  0]LogStats: UGameplayTagsManager::InitializeManager -  0.000 s
[2019.07.29-12.06.15:770][  0]LogInit: Initializing FReadOnlyCVARCache
[2019.07.29-12.06.15:791][  0]LogAIModule: Creating AISystem for world Untitled
[2019.07.29-12.06.15:889][  0]LogInit: XAudio2 using 'Speakers (Logitech G533 Gaming Headset)' : 6 channels at 48 kHz using 16 bits per sample (channel mask 0x3f)
[2019.07.29-12.06.15:939][  0]LogInit: FAudioDevice initialized.
[2019.07.29-12.06.15:940][  0]LogNetVersion: Set ProjectVersion to 1.0.0.0. Version Checksum will be recalculated on next use.
[2019.07.29-12.06.16:030][  0]LogDerivedDataCache: Saved boot cache 0.09s 71MB C:/Users/User/AppData/Local/UnrealEngine/4.22/DerivedDataCache/Boot.ddc.
[2019.07.29-12.06.16:044][  0]LogInit: Texture streaming: Enabled
[2019.07.29-12.06.16:073][  0]LogEngineSessionManager: EngineSessionManager initialized
[2019.07.29-12.06.16:073][  0]LogEngineSessionManager: EngineSessionManager sent abnormal shutdown report. Type=Crashed, SessionId={1A1D99D8-4C6D-6847-D5A4-98A35653090E}
[2019.07.29-12.06.16:105][  0]LogInit: Transaction tracking system initialized
[2019.07.29-12.06.16:152][  0]BlueprintLog: New page: Editor Load
[2019.07.29-12.06.16:291][  0]LocalizationService: Localization service is disabled
[2019.07.29-12.06.16:645][  0]LogFileCache: Scanning file cache for directory 'C:/Users/User/Documents/HereAfter/HereAfter/Content/' took 0.02s
[2019.07.29-12.06.16:645][  0]LogCook: Display: Max memory allowance for cook 16384mb min free memory 0mb
[2019.07.29-12.06.16:645][  0]LogCook: Display: Mobile HDR setting 1
[2019.07.29-12.06.16:901][  0]SourceControl: Source control is disabled
[2019.07.29-12.06.16:901][  0]Cmd: MAP LOAD FILE="C:/Users/User/Documents/HereAfter/HereAfter/Content/FirstPersonCPP/Maps/FirstPersonExampleMap.umap" TEMPLATE=0 SHOWPROGRESS=1 FEATURELEVEL=3
[2019.07.29-12.06.16:901][  0]LightingResults: New page: Lighting Build
[2019.07.29-12.06.16:905][  0]MapCheck: New page: Map Check
[2019.07.29-12.06.16:905][  0]LightingResults: New page: Lighting Build
[2019.07.29-12.06.16:929][  0]LogUObjectHash: Compacting FUObjectHashTables data took   2.27ms
[2019.07.29-12.06.17:066][  0]LogAIModule: Creating AISystem for world FirstPersonExampleMap
[2019.07.29-12.06.17:071][  0]LogEditorServer: Finished looking for orphan Actors (0.000 secs)
[2019.07.29-12.06.17:092][  0]LogUObjectHash: Compacting FUObjectHashTables data took   1.75ms
[2019.07.29-12.06.17:092][  0]Cmd: MAP CHECKDEP NOCLEARLOG
[2019.07.29-12.06.17:092][  0]MapCheck: Map check complete: 0 Error(s), 0 Warning(s), took 0.365ms to complete.
[2019.07.29-12.06.17:092][  0]LogFileHelpers: Loading map 'FirstPersonExampleMap' took 0.192
[2019.07.29-12.06.17:196][  0]LogSlate: Updating window title bar state: overlay mode, drag disabled, window buttons hidden, title bar hidden
[2019.07.29-12.06.17:207][  0]LogSlate: Updating window title bar state: overlay mode, drag disabled, window buttons hidden, title bar hidden
[2019.07.29-12.06.17:218][  0]LogSlate: Updating window title bar state: overlay mode, drag disabled, window buttons hidden, title bar hidden
[2019.07.29-12.06.17:226][  0]LogSlate: Updating window title bar state: overlay mode, drag disabled, window buttons hidden, title bar hidden
[2019.07.29-12.06.17:235][  0]LogCollectionManager: Loaded 0 collections in 0.002341 seconds
[2019.07.29-12.06.17:279][  0]LogFileCache: Scanning file cache for directory 'C:/Users/User/Documents/HereAfter/HereAfter/Saved/Collections/' took 0.01s
[2019.07.29-12.06.17:279][  0]LogFileCache: Scanning file cache for directory 'C:/Users/User/Documents/HereAfter/HereAfter/Content/Developers/User/Collections/' took 0.01s
[2019.07.29-12.06.17:279][  0]LogFileCache: Scanning file cache for directory 'C:/Users/User/Documents/HereAfter/HereAfter/Content/Collections/' took 0.01s
[2019.07.29-12.06.17:279][  0]LogCollectionManager: Rebuilt the GUID cache for 0 collections in 0.000001 seconds
[2019.07.29-12.06.17:286][  0]LogContentBrowser: Native class hierarchy populated in 0.0079 seconds. Added 2754 classes and 667 folders.
[2019.07.29-12.06.17:295][  0]LogContentBrowser: Native class hierarchy updated for 'WidgetCarousel' in 0.0005 seconds. Added 0 classes and 0 folders.
[2019.07.29-12.06.17:298][  0]LogPakFile: Registered encryption key '00000000000000000000000000000000': 0 pak files mounted, 0 remain pending
[2019.07.29-12.06.17:299][  0]LogPakFile: Registered encryption key '00000000000000000000000000000000': 0 pak files mounted, 0 remain pending
[2019.07.29-12.06.17:299][  0]LogPakFile: Registered encryption key '00000000000000000000000000000000': 0 pak files mounted, 0 remain pending
[2019.07.29-12.06.17:300][  0]LogPakFile: Registered encryption key '00000000000000000000000000000000': 0 pak files mounted, 0 remain pending
[2019.07.29-12.06.17:301][  0]LogPakFile: Registered encryption key '00000000000000000000000000000000': 0 pak files mounted, 0 remain pending
[2019.07.29-12.06.17:301][  0]LogPakFile: Registered encryption key '00000000000000000000000000000000': 0 pak files mounted, 0 remain pending
[2019.07.29-12.06.17:302][  0]LogPakFile: Registered encryption key '00000000000000000000000000000000': 0 pak files mounted, 0 remain pending
[2019.07.29-12.06.17:303][  0]LogPakFile: Registered encryption key '00000000000000000000000000000000': 0 pak files mounted, 0 remain pending
[2019.07.29-12.06.17:303][  0]LogPakFile: Registered encryption key '00000000000000000000000000000000': 0 pak files mounted, 0 remain pending
[2019.07.29-12.06.17:304][  0]LogPakFile: Registered encryption key '00000000000000000000000000000000': 0 pak files mounted, 0 remain pending
[2019.07.29-12.06.17:305][  0]LogPakFile: Registered encryption key '00000000000000000000000000000000': 0 pak files mounted, 0 remain pending
[2019.07.29-12.06.17:305][  0]LogPakFile: Registered encryption key '00000000000000000000000000000000': 0 pak files mounted, 0 remain pending
[2019.07.29-12.06.17:306][  0]LogPakFile: Registered encryption key '00000000000000000000000000000000': 0 pak files mounted, 0 remain pending
[2019.07.29-12.06.17:307][  0]LogPakFile: Registered encryption key '00000000000000000000000000000000': 0 pak files mounted, 0 remain pending
[2019.07.29-12.06.17:307][  0]LogPakFile: Registered encryption key '00000000000000000000000000000000': 0 pak files mounted, 0 remain pending
[2019.07.29-12.06.17:308][  0]LogPakFile: Registered encryption key '00000000000000000000000000000000': 0 pak files mounted, 0 remain pending
[2019.07.29-12.06.17:310][  0]LogPakFile: Registered encryption key '00000000000000000000000000000000': 0 pak files mounted, 0 remain pending
[2019.07.29-12.06.17:310][  0]LogPakFile: Registered encryption key '00000000000000000000000000000000': 0 pak files mounted, 0 remain pending
[2019.07.29-12.06.17:311][  0]LogPakFile: Registered encryption key '00000000000000000000000000000000': 0 pak files mounted, 0 remain pending
[2019.07.29-12.06.17:312][  0]LogPakFile: Registered encryption key '00000000000000000000000000000000': 0 pak files mounted, 0 remain pending
[2019.07.29-12.06.17:312][  0]LogPakFile: Registered encryption key '00000000000000000000000000000000': 0 pak files mounted, 0 remain pending
[2019.07.29-12.06.17:313][  0]LogPakFile: Registered encryption key '00000000000000000000000000000000': 0 pak files mounted, 0 remain pending
[2019.07.29-12.06.17:314][  0]LogPakFile: Registered encryption key '00000000000000000000000000000000': 0 pak files mounted, 0 remain pending
[2019.07.29-12.06.17:315][  0]LogPakFile: Registered encryption key '00000000000000000000000000000000': 0 pak files mounted, 0 remain pending
[2019.07.29-12.06.17:315][  0]LogPakFile: Registered encryption key '00000000000000000000000000000000': 0 pak files mounted, 0 remain pending
[2019.07.29-12.06.17:316][  0]LogPakFile: Registered encryption key '00000000000000000000000000000000': 0 pak files mounted, 0 remain pending
[2019.07.29-12.06.17:381][  0]LogContentBrowser: Native class hierarchy updated for 'AddContentDialog' in 0.0005 seconds. Added 0 classes and 0 folders.
[2019.07.29-12.06.17:390][  0]LogContentBrowser: Native class hierarchy updated for 'SceneOutliner' in 0.0005 seconds. Added 1 classes and 2 folders.
[2019.07.29-12.06.17:449][  0]LogSlate: Took 0.000315 seconds to synchronously load lazily loaded font '../../../Engine/Content/Slate/Fonts/Roboto-Regular.ttf' (155K)
[2019.07.29-12.06.17:450][  0]LogSlate: Took 0.000245 seconds to synchronously load lazily loaded font '../../../Engine/Content/Slate/Fonts/Roboto-Bold.ttf' (160K)
[2019.07.29-12.06.17:457][  0]LogSlate: Took 0.000239 seconds to synchronously load lazily loaded font '../../../Engine/Content/Editor/Slate/Fonts/FontAwesome.ttf' (139K)
[2019.07.29-12.06.17:518][  0]LogRenderer: Reallocating scene render targets to support 1192x536 Format 10 NumSamples 1 (Frame:1).
[2019.07.29-12.06.17:641][  0]LogContentBrowser: Native class hierarchy updated for 'HierarchicalLODOutliner' in 0.0005 seconds. Added 0 classes and 0 folders.
[2019.07.29-12.06.17:641][  0]LogLoad: (Engine Initialization) Total time: 11.58 seconds
[2019.07.29-12.06.17:641][  0]LogLoad: (Engine Initialization) Total Blueprint compile time: 0.00 seconds
[2019.07.29-12.06.17:691][  0]LogAssetRegistry: Asset discovery search completed in 5.9408 seconds
[2019.07.29-12.06.17:693][  0]LogCollectionManager: Rebuilt the object cache for 0 collections in 0.000000 seconds (found 0 objects)
[2019.07.29-12.06.17:693][  0]LogCollectionManager: Fixed up redirectors for 0 collections in 0.000059 seconds (updated 0 objects)
[2019.07.29-12.06.17:695][  0]LogContentStreaming: Texture pool size now 1000 MB
[2019.07.29-12.06.17:727][  0]LogSlate: Took 0.000229 seconds to synchronously load lazily loaded font '../../../Engine/Content/Slate/Fonts/Roboto-Light.ttf' (167K)
[2019.07.29-12.06.17:739][  1]LogSubstanceLiveLink: Warning: Unable to send data along socket, closing connection
[2019.07.29-12.06.22:329][ 14]LogSlate: FSceneViewport::OnFocusLost() reason 0
[2019.07.29-12.06.36:122][661]LogSlate: Took 0.000213 seconds to synchronously load lazily loaded font '../../../Engine/Content/Slate/Fonts/Roboto-Light.ttf' (167K)
[2019.07.29-12.06.36:500][661]LogAIModule: Creating AISystem for world TesPresistent
[2019.07.29-12.06.36:515][661]LogAssetEditorManager: Opening Asset editor for World /Game/Maps/TesPresistent.TesPresistent
[2019.07.29-12.06.36:541][661]LogUObjectHash: Compacting FUObjectHashTables data took   1.93ms
[2019.07.29-12.06.36:542][661]Cmd: MAP LOAD FILE="C:/Users/User/Documents/HereAfter/HereAfter/Content/Maps/TesPresistent.umap" TEMPLATE=0 SHOWPROGRESS=1 FEATURELEVEL=3
[2019.07.29-12.06.36:542][661]LightingResults: New page: Lighting Build
[2019.07.29-12.06.36:543][661]LoadErrors: New page: Loading map: TesPresistent.umap
[2019.07.29-12.06.36:544][661]MapCheck: New page: Map Check
[2019.07.29-12.06.36:544][661]LightingResults: New page: Lighting Build
[2019.07.29-12.06.36:565][661]LogUObjectHash: Compacting FUObjectHashTables data took   1.77ms
[2019.07.29-12.06.36:570][661]LogStreaming: Display: ULevelStreaming::RequestLevel(/Game/Maps/PresentLevel) is flushing async loading
[2019.07.29-12.06.36:570][661]LogStreaming: Display: Flushing async loaders.
[2019.07.29-12.06.36:587][661]LogStreaming: Display: ULevelStreaming::RequestLevel(/Game/Maps/FutureLevel) is flushing async loading
[2019.07.29-12.06.36:691][661]LogEditorServer: Finished looking for orphan Actors (0.000 secs)
[2019.07.29-12.06.36:713][661]LogUObjectHash: Compacting FUObjectHashTables data took   1.85ms
[2019.07.29-12.06.36:734][661]Cmd: MAP CHECKDEP NOCLEARLOG
[2019.07.29-12.06.36:734][661]LogEditorServer: Warning: WorldInfo_0 contains streaming level '/Game/Maps/PresentLevel' which isn't loaded.
[2019.07.29-12.06.36:735][661]MapCheck: Map check complete: 0 Error(s), 0 Warning(s), took 0.928ms to complete.
[2019.07.29-12.06.36:735][661]LogFileHelpers: Loading map 'TesPresistent' took 0.194
[2019.07.29-12.06.50:541][304]LogAssetEditorManager: Opening Asset editor for World /Game/Maps/TesPresistent.TesPresistent
[2019.07.29-12.06.50:561][304]LogUObjectHash: Compacting FUObjectHashTables data took   1.03ms
[2019.07.29-12.06.50:562][304]Cmd: MAP LOAD FILE="C:/Users/User/Documents/HereAfter/HereAfter/Content/Maps/TesPresistent.umap" TEMPLATE=0 SHOWPROGRESS=1 FEATURELEVEL=3
[2019.07.29-12.06.50:562][304]LightingResults: New page: Lighting Build
[2019.07.29-12.06.50:562][304]LoadErrors: New page: Loading map: TesPresistent.umap
[2019.07.29-12.06.50:564][304]MapCheck: New page: Map Check
[2019.07.29-12.06.50:564][304]LightingResults: New page: Lighting Build
[2019.07.29-12.06.50:585][304]LogUObjectHash: Compacting FUObjectHashTables data took   1.84ms
[2019.07.29-12.06.50:649][304]LogAIModule: Creating AISystem for world TesPresistent
[2019.07.29-12.06.50:667][304]LogStreaming: Display: ULevelStreaming::RequestLevel(/Game/Maps/PresentLevel) is flushing async loading
[2019.07.29-12.06.50:667][304]LogStreaming: Display: Flushing async loaders.
[2019.07.29-12.06.50:684][304]LogStreaming: Display: ULevelStreaming::RequestLevel(/Game/Maps/FutureLevel) is flushing async loading
[2019.07.29-12.06.50:809][304]LogEditorServer: Finished looking for orphan Actors (0.000 secs)
[2019.07.29-12.06.50:834][304]LogUObjectHash: Compacting FUObjectHashTables data took   1.78ms
[2019.07.29-12.06.50:854][304]Cmd: MAP CHECKDEP NOCLEARLOG
[2019.07.29-12.06.50:855][304]LogEditorServer: Warning: WorldInfo_0 contains streaming level '/Game/Maps/PresentLevel' which isn't loaded.
[2019.07.29-12.06.50:855][304]MapCheck: Map check complete: 0 Error(s), 0 Warning(s), took 0.938ms to complete.
[2019.07.29-12.06.50:856][304]LogFileHelpers: Loading map 'TesPresistent' took 0.295
[2019.07.29-12.06.50:903][304]LogUObjectHash: Compacting FUObjectHashTables data took   0.52ms
[2019.07.29-12.06.54:066][673]LogEditorViewport: Clicking on Actor (LMB): Interactable_BP_C (Interactable_BP4)
[2019.07.29-12.06.59:470][309]LogSlate: FSceneViewport::OnFocusLost() reason 0
[2019.07.29-12.07.02:921][708]LogAssetEditorManager: Opening Asset editor for Blueprint /Game/BP_GameManager.BP_GameManager
[2019.07.29-12.07.03:208][708]LogContentBrowser: Native class hierarchy updated for 'BlueprintGraph' in 0.0008 seconds. Added 121 classes and 0 folders.
[2019.07.29-12.07.04:043][708]LogSlate: Took 0.000413 seconds to synchronously load lazily loaded font '../../../Engine/Content/Slate/Fonts/Roboto-BoldCondensed.ttf' (158K)
[2019.07.29-12.07.04:208][709]LogSlate: Took 0.000397 seconds to synchronously load lazily loaded font '../../../Engine/Content/Slate/Fonts/Roboto-Italic.ttf' (157K)
[2019.07.29-12.07.06:265][877]LogSlate: Window 'BP_GameManager' being destroyed
[2019.07.29-12.07.23:296][843]LogAssetEditorManager: Opening Asset editor for WidgetBlueprint /Game/Menus/In-GameUI/In-GameUI.In-GameUI
[2019.07.29-12.07.23:588][843]LogBlueprintActionDatabase: Requesting refresh due to module change: SequencerWidgets (loaded)
[2019.07.29-12.07.41:941][769]BlueprintLog: New page: Compile In-GameUI
[2019.07.29-12.07.42:025][769]LogUObjectHash: Compacting FUObjectHashTables data took   5.77ms
[2019.07.29-12.07.43:295][905]LogTemp: Repeating last play command: Selected Viewport
[2019.07.29-12.07.43:310][905]LogBlueprintUserMessages: Early PlayInEditor Detection: Level '/Game/Maps/TesPresistent.TesPresistent:PersistentLevel' has LevelScriptBlueprint '/Game/Maps/TesPresistent.TesPresistent:PersistentLevel.TesPresistent' with GeneratedClass '/Game/Maps/TesPresistent.TesPresistent_C' with ClassGeneratedBy '/Game/Maps/TesPresistent.TesPresistent:PersistentLevel.TesPresistent'
[2019.07.29-12.07.43:310][905]LogBlueprintUserMessages: Early PlayInEditor Detection: Level '/Game/Maps/PresentLevel.PresentLevel:PersistentLevel' has LevelScriptBlueprint '/Game/Maps/PresentLevel.PresentLevel:PersistentLevel.PresentLevel' with GeneratedClass '/Game/Maps/PresentLevel.PresentLevel_C' with ClassGeneratedBy '/Game/Maps/PresentLevel.PresentLevel:PersistentLevel.PresentLevel'
[2019.07.29-12.07.43:310][905]LogBlueprintUserMessages: Early PlayInEditor Detection: Level '/Game/Maps/FutureLevel.FutureLevel:PersistentLevel' has LevelScriptBlueprint '/Game/Maps/FutureLevel.FutureLevel:PersistentLevel.FutureLevel' with GeneratedClass '/Game/Maps/FutureLevel.FutureLevel_C' with ClassGeneratedBy '/Game/Maps/FutureLevel.FutureLevel:PersistentLevel.FutureLevel'
[2019.07.29-12.07.43:311][905]LogPlayLevel: PlayLevel: No blueprints needed recompiling
[2019.07.29-12.07.43:311][905]PIE: New page: PIE session: TesPresistent (30/07/2019 12:07:43 pm)
[2019.07.29-12.07.43:323][905]LogPlayLevel: Creating play world package: /Game/Maps/UEDPIE_0_TesPresistent
[2019.07.29-12.07.43:337][905]LogPlayLevel: PIE: StaticDuplicateObject took: (0.013622s)
[2019.07.29-12.07.43:337][905]LogAIModule: Creating AISystem for world TesPresistent
[2019.07.29-12.07.43:337][905]LogPlayLevel: PIE: World Init took: (0.000517s)
[2019.07.29-12.07.43:337][905]LogPlayLevel: PIE: Created PIE world by copying editor world from /Game/Maps/TesPresistent.TesPresistent to /Game/Maps/UEDPIE_0_TesPresistent.TesPresistent (0.014892s)
[2019.07.29-12.07.43:383][905]LogUObjectHash: Compacting FUObjectHashTables data took   3.67ms
[2019.07.29-12.07.43:450][905]LogInit: XAudio2 using 'Speakers (Logitech G533 Gaming Headset)' : 6 channels at 48 kHz using 16 bits per sample (channel mask 0x3f)
[2019.07.29-12.07.43:488][905]LogInit: FAudioDevice initialized.
[2019.07.29-12.07.43:527][905]LogLoad: Game class is 'BP_HereAfterGameMode_C'
[2019.07.29-12.07.43:529][905]LogWorld: Bringing World /Game/Maps/UEDPIE_0_TesPresistent.TesPresistent up for play (max tick rate 0) at 2019.07.30-00.07.43
[2019.07.29-12.07.43:530][905]LogWorld: Bringing up level for play took: 0.001876
[2019.07.29-12.07.43:550][905]LogBlueprintActionDatabase: Requesting refresh due to module change: Voice (loaded)
[2019.07.29-12.07.43:555][905]LogBlueprintActionDatabase: Requesting refresh due to module change: MovieSceneCapture (loaded)
[2019.07.29-12.07.43:556][905]LogContentBrowser: Native class hierarchy updated for 'MovieSceneCapture' in 0.0005 seconds. Added 20 classes and 0 folders.
[2019.07.29-12.07.43:557][905]LogTemp: Quest Name:  BoxQuest
[2019.07.29-12.07.43:557][905]LogTemp: Quest Description:  Unearth casket
[2019.07.29-12.07.43:557][905]LogTemp: Quest Name:  DeerQuest
[2019.07.29-12.07.43:557][905]LogTemp: Quest Description:  Find doe
[2019.07.29-12.07.43:557][905]LogTemp: Quest Name:  PlantQuest
[2019.07.29-12.07.43:557][905]LogTemp: Quest Description:  Retrieve a Mandragora
[2019.07.29-12.07.43:557][905]LogTemp: Quest Name:  WaterQuest
[2019.07.29-12.07.43:557][905]LogTemp: Quest Description:  Collect a vial of well water
[2019.07.29-12.07.43:557][905]LogLevel: ActivateLevel /Game/Maps/UEDPIE_0_PresentLevel 1 1 1
[2019.07.29-12.07.43:557][905]LogLevel: ActivateLevel /Game/Maps/UEDPIE_0_FutureLevel 1 0 1
[2019.07.29-12.07.43:559][905]PIE: Play in editor start time for /Game/Maps/UEDPIE_0_TesPresistent 0.358
[2019.07.29-12.07.43:559][905]LogBlueprintUserMessages: Late PlayInEditor Detection: Level '/Game/Maps/TesPresistent.TesPresistent:PersistentLevel' has LevelScriptBlueprint '/Game/Maps/TesPresistent.TesPresistent:PersistentLevel.TesPresistent' with GeneratedClass '/Game/Maps/TesPresistent.TesPresistent_C' with ClassGeneratedBy '/Game/Maps/TesPresistent.TesPresistent:PersistentLevel.TesPresistent'
[2019.07.29-12.07.43:559][905]LogBlueprintUserMessages: Late PlayInEditor Detection: Level '/Game/Maps/PresentLevel.PresentLevel:PersistentLevel' has LevelScriptBlueprint '/Game/Maps/PresentLevel.PresentLevel:PersistentLevel.PresentLevel' with GeneratedClass '/Game/Maps/PresentLevel.PresentLevel_C' with ClassGeneratedBy '/Game/Maps/PresentLevel.PresentLevel:PersistentLevel.PresentLevel'
[2019.07.29-12.07.43:559][905]LogBlueprintUserMessages: Late PlayInEditor Detection: Level '/Game/Maps/FutureLevel.FutureLevel:PersistentLevel' has LevelScriptBlueprint '/Game/Maps/FutureLevel.FutureLevel:PersistentLevel.FutureLevel' with GeneratedClass '/Game/Maps/FutureLevel.FutureLevel_C' with ClassGeneratedBy '/Game/Maps/FutureLevel.FutureLevel:PersistentLevel.FutureLevel'
[2019.07.29-12.07.45:841][142]LogBlueprintUserMessages: [BP_GameManager_2] Dig Plant
[2019.07.29-12.07.46:502][221]LogScript: Warning: Accessed None trying to read property K2Node_DynamicCast_AsBP_Game_Manager3
	In-GameUI_C /Engine/Transient.UnrealEdEngine_0:GameInstance_0.In-GameUI_C_0
	Function /Game/Menus/In-GameUI/In-GameUI.In-GameUI_C:ExecuteUbergraph_In-GameUI:0074
[2019.07.29-12.07.46:502][221]LogScript: Warning: Accessed None
	In-GameUI_C /Engine/Transient.UnrealEdEngine_0:GameInstance_0.In-GameUI_C_0
	Function /Game/Menus/In-GameUI/In-GameUI.In-GameUI_C:ExecuteUbergraph_In-GameUI:0089
[2019.07.29-12.07.46:502][221]LogScript: Warning: Accessed None trying to read property K2Node_DynamicCast_AsBP_Game_Manager4
	In-GameUI_C /Engine/Transient.UnrealEdEngine_0:GameInstance_0.In-GameUI_C_0
	Function /Game/Menus/In-GameUI/In-GameUI.In-GameUI_C:ExecuteUbergraph_In-GameUI:00AA
[2019.07.29-12.07.46:502][221]LogScript: Warning: Accessed None
	In-GameUI_C /Engine/Transient.UnrealEdEngine_0:GameInstance_0.In-GameUI_C_0
	Function /Game/Menus/In-GameUI/In-GameUI.In-GameUI_C:ExecuteUbergraph_In-GameUI:00BF
[2019.07.29-12.07.46:502][221]LogScript: Warning: Accessed None trying to read property K2Node_DynamicCast_AsBP_Game_Manager
	In-GameUI_C /Engine/Transient.UnrealEdEngine_0:GameInstance_0.In-GameUI_C_0
	Function /Game/Menus/In-GameUI/In-GameUI.In-GameUI_C:ExecuteUbergraph_In-GameUI:00E0
[2019.07.29-12.07.46:502][221]LogScript: Warning: Accessed None
	In-GameUI_C /Engine/Transient.UnrealEdEngine_0:GameInstance_0.In-GameUI_C_0
	Function /Game/Menus/In-GameUI/In-GameUI.In-GameUI_C:ExecuteUbergraph_In-GameUI:00F5
[2019.07.29-12.07.48:300][437]LogBlueprintUserMessages: [BP_GameManager_2] Kill Deer
[2019.07.29-12.07.48:611][473]LogScript: Warning: Accessed None trying to read property K2Node_DynamicCast_AsBP_Game_Manager3
	In-GameUI_C /Engine/Transient.UnrealEdEngine_0:GameInstance_0.In-GameUI_C_0
	Function /Game/Menus/In-GameUI/In-GameUI.In-GameUI_C:ExecuteUbergraph_In-GameUI:0074
[2019.07.29-12.07.48:611][473]LogScript: Warning: Accessed None
	In-GameUI_C /Engine/Transient.UnrealEdEngine_0:GameInstance_0.In-GameUI_C_0
	Function /Game/Menus/In-GameUI/In-GameUI.In-GameUI_C:ExecuteUbergraph_In-GameUI:0089
[2019.07.29-12.07.48:611][473]LogScript: Warning: Accessed None trying to read property K2Node_DynamicCast_AsBP_Game_Manager4
	In-GameUI_C /Engine/Transient.UnrealEdEngine_0:GameInstance_0.In-GameUI_C_0
	Function /Game/Menus/In-GameUI/In-GameUI.In-GameUI_C:ExecuteUbergraph_In-GameUI:00AA
[2019.07.29-12.07.48:611][473]LogScript: Warning: Accessed None
	In-GameUI_C /Engine/Transient.UnrealEdEngine_0:GameInstance_0.In-GameUI_C_0
	Function /Game/Menus/In-GameUI/In-GameUI.In-GameUI_C:ExecuteUbergraph_In-GameUI:00BF
[2019.07.29-12.07.48:611][473]LogScript: Warning: Accessed None trying to read property K2Node_DynamicCast_AsBP_Game_Manager
	In-GameUI_C /Engine/Transient.UnrealEdEngine_0:GameInstance_0.In-GameUI_C_0
	Function /Game/Menus/In-GameUI/In-GameUI.In-GameUI_C:ExecuteUbergraph_In-GameUI:00E0
[2019.07.29-12.07.48:611][473]LogScript: Warning: Accessed None
	In-GameUI_C /Engine/Transient.UnrealEdEngine_0:GameInstance_0.In-GameUI_C_0
	Function /Game/Menus/In-GameUI/In-GameUI.In-GameUI_C:ExecuteUbergraph_In-GameUI:00F5
[2019.07.29-12.07.50:398][685]LogBlueprintUserMessages: [BP_GameManager_2] Picking up Rope
[2019.07.29-12.07.51:402][805]LogBlueprintUserMessages: Early EndPlayMap Detection: Level '/Game/Maps/TesPresistent.TesPresistent:PersistentLevel' has LevelScriptBlueprint '/Game/Maps/TesPresistent.TesPresistent:PersistentLevel.TesPresistent' with GeneratedClass '/Game/Maps/TesPresistent.TesPresistent_C' with ClassGeneratedBy '/Game/Maps/TesPresistent.TesPresistent:PersistentLevel.TesPresistent'
[2019.07.29-12.07.51:402][805]LogBlueprintUserMessages: Early EndPlayMap Detection: Level '/Game/Maps/PresentLevel.PresentLevel:PersistentLevel' has LevelScriptBlueprint '/Game/Maps/PresentLevel.PresentLevel:PersistentLevel.PresentLevel' with GeneratedClass '/Game/Maps/PresentLevel.PresentLevel_C' with ClassGeneratedBy '/Game/Maps/PresentLevel.PresentLevel:PersistentLevel.PresentLevel'
[2019.07.29-12.07.51:402][805]LogBlueprintUserMessages: Early EndPlayMap Detection: Level '/Game/Maps/FutureLevel.FutureLevel:PersistentLevel' has LevelScriptBlueprint '/Game/Maps/FutureLevel.FutureLevel:PersistentLevel.FutureLevel' with GeneratedClass '/Game/Maps/FutureLevel.FutureLevel_C' with ClassGeneratedBy '/Game/Maps/FutureLevel.FutureLevel:PersistentLevel.FutureLevel'
[2019.07.29-12.07.51:403][805]LogSlate: Updating window title bar state: overlay mode, drag disabled, window buttons hidden, title bar hidden
[2019.07.29-12.07.51:440][805]LogPlayLevel: Display: Shutting down PIE online subsystems
[2019.07.29-12.07.51:440][805]LogBlueprintUserMessages: Late EndPlayMap Detection: Level '/Game/Maps/TesPresistent.TesPresistent:PersistentLevel' has LevelScriptBlueprint '/Game/Maps/TesPresistent.TesPresistent:PersistentLevel.TesPresistent' with GeneratedClass '/Game/Maps/TesPresistent.TesPresistent_C' with ClassGeneratedBy '/Game/Maps/TesPresistent.TesPresistent:PersistentLevel.TesPresistent'
[2019.07.29-12.07.51:440][805]LogBlueprintUserMessages: Late EndPlayMap Detection: Level '/Game/Maps/PresentLevel.PresentLevel:PersistentLevel' has LevelScriptBlueprint '/Game/Maps/PresentLevel.PresentLevel:PersistentLevel.PresentLevel' with GeneratedClass '/Game/Maps/PresentLevel.PresentLevel_C' with ClassGeneratedBy '/Game/Maps/PresentLevel.PresentLevel:PersistentLevel.PresentLevel'
[2019.07.29-12.07.51:440][805]LogBlueprintUserMessages: Late EndPlayMap Detection: Level '/Game/Maps/FutureLevel.FutureLevel:PersistentLevel' has LevelScriptBlueprint '/Game/Maps/FutureLevel.FutureLevel:PersistentLevel.FutureLevel' with GeneratedClass '/Game/Maps/FutureLevel.FutureLevel_C' with ClassGeneratedBy '/Game/Maps/FutureLevel.FutureLevel:PersistentLevel.FutureLevel'
[2019.07.29-12.07.51:480][805]LogSlate: Updating window title bar state: overlay mode, drag disabled, window buttons hidden, title bar hidden
[2019.07.29-12.07.51:537][805]LogUObjectHash: Compacting FUObjectHashTables data took   4.96ms
[2019.07.29-12.07.51:557][806]LogPlayLevel: Display: Destroying online subsystem :Context_5
[2019.07.29-12.07.51:619][806]LogUObjectHash: Compacting FUObjectHashTables data took   2.84ms
[2019.07.29-12.07.52:595][922]LogSlate: FSceneViewport::OnFocusLost() reason 0
[2019.07.29-12.07.52:687][933]LogTemp: Repeating last play command: Selected Viewport
[2019.07.29-12.07.52:702][933]LogBlueprintUserMessages: Early PlayInEditor Detection: Level '/Game/Maps/TesPresistent.TesPresistent:PersistentLevel' has LevelScriptBlueprint '/Game/Maps/TesPresistent.TesPresistent:PersistentLevel.TesPresistent' with GeneratedClass '/Game/Maps/TesPresistent.TesPresistent_C' with ClassGeneratedBy '/Game/Maps/TesPresistent.TesPresistent:PersistentLevel.TesPresistent'
[2019.07.29-12.07.52:702][933]LogBlueprintUserMessages: Early PlayInEditor Detection: Level '/Game/Maps/PresentLevel.PresentLevel:PersistentLevel' has LevelScriptBlueprint '/Game/Maps/PresentLevel.PresentLevel:PersistentLevel.PresentLevel' with GeneratedClass '/Game/Maps/PresentLevel.PresentLevel_C' with ClassGeneratedBy '/Game/Maps/PresentLevel.PresentLevel:PersistentLevel.PresentLevel'
[2019.07.29-12.07.52:702][933]LogBlueprintUserMessages: Early PlayInEditor Detection: Level '/Game/Maps/FutureLevel.FutureLevel:PersistentLevel' has LevelScriptBlueprint '/Game/Maps/FutureLevel.FutureLevel:PersistentLevel.FutureLevel' with GeneratedClass '/Game/Maps/FutureLevel.FutureLevel_C' with ClassGeneratedBy '/Game/Maps/FutureLevel.FutureLevel:PersistentLevel.FutureLevel'
[2019.07.29-12.07.52:702][933]LogPlayLevel: PlayLevel: No blueprints needed recompiling
[2019.07.29-12.07.52:702][933]PIE: New page: PIE session: TesPresistent (30/07/2019 12:07:52 pm)
[2019.07.29-12.07.52:702][933]LogPlayLevel: Creating play world package: /Game/Maps/UEDPIE_0_TesPresistent
[2019.07.29-12.07.52:726][933]LogPlayLevel: PIE: StaticDuplicateObject took: (0.022371s)
[2019.07.29-12.07.52:727][933]LogAIModule: Creating AISystem for world TesPresistent
[2019.07.29-12.07.52:727][933]LogPlayLevel: PIE: World Init took: (0.001268s)
[2019.07.29-12.07.52:727][933]LogPlayLevel: PIE: Created PIE world by copying editor world from /Game/Maps/TesPresistent.TesPresistent to /Game/Maps/UEDPIE_0_TesPresistent.TesPresistent (0.024447s)
[2019.07.29-12.07.52:770][933]LogUObjectHash: Compacting FUObjectHashTables data took   3.92ms
[2019.07.29-12.07.52:845][933]LogInit: XAudio2 using 'Speakers (Logitech G533 Gaming Headset)' : 6 channels at 48 kHz using 16 bits per sample (channel mask 0x3f)
[2019.07.29-12.07.52:888][933]LogInit: FAudioDevice initialized.
[2019.07.29-12.07.52:914][933]LogLoad: Game class is 'BP_HereAfterGameMode_C'
[2019.07.29-12.07.52:916][933]LogWorld: Bringing World /Game/Maps/UEDPIE_0_TesPresistent.TesPresistent up for play (max tick rate 0) at 2019.07.30-00.07.52
[2019.07.29-12.07.52:917][933]LogWorld: Bringing up level for play took: 0.002158
[2019.07.29-12.07.52:930][933]LogTemp: Quest Name:  BoxQuest
[2019.07.29-12.07.52:930][933]LogTemp: Quest Description:  Unearth casket
[2019.07.29-12.07.52:930][933]LogTemp: Quest Name:  DeerQuest
[2019.07.29-12.07.52:930][933]LogTemp: Quest Description:  Find doe
[2019.07.29-12.07.52:930][933]LogTemp: Quest Name:  PlantQuest
[2019.07.29-12.07.52:930][933]LogTemp: Quest Description:  Retrieve a Mandragora
[2019.07.29-12.07.52:930][933]LogTemp: Quest Name:  WaterQuest
[2019.07.29-12.07.52:930][933]LogTemp: Quest Description:  Collect a vial of well water
[2019.07.29-12.07.52:930][933]LogLevel: ActivateLevel /Game/Maps/UEDPIE_0_PresentLevel 1 1 1
[2019.07.29-12.07.52:930][933]LogLevel: ActivateLevel /Game/Maps/UEDPIE_0_FutureLevel 1 0 1
[2019.07.29-12.07.52:931][933]PIE: Play in editor start time for /Game/Maps/UEDPIE_0_TesPresistent -0.269
[2019.07.29-12.07.52:932][933]LogBlueprintUserMessages: Late PlayInEditor Detection: Level '/Game/Maps/TesPresistent.TesPresistent:PersistentLevel' has LevelScriptBlueprint '/Game/Maps/TesPresistent.TesPresistent:PersistentLevel.TesPresistent' with GeneratedClass '/Game/Maps/TesPresistent.TesPresistent_C' with ClassGeneratedBy '/Game/Maps/TesPresistent.TesPresistent:PersistentLevel.TesPresistent'
[2019.07.29-12.07.52:932][933]LogBlueprintUserMessages: Late PlayInEditor Detection: Level '/Game/Maps/PresentLevel.PresentLevel:PersistentLevel' has LevelScriptBlueprint '/Game/Maps/PresentLevel.PresentLevel:PersistentLevel.PresentLevel' with GeneratedClass '/Game/Maps/PresentLevel.PresentLevel_C' with ClassGeneratedBy '/Game/Maps/PresentLevel.PresentLevel:PersistentLevel.PresentLevel'
[2019.07.29-12.07.52:932][933]LogBlueprintUserMessages: Late PlayInEditor Detection: Level '/Game/Maps/FutureLevel.FutureLevel:PersistentLevel' has LevelScriptBlueprint '/Game/Maps/FutureLevel.FutureLevel:PersistentLevel.FutureLevel' with GeneratedClass '/Game/Maps/FutureLevel.FutureLevel_C' with ClassGeneratedBy '/Game/Maps/FutureLevel.FutureLevel:PersistentLevel.FutureLevel'
[2019.07.29-12.07.55:045][183]LogBlueprintUserMessages: [BP_GameManager_2] Picking up Rope
[2019.07.29-12.07.57:187][440]LogBlueprintUserMessages: [BP_GameManager_2] Attaching Rope
[2019.07.29-12.07.57:856][520]LogScript: Warning: Accessed None trying to read property K2Node_DynamicCast_AsBP_Game_Manager2
	In-GameUI_C /Engine/Transient.UnrealEdEngine_0:GameInstance_1.In-GameUI_C_0
	Function /Game/Menus/In-GameUI/In-GameUI.In-GameUI_C:ExecuteUbergraph_In-GameUI:003E
[2019.07.29-12.07.57:856][520]LogScript: Warning: Accessed None
	In-GameUI_C /Engine/Transient.UnrealEdEngine_0:GameInstance_1.In-GameUI_C_0
	Function /Game/Menus/In-GameUI/In-GameUI.In-GameUI_C:ExecuteUbergraph_In-GameUI:0053
[2019.07.29-12.07.57:856][520]LogScript: Warning: Accessed None trying to read property K2Node_DynamicCast_AsBP_Game_Manager3
	In-GameUI_C /Engine/Transient.UnrealEdEngine_0:GameInstance_1.In-GameUI_C_0
	Function /Game/Menus/In-GameUI/In-GameUI.In-GameUI_C:ExecuteUbergraph_In-GameUI:0074
[2019.07.29-12.07.57:857][520]LogScript: Warning: Accessed None
	In-GameUI_C /Engine/Transient.UnrealEdEngine_0:GameInstance_1.In-GameUI_C_0
	Function /Game/Menus/In-GameUI/In-GameUI.In-GameUI_C:ExecuteUbergraph_In-GameUI:0089
[2019.07.29-12.07.57:857][520]LogScript: Warning: Accessed None trying to read property K2Node_DynamicCast_AsBP_Game_Manager4
	In-GameUI_C /Engine/Transient.UnrealEdEngine_0:GameInstance_1.In-GameUI_C_0
	Function /Game/Menus/In-GameUI/In-GameUI.In-GameUI_C:ExecuteUbergraph_In-GameUI:00AA
[2019.07.29-12.08.00:369][821]LogBlueprintUserMessages: [BP_GameManager_2] Dig Plant
[2019.07.29-12.08.06:321][535]LogBlueprintUserMessages: [BP_GameManager_2] Open Casket
[2019.07.29-12.08.08:046][742]LogBlueprintUserMessages: Early EndPlayMap Detection: Level '/Game/Maps/TesPresistent.TesPresistent:PersistentLevel' has LevelScriptBlueprint '/Game/Maps/TesPresistent.TesPresistent:PersistentLevel.TesPresistent' with GeneratedClass '/Game/Maps/TesPresistent.TesPresistent_C' with ClassGeneratedBy '/Game/Maps/TesPresistent.TesPresistent:PersistentLevel.TesPresistent'
[2019.07.29-12.08.08:046][742]LogBlueprintUserMessages: Early EndPlayMap Detection: Level '/Game/Maps/PresentLevel.PresentLevel:PersistentLevel' has LevelScriptBlueprint '/Game/Maps/PresentLevel.PresentLevel:PersistentLevel.PresentLevel' with GeneratedClass '/Game/Maps/PresentLevel.PresentLevel_C' with ClassGeneratedBy '/Game/Maps/PresentLevel.PresentLevel:PersistentLevel.PresentLevel'
[2019.07.29-12.08.08:047][742]LogBlueprintUserMessages: Early EndPlayMap Detection: Level '/Game/Maps/FutureLevel.FutureLevel:PersistentLevel' has LevelScriptBlueprint '/Game/Maps/FutureLevel.FutureLevel:PersistentLevel.FutureLevel' with GeneratedClass '/Game/Maps/FutureLevel.FutureLevel_C' with ClassGeneratedBy '/Game/Maps/FutureLevel.FutureLevel:PersistentLevel.FutureLevel'
[2019.07.29-12.08.08:047][742]LogSlate: Updating window title bar state: overlay mode, drag disabled, window buttons hidden, title bar hidden
[2019.07.29-12.08.08:081][742]LogPlayLevel: Display: Shutting down PIE online subsystems
[2019.07.29-12.08.08:081][742]LogBlueprintUserMessages: Late EndPlayMap Detection: Level '/Game/Maps/TesPresistent.TesPresistent:PersistentLevel' has LevelScriptBlueprint '/Game/Maps/TesPresistent.TesPresistent:PersistentLevel.TesPresistent' with GeneratedClass '/Game/Maps/TesPresistent.TesPresistent_C' with ClassGeneratedBy '/Game/Maps/TesPresistent.TesPresistent:PersistentLevel.TesPresistent'
[2019.07.29-12.08.08:081][742]LogBlueprintUserMessages: Late EndPlayMap Detection: Level '/Game/Maps/PresentLevel.PresentLevel:PersistentLevel' has LevelScriptBlueprint '/Game/Maps/PresentLevel.PresentLevel:PersistentLevel.PresentLevel' with GeneratedClass '/Game/Maps/PresentLevel.PresentLevel_C' with ClassGeneratedBy '/Game/Maps/PresentLevel.PresentLevel:PersistentLevel.PresentLevel'
[2019.07.29-12.08.08:081][742]LogBlueprintUserMessages: Late EndPlayMap Detection: Level '/Game/Maps/FutureLevel.FutureLevel:PersistentLevel' has LevelScriptBlueprint '/Game/Maps/FutureLevel.FutureLevel:PersistentLevel.FutureLevel' with GeneratedClass '/Game/Maps/FutureLevel.FutureLevel_C' with ClassGeneratedBy '/Game/Maps/FutureLevel.FutureLevel:PersistentLevel.FutureLevel'
[2019.07.29-12.08.08:115][742]LogSlate: Updating window title bar state: overlay mode, drag disabled, window buttons hidden, title bar hidden
[2019.07.29-12.08.08:121][742]LogUObjectHash: Compacting FUObjectHashTables data took   2.95ms
[2019.07.29-12.08.08:173][743]LogUObjectHash: Compacting FUObjectHashTables data took   0.70ms
[2019.07.29-12.08.08:181][744]LogPlayLevel: Display: Destroying online subsystem :Context_6
[2019.07.29-12.08.09:777][933]LogSlate: FSceneViewport::OnFocusLost() reason 0
[2019.07.29-12.08.09:877][945]LogTemp: Repeating last play command: Selected Viewport
[2019.07.29-12.08.09:889][945]LogBlueprintUserMessages: Early PlayInEditor Detection: Level '/Game/Maps/TesPresistent.TesPresistent:PersistentLevel' has LevelScriptBlueprint '/Game/Maps/TesPresistent.TesPresistent:PersistentLevel.TesPresistent' with GeneratedClass '/Game/Maps/TesPresistent.TesPresistent_C' with ClassGeneratedBy '/Game/Maps/TesPresistent.TesPresistent:PersistentLevel.TesPresistent'
[2019.07.29-12.08.09:889][945]LogBlueprintUserMessages: Early PlayInEditor Detection: Level '/Game/Maps/PresentLevel.PresentLevel:PersistentLevel' has LevelScriptBlueprint '/Game/Maps/PresentLevel.PresentLevel:PersistentLevel.PresentLevel' with GeneratedClass '/Game/Maps/PresentLevel.PresentLevel_C' with ClassGeneratedBy '/Game/Maps/PresentLevel.PresentLevel:PersistentLevel.PresentLevel'
[2019.07.29-12.08.09:889][945]LogBlueprintUserMessages: Early PlayInEditor Detection: Level '/Game/Maps/FutureLevel.FutureLevel:PersistentLevel' has LevelScriptBlueprint '/Game/Maps/FutureLevel.FutureLevel:PersistentLevel.FutureLevel' with GeneratedClass '/Game/Maps/FutureLevel.FutureLevel_C' with ClassGeneratedBy '/Game/Maps/FutureLevel.FutureLevel:PersistentLevel.FutureLevel'
[2019.07.29-12.08.09:889][945]LogPlayLevel: PlayLevel: No blueprints needed recompiling
[2019.07.29-12.08.09:889][945]PIE: New page: PIE session: TesPresistent (30/07/2019 12:08:09 pm)
[2019.07.29-12.08.09:890][945]LogPlayLevel: Creating play world package: /Game/Maps/UEDPIE_0_TesPresistent
[2019.07.29-12.08.09:903][945]LogPlayLevel: PIE: StaticDuplicateObject took: (0.013579s)
[2019.07.29-12.08.09:904][945]LogAIModule: Creating AISystem for world TesPresistent
[2019.07.29-12.08.09:904][945]LogPlayLevel: PIE: World Init took: (0.000666s)
[2019.07.29-12.08.09:904][945]LogPlayLevel: PIE: Created PIE world by copying editor world from /Game/Maps/TesPresistent.TesPresistent to /Game/Maps/UEDPIE_0_TesPresistent.TesPresistent (0.014473s)
[2019.07.29-12.08.09:943][945]LogUObjectHash: Compacting FUObjectHashTables data took   2.03ms
[2019.07.29-12.08.10:010][945]LogInit: XAudio2 using 'Speakers (Logitech G533 Gaming Headset)' : 6 channels at 48 kHz using 16 bits per sample (channel mask 0x3f)
[2019.07.29-12.08.10:051][945]LogInit: FAudioDevice initialized.
[2019.07.29-12.08.10:081][945]LogLoad: Game class is 'BP_HereAfterGameMode_C'
[2019.07.29-12.08.10:082][945]LogWorld: Bringing World /Game/Maps/UEDPIE_0_TesPresistent.TesPresistent up for play (max tick rate 0) at 2019.07.30-00.08.10
[2019.07.29-12.08.10:083][945]LogWorld: Bringing up level for play took: 0.001267
[2019.07.29-12.08.10:095][945]LogTemp: Quest Name:  BoxQuest
[2019.07.29-12.08.10:095][945]LogTemp: Quest Description:  Unearth casket
[2019.07.29-12.08.10:095][945]LogTemp: Quest Name:  DeerQuest
[2019.07.29-12.08.10:095][945]LogTemp: Quest Description:  Find doe
[2019.07.29-12.08.10:095][945]LogTemp: Quest Name:  PlantQuest
[2019.07.29-12.08.10:095][945]LogTemp: Quest Description:  Retrieve a Mandragora
[2019.07.29-12.08.10:095][945]LogTemp: Quest Name:  WaterQuest
[2019.07.29-12.08.10:095][945]LogTemp: Quest Description:  Collect a vial of well water
[2019.07.29-12.08.10:095][945]LogLevel: ActivateLevel /Game/Maps/UEDPIE_0_PresentLevel 1 1 1
[2019.07.29-12.08.10:095][945]LogLevel: ActivateLevel /Game/Maps/UEDPIE_0_FutureLevel 1 0 1
[2019.07.29-12.08.10:096][945]PIE: Play in editor start time for /Game/Maps/UEDPIE_0_TesPresistent 0.896
[2019.07.29-12.08.10:096][945]LogBlueprintUserMessages: Late PlayInEditor Detection: Level '/Game/Maps/TesPresistent.TesPresistent:PersistentLevel' has LevelScriptBlueprint '/Game/Maps/TesPresistent.TesPresistent:PersistentLevel.TesPresistent' with GeneratedClass '/Game/Maps/TesPresistent.TesPresistent_C' with ClassGeneratedBy '/Game/Maps/TesPresistent.TesPresistent:PersistentLevel.TesPresistent'
[2019.07.29-12.08.10:096][945]LogBlueprintUserMessages: Late PlayInEditor Detection: Level '/Game/Maps/PresentLevel.PresentLevel:PersistentLevel' has LevelScriptBlueprint '/Game/Maps/PresentLevel.PresentLevel:PersistentLevel.PresentLevel' with GeneratedClass '/Game/Maps/PresentLevel.PresentLevel_C' with ClassGeneratedBy '/Game/Maps/PresentLevel.PresentLevel:PersistentLevel.PresentLevel'
[2019.07.29-12.08.10:096][945]LogBlueprintUserMessages: Late PlayInEditor Detection: Level '/Game/Maps/FutureLevel.FutureLevel:PersistentLevel' has LevelScriptBlueprint '/Game/Maps/FutureLevel.FutureLevel:PersistentLevel.FutureLevel' with GeneratedClass '/Game/Maps/FutureLevel.FutureLevel_C' with ClassGeneratedBy '/Game/Maps/FutureLevel.FutureLevel:PersistentLevel.FutureLevel'
[2019.07.29-12.08.13:253][320]LogBlueprintUserMessages: [BP_GameManager_2] Open Casket
[2019.07.29-12.08.14:970][526]LogBlueprintUserMessages: [BP_GameManager_2] Kill Deer
[2019.07.29-12.08.17:229][797]LogBlueprintUserMessages: [BP_GameManager_2] Dig Plant
[2019.07.29-12.08.17:491][828]LogOutputDevice: Warning: 

Script Stack (2 frames):
In-GameUI_C.ExecuteUbergraph_In-GameUI
In-GameUI_C.Tick

[2019.07.29-12.08.17:492][828]LogWindows: Windows GetLastError: The operation completed successfully. (0)
[2019.07.29-12.08.20:007][828]LogWindows: Error: === Critical error: ===
[2019.07.29-12.08.20:007][828]LogWindows: Error: 
[2019.07.29-12.08.20:007][828]LogWindows: Error: Assertion failed: (Index >= 0) & (Index < ArrayNum) [File:D:\ShitGame\UE_4.22\Engine\Source\Runtime\Core\Public\Containers/Array.h] [Line: 611] 
[2019.07.29-12.08.20:007][828]LogWindows: Error: Array index out of bounds: 4 from an array of size 4
[2019.07.29-12.08.20:007][828]LogWindows: Error: 
[2019.07.29-12.08.20:007][828]LogWindows: Error: 
[2019.07.29-12.08.20:007][828]LogWindows: Error: [Callstack] 0x00007fff1fb5a388 KERNELBASE.dll!UnknownFunction []
[2019.07.29-12.08.20:007][828]LogWindows: Error: [Callstack] 0x00007ffec83f1f37 UE4Editor-Core.dll!UnknownFunction []
[2019.07.29-12.08.20:007][828]LogWindows: Error: [Callstack] 0x00007ffec83f46e7 UE4Editor-Core.dll!UnknownFunction []
[2019.07.29-12.08.20:007][828]LogWindows: Error: [Callstack] 0x00007ffec8207d1a UE4Editor-Core.dll!UnknownFunction []
[2019.07.29-12.08.20:007][828]LogWindows: Error: [Callstack] 0x00007ffec818fe33 UE4Editor-Core.dll!UnknownFunction []
[2019.07.29-12.08.20:007][828]LogWindows: Error: [Callstack] 0x00007ffec81904d0 UE4Editor-Core.dll!UnknownFunction []
[2019.07.29-12.08.20:007][828]LogWindows: Error: [Callstack] 0x00007ffea780f6f8 UE4Editor-HereAfter-4182.dll!DispatchCheckVerify<void,<lambda_90ce77bcafe657ce8458b1ddf554c9c7> >() [D:\ShitGame\UE_4.22\Engine\Source\Runtime\Core\Public\Misc\AssertionMacros.h:162]
[2019.07.29-12.08.20:007][828]LogWindows: Error: [Callstack] 0x00007ffea78086b5 UE4Editor-HereAfter-4182.dll!AQuestManager::SetCurrentQuest() [C:\Users\User\Documents\HereAfter\HereAfter\Source\HereAfter\QuestManager.cpp:52]
[2019.07.29-12.08.20:007][828]LogWindows: Error: [Callstack] 0x00007ffec513bac8 UE4Editor-CoreUObject.dll!UnknownFunction []
[2019.07.29-12.08.20:007][828]LogWindows: Error: [Callstack] 0x00007ffec53300e2 UE4Editor-CoreUObject.dll!UnknownFunction []
[2019.07.29-12.08.20:007][828]LogWindows: Error: [Callstack] 0x00007ffec534cbc1 UE4Editor-CoreUObject.dll!UnknownFunction []
[2019.07.29-12.08.20:007][828]LogWindows: Error: [Callstack] 0x00007ffec534e98d UE4Editor-CoreUObject.dll!UnknownFunction []
[2019.07.29-12.08.20:007][828]LogWindows: Error: [Callstack] 0x00007ffec5325efb UE4Editor-CoreUObject.dll!UnknownFunction []
[2019.07.29-12.08.20:007][828]LogWindows: Error: [Callstack] 0x00007ffec534e6a9 UE4Editor-CoreUObject.dll!UnknownFunction []
[2019.07.29-12.08.20:008][828]LogWindows: Error: [Callstack] 0x00007ffec534e98d UE4Editor-CoreUObject.dll!UnknownFunction []
[2019.07.29-12.08.20:008][828]LogWindows: Error: [Callstack] 0x00007ffec534e378 UE4Editor-CoreUObject.dll!UnknownFunction []
[2019.07.29-12.08.20:008][828]LogWindows: Error: [Callstack] 0x00007ffec513bac8 UE4Editor-CoreUObject.dll!UnknownFunction []
[2019.07.29-12.08.20:008][828]LogWindows: Error: [Callstack] 0x00007ffec534df07 UE4Editor-CoreUObject.dll!UnknownFunction []
[2019.07.29-12.08.20:008][828]LogWindows: Error: [Callstack] 0x00007ffec2a56766 UE4Editor-UMG.dll!UnknownFunction []
[2019.07.29-12.08.20:008][828]LogWindows: Error: [Callstack] 0x00007ffec29b48ba UE4Editor-UMG.dll!UnknownFunction []
[2019.07.29-12.08.20:008][828]LogWindows: Error: [Callstack] 0x00007ffec2a10a13 UE4Editor-UMG.dll!UnknownFunction []
[2019.07.29-12.08.20:008][828]LogWindows: Error: [Callstack] 0x00007ffec4de3e2b UE4Editor-SlateCore.dll!UnknownFunction []
[2019.07.29-12.08.20:008][828]LogWindows: Error: [Callstack] 0x00007ffed6814ef6 UE4Editor-Slate.dll!UnknownFunction []
[2019.07.29-12.08.20:008][828]LogWindows: Error: [Callstack] 0x00007ffec4de419f UE4Editor-SlateCore.dll!UnknownFunction []
[2019.07.29-12.08.20:008][828]LogWindows: Error: [Callstack] 0x00007ffec4de2571 UE4Editor-SlateCore.dll!UnknownFunction []
[2019.07.29-12.08.20:008][828]LogWindows: Error: [Callstack] 0x00007ffec4de419f UE4Editor-SlateCore.dll!UnknownFunction []
[2019.07.29-12.08.20:008][828]LogWindows: Error: [Callstack] 0x00007ffec4de2571 UE4Editor-SlateCore.dll!UnknownFunction []
[2019.07.29-12.08.20:008][828]LogWindows: Error: [Callstack] 0x00007ffec4de419f UE4Editor-SlateCore.dll!UnknownFunction []
[2019.07.29-12.08.20:008][828]LogWindows: Error: [Callstack] 0x00007ffec4de4bc5 UE4Editor-SlateCore.dll!UnknownFunction []
[2019.07.29-12.08.20:008][828]LogWindows: Error: [Callstack] 0x00007ffec4de26d4 UE4Editor-SlateCore.dll!UnknownFunction []
[2019.07.29-12.08.20:008][828]LogWindows: Error: [Callstack] 0x00007ffec4de419f UE4Editor-SlateCore.dll!UnknownFunction []
[2019.07.29-12.08.20:008][828]LogWindows: Error: [Callstack] 0x00007ffec4de4bc5 UE4Editor-SlateCore.dll!UnknownFunction []
[2019.07.29-12.08.20:008][828]LogWindows: Error: [Callstack] 0x00007ffec4de26d4 UE4Editor-SlateCore.dll!UnknownFunction []
[2019.07.29-12.08.20:008][828]LogWindows: Error: [Callstack] 0x00007ffec4de419f UE4Editor-SlateCore.dll!UnknownFunction []
[2019.07.29-12.08.20:008][828]LogWindows: Error: [Callstack] 0x00007ffec4de1c41 UE4Editor-SlateCore.dll!UnknownFunction []
[2019.07.29-12.08.20:008][828]LogWindows: Error: [Callstack] 0x00007ffec6605127 UE4Editor-Engine.dll!UnknownFunction []
[2019.07.29-12.08.20:008][828]LogWindows: Error: [Callstack] 0x00007ffec4de419f UE4Editor-SlateCore.dll!UnknownFunction []
[2019.07.29-12.08.20:008][828]LogWindows: Error: [Callstack] 0x00007ffec4de2571 UE4Editor-SlateCore.dll!UnknownFunction []
[2019.07.29-12.08.20:008][828]LogWindows: Error: [Callstack] 0x00007ffec4de419f UE4Editor-SlateCore.dll!UnknownFunction []
[2019.07.29-12.08.20:008][828]LogWindows: Error: [Callstack] 0x00007ffec4de1c41 UE4Editor-SlateCore.dll!UnknownFunction []
[2019.07.29-12.08.20:008][828]LogWindows: Error: [Callstack] 0x00007ffed6819c39 UE4Editor-Slate.dll!UnknownFunction []
[2019.07.29-12.08.20:008][828]LogWindows: Error: [Callstack] 0x00007ffec4de419f UE4Editor-SlateCore.dll!UnknownFunction []
[2019.07.29-12.08.20:008][828]LogWindows: Error: [Callstack] 0x00007ffec4de1c41 UE4Editor-SlateCore.dll!UnknownFunction []
[2019.07.29-12.08.20:008][828]LogWindows: Error: [Callstack] 0x00007ffec4de419f UE4Editor-SlateCore.dll!UnknownFunction []
[2019.07.29-12.08.20:008][828]LogWindows: Error: [Callstack] 0x00007ffec4de1c41 UE4Editor-SlateCore.dll!UnknownFunction []
[2019.07.29-12.08.20:008][828]LogWindows: Error: [Callstack] 0x00007ffec4de419f UE4Editor-SlateCore.dll!UnknownFunction []
[2019.07.29-12.08.20:008][828]LogWindows: Error: [Callstack] 0x00007ffed6814c18 UE4Editor-Slate.dll!UnknownFunction []
[2019.07.29-12.08.20:008][828]LogWindows: Error: [Callstack] 0x00007ffec4de419f UE4Editor-SlateCore.dll!UnknownFunction []
[2019.07.29-12.08.20:008][828]LogWindows: Error: [Callstack] 0x00007ffec4de2571 UE4Editor-SlateCore.dll!UnknownFunction []
[2019.07.29-12.08.20:008][828]LogWindows: Error: [Callstack] 0x00007ffec4de419f UE4Editor-SlateCore.dll!UnknownFunction []
[2019.07.29-12.08.20:008][828]LogWindows: Error: [Callstack] 0x00007ffec4de1c41 UE4Editor-SlateCore.dll!UnknownFunction []
[2019.07.29-12.08.20:008][828]LogWindows: Error: [Callstack] 0x00007ffec4de419f UE4Editor-SlateCore.dll!UnknownFunction []
[2019.07.29-12.08.20:008][828]LogWindows: Error: [Callstack] 0x00007ffec4de1c41 UE4Editor-SlateCore.dll!UnknownFunction []
[2019.07.29-12.08.20:008][828]LogWindows: Error: [Callstack] 0x00007ffed681479e UE4Editor-Slate.dll!UnknownFunction []
[2019.07.29-12.08.20:008][828]LogWindows: Error: [Callstack] 0x00007ffec4de419f UE4Editor-SlateCore.dll!UnknownFunction []
[2019.07.29-12.08.20:008][828]LogWindows: Error: [Callstack] 0x00007ffec4de2571 UE4Editor-SlateCore.dll!UnknownFunction []
[2019.07.29-12.08.20:008][828]LogWindows: Error: [Callstack] 0x00007ffec4de419f UE4Editor-SlateCore.dll!UnknownFunction []
[2019.07.29-12.08.20:008][828]LogWindows: Error: [Callstack] 0x00007ffec4de4bc5 UE4Editor-SlateCore.dll!UnknownFunction []
[2019.07.29-12.08.20:008][828]LogWindows: Error: [Callstack] 0x00007ffec4de26d4 UE4Editor-SlateCore.dll!UnknownFunction []
[2019.07.29-12.08.20:008][828]LogWindows: Error: [Callstack] 0x00007ffec4de419f UE4Editor-SlateCore.dll!UnknownFunction []
[2019.07.29-12.08.20:008][828]LogWindows: Error: [Callstack] 0x00007ffec4de1c41 UE4Editor-SlateCore.dll!UnknownFunction []
[2019.07.29-12.08.20:008][828]LogWindows: Error: [Callstack] 0x00007ffec4de419f UE4Editor-SlateCore.dll!UnknownFunction []
[2019.07.29-12.08.20:008][828]LogWindows: Error: [Callstack] 0x00007ffec4de4bc5 UE4Editor-SlateCore.dll!UnknownFunction []
[2019.07.29-12.08.20:008][828]LogWindows: Error: [Callstack] 0x00007ffed6819354 UE4Editor-Slate.dll!UnknownFunction []
[2019.07.29-12.08.20:008][828]LogWindows: Error: [Callstack] 0x00007ffec4de419f UE4Editor-SlateCore.dll!UnknownFunction []
[2019.07.29-12.08.20:008][828]LogWindows: Error: [Callstack] 0x00007ffec4de1c41 UE4Editor-SlateCore.dll!UnknownFunction []
[2019.07.29-12.08.20:008][828]LogWindows: Error: [Callstack] 0x00007ffec4de419f UE4Editor-SlateCore.dll!UnknownFunction []
[2019.07.29-12.08.20:008][828]LogWindows: Error: [Callstack] 0x00007ffec4de4bc5 UE4Editor-SlateCore.dll!UnknownFunction []
[2019.07.29-12.08.20:008][828]LogWindows: Error: [Callstack] 0x00007ffed6819354 UE4Editor-Slate.dll!UnknownFunction []
[2019.07.29-12.08.20:008][828]LogWindows: Error: [Callstack] 0x00007ffec4de419f UE4Editor-SlateCore.dll!UnknownFunction []
[2019.07.29-12.08.20:008][828]LogWindows: Error: [Callstack] 0x00007ffec4de1c41 UE4Editor-SlateCore.dll!UnknownFunction []
[2019.07.29-12.08.20:008][828]LogWindows: Error: [Callstack] 0x00007ffec4de419f UE4Editor-SlateCore.dll!UnknownFunction []
[2019.07.29-12.08.20:008][828]LogWindows: Error: [Callstack] 0x00007ffec4de4bc5 UE4Editor-SlateCore.dll!UnknownFunction []
[2019.07.29-12.08.20:008][828]LogWindows: Error: [Callstack] 0x00007ffed6819354 UE4Editor-Slate.dll!UnknownFunction []
[2019.07.29-12.08.20:008][828]LogWindows: Error: [Callstack] 0x00007ffec4de419f UE4Editor-SlateCore.dll!UnknownFunction []
[2019.07.29-12.08.20:008][828]LogWindows: Error: [Callstack] 0x00007ffec4de1c41 UE4Editor-SlateCore.dll!UnknownFunction []
[2019.07.29-12.08.20:008][828]LogWindows: Error: [Callstack] 0x00007ffec4de419f UE4Editor-SlateCore.dll!UnknownFunction []
[2019.07.29-12.08.20:008][828]LogWindows: Error: [Callstack] 0x00007ffec4de4bc5 UE4Editor-SlateCore.dll!UnknownFunction []
[2019.07.29-12.08.20:008][828]LogWindows: Error: [Callstack] 0x00007ffed6819354 UE4Editor-Slate.dll!UnknownFunction []
[2019.07.29-12.08.20:008][828]LogWindows: Error: [Callstack] 0x00007ffec4de419f UE4Editor-SlateCore.dll!UnknownFunction []
[2019.07.29-12.08.20:008][828]LogWindows: Error: [Callstack] 0x00007ffec4de2571 UE4Editor-SlateCore.dll!UnknownFunction []
[2019.07.29-12.08.20:008][828]LogWindows: Error: [Callstack] 0x00007ffec4de419f UE4Editor-SlateCore.dll!UnknownFunction []
[2019.07.29-12.08.20:008][828]LogWindows: Error: [Callstack] 0x00007ffec4de1c41 UE4Editor-SlateCore.dll!UnknownFunction []
[2019.07.29-12.08.20:008][828]LogWindows: Error: [Callstack] 0x00007ffec4de419f UE4Editor-SlateCore.dll!UnknownFunction []
[2019.07.29-12.08.20:008][828]LogWindows: Error: [Callstack] 0x00007ffec4de4bc5 UE4Editor-SlateCore.dll!UnknownFunction []
[2019.07.29-12.08.20:008][828]LogWindows: Error: [Callstack] 0x00007ffec4de26d4 UE4Editor-SlateCore.dll!UnknownFunction []
[2019.07.29-12.08.20:008][828]LogWindows: Error: [Callstack] 0x00007ffec4de419f UE4Editor-SlateCore.dll!UnknownFunction []
[2019.07.29-12.08.20:008][828]LogWindows: Error: [Callstack] 0x00007ffec4de1c41 UE4Editor-SlateCore.dll!UnknownFunction []
[2019.07.29-12.08.20:008][828]LogWindows: Error: [Callstack] 0x00007ffec4de419f UE4Editor-SlateCore.dll!UnknownFunction []
[2019.07.29-12.08.20:008][828]LogWindows: Error: [Callstack] 0x00007ffec4de1c41 UE4Editor-SlateCore.dll!UnknownFunction []
[2019.07.29-12.08.20:008][828]LogWindows: Error: [Callstack] 0x00007ffed681479e UE4Editor-Slate.dll!UnknownFunction []
[2019.07.29-12.08.20:008][828]LogWindows: Error: [Callstack] 0x00007ffec4de419f UE4Editor-SlateCore.dll!UnknownFunction []
[2019.07.29-12.08.20:008][828]LogWindows: Error: [Callstack] 0x00007ffec4de2571 UE4Editor-SlateCore.dll!UnknownFunction []
[2019.07.29-12.08.20:008][828]LogWindows: Error: [Callstack] 0x00007ffec4de419f UE4Editor-SlateCore.dll!UnknownFunction []
[2019.07.29-12.08.20:008][828]LogWindows: Error: [Callstack] 0x00007ffec4de4bc5 UE4Editor-SlateCore.dll!UnknownFunction []
[2019.07.29-12.08.20:008][828]LogWindows: Error: [Callstack] 0x00007ffec4de26d4 UE4Editor-SlateCore.dll!UnknownFunction []
[2019.07.29-12.08.20:009][828]LogWindows: Error: [Callstack] 0x00007ffec4de419f UE4Editor-SlateCore.dll!UnknownFunction []
[2019.07.29-12.08.20:009][828]LogWindows: Error: [Callstack] 0x00007ffec4de1c41 UE4Editor-SlateCore.dll!UnknownFunction []
[2019.07.29-12.08.20:009][828]LogWindows: Error: [Callstack] 0x00007ffec4de419f UE4Editor-SlateCore.dll!UnknownFunction []
[2019.07.29-12.08.20:009][828]LogWindows: Error: [Callstack] 0x00007ffec4de4bc5 UE4Editor-SlateCore.dll!UnknownFunction []
[2019.07.29-12.08.20:009][828]LogWindows: Error: 
[2019.07.29-12.08.20:020][828]LogExit: Executing StaticShutdownAfterError
[2019.07.29-12.08.20:024][828]LogWindows: FPlatformMisc::RequestExit(1)
[2019.07.29-12.08.20:026][828]Log file closed, 07/30/19 00:08:20
