Log file open, 07/22/19 16:36:46
LogWindows: Failed to load 'aqProf.dll' (GetLastError=126)
LogWindows: File 'aqProf.dll' does not exist
LogWindows: Failed to load 'VtuneApi.dll' (GetLastError=126)
LogWindows: File 'VtuneApi.dll' does not exist
LogWindows: Failed to load 'VtuneApi32e.dll' (GetLastError=126)
LogWindows: File 'VtuneApi32e.dll' does not exist
LogConsoleResponse: Display: Failed to find resolution value strings in scalability ini. Falling back to default.
LogInit: Display: Running engine for game: HereAfter
LogPakFile: Registered encryption key '00000000000000000000000000000000': 0 pak files mounted, 0 remain pending
LogPlatformFile: Not using cached read wrapper
LogTaskGraph: Started task graph with 5 named threads and 23 total threads with 3 sets of task threads.
LogStats: Stats thread started at 0.312048
LogD3D11RHI: Loaded GFSDK_Aftermath_Lib.x64.dll
LogICUInternationalization: ICU TimeZone Detection - Raw Offset: +12:00, Platform Override: ''
LogPluginManager: Mounting plugin Paper2D
LogPluginManager: Mounting plugin AISupport
LogPluginManager: Mounting plugin LightPropagationVolume
LogPluginManager: Mounting plugin ActorLayerUtilities
LogPluginManager: Mounting plugin AnimationSharing
LogPluginManager: Mounting plugin CLionSourceCodeAccess
LogPluginManager: Mounting plugin CodeLiteSourceCodeAccess
LogPluginManager: Mounting plugin GitSourceControl
LogPluginManager: Mounting plugin KDevelopSourceCodeAccess
LogPluginManager: Mounting plugin NullSourceCodeAccess
LogPluginManager: Mounting plugin PerforceSourceControl
LogPluginManager: Mounting plugin SubversionSourceControl
LogPluginManager: Mounting plugin UObjectPlugin
LogPluginManager: Mounting plugin VisualStudioCodeSourceCodeAccess
LogPluginManager: Mounting plugin VisualStudioSourceCodeAccess
LogPluginManager: Mounting plugin XCodeSourceCodeAccess
LogPluginManager: Mounting plugin AssetManagerEditor
LogPluginManager: Mounting plugin CryptoKeys
LogPluginManager: Mounting plugin DataValidation
LogPluginManager: Mounting plugin FacialAnimation
LogPluginManager: Mounting plugin GameplayTagsEditor
LogPluginManager: Mounting plugin MacGraphicsSwitching
LogPluginManager: Mounting plugin MaterialAnalyzer
LogPluginManager: Mounting plugin MobileLauncherProfileWizard
LogPluginManager: Mounting plugin PluginBrowser
LogPluginManager: Mounting plugin SpeedTreeImporter
LogPluginManager: Mounting plugin DatasmithContent
LogPluginManager: Mounting plugin VariantManagerContent
LogPluginManager: Mounting plugin AlembicImporter
LogPluginManager: Mounting plugin AppleImageUtils
LogPluginManager: Mounting plugin AppleVision
LogPluginManager: Mounting plugin BackChannel
LogPluginManager: Mounting plugin CharacterAI
LogPluginManager: Mounting plugin GeometryCache
LogPluginManager: Mounting plugin HTML5Networking
LogPluginManager: Mounting plugin ProxyLODPlugin
LogPluginManager: Mounting plugin SkeletalReduction
LogPluginManager: Mounting plugin MagicLeap
LogPluginManager: Mounting plugin MagicLeapMedia
LogPluginManager: Mounting plugin AndroidMedia
LogPluginManager: Mounting plugin AvfMedia
LogPluginManager: Mounting plugin ImgMedia
LogPluginManager: Mounting plugin LinearTimecode
LogPluginManager: Mounting plugin MediaCompositing
LogPluginManager: Mounting plugin MediaPlayerEditor
LogPluginManager: Mounting plugin WebMMedia
LogPluginManager: Mounting plugin WmfMedia
LogPluginManager: Mounting plugin TcpMessaging
LogPluginManager: Mounting plugin UdpMessaging
LogPluginManager: Mounting plugin ActorSequence
LogPluginManager: Mounting plugin LevelSequenceEditor
LogPluginManager: Mounting plugin MatineeToLevelSequence
LogPluginManager: Mounting plugin NetcodeUnitTest
LogPluginManager: Mounting plugin NUTUnrealEngine4
LogPluginManager: Mounting plugin OnlineSubsystemGooglePlay
LogPluginManager: Mounting plugin OnlineSubsystemIOS
LogPluginManager: Mounting plugin OnlineSubsystem
LogPluginManager: Mounting plugin OnlineSubsystemNull
LogPluginManager: Mounting plugin OnlineSubsystemUtils
LogPluginManager: Mounting plugin LauncherChunkInstaller
LogPluginManager: Mounting plugin AndroidDeviceProfileSelector
LogPluginManager: Mounting plugin AndroidMoviePlayer
LogPluginManager: Mounting plugin AndroidPermission
LogPluginManager: Mounting plugin AppleMoviePlayer
LogPluginManager: Mounting plugin ArchVisCharacter
LogPluginManager: Mounting plugin AudioCapture
LogPluginManager: Mounting plugin CableComponent
LogPluginManager: Mounting plugin CustomMeshComponent
LogPluginManager: Mounting plugin EditableMesh
LogPluginManager: Mounting plugin ExampleDeviceProfileSelector
LogPluginManager: Mounting plugin Firebase
LogPluginManager: Mounting plugin GoogleCloudMessaging
LogPluginManager: Mounting plugin IOSDeviceProfileSelector
LogPluginManager: Mounting plugin LinuxDeviceProfileSelector
LogPluginManager: Mounting plugin LocationServicesBPLibrary
LogPluginManager: Mounting plugin MobilePatchingUtils
LogPluginManager: Mounting plugin OculusVR
LogPluginManager: Mounting plugin PhysXVehicles
LogPluginManager: Mounting plugin ProceduralMeshComponent
LogPluginManager: Mounting plugin RuntimePhysXCooking
LogPluginManager: Mounting plugin SignificanceManager
LogPluginManager: Mounting plugin SteamVR
LogPluginManager: Mounting plugin WebMMoviePlayer
LogPluginManager: Mounting plugin WindowsMoviePlayer
LogInit: Using libcurl 7.55.1-DEV
LogInit:  - built for x86_64-pc-win32
LogInit:  - supports SSL with OpenSSL/1.1.1
LogInit:  - supports HTTP deflate (compression) using libz 1.2.8
LogInit:  - other features:
LogInit:      CURL_VERSION_SSL
LogInit:      CURL_VERSION_LIBZ
LogInit:      CURL_VERSION_IPV6
LogInit:      CURL_VERSION_ASYNCHDNS
LogInit:      CURL_VERSION_LARGEFILE
LogInit:      CURL_VERSION_IDN
LogInit:  CurlRequestOptions (configurable via config and command line):
LogInit:  - bVerifyPeer = true  - Libcurl will verify peer certificate
LogInit:  - bUseHttpProxy = false  - Libcurl will NOT use HTTP proxy
LogInit:  - bDontReuseConnections = false  - Libcurl will reuse connections
LogInit:  - MaxHostConnections = 16  - Libcurl will limit the number of connections to a host
LogInit:  - LocalHostAddr = Default
LogInit:  - BufferSize = 65536
LogInit: WinSock: version 1.1 (2.2), MaxSocks=32767, MaxUdp=65467
LogHMD: Failed initializing OVRPlugin 1.32.0
LogInit: Build: ++UE4+Release-4.22-CL-7053642
LogInit: Engine Version: 4.22.3-7053642+++UE4+Release-4.22
LogInit: Compatible Engine Version: 4.22.0-5660361+++UE4+Release-4.22
LogInit: Net CL: 5660361
LogInit: OS: Windows 10 (Release 1803) (), CPU: Intel(R) Core(TM) i7-4790 CPU @ 3.60GHz, GPU: NVIDIA GeForce GTX 960
LogInit: Compiled (64-bit): Jun 18 2019 03:09:11
LogInit: Compiled with Visual C++: 19.16.27025.01
LogInit: Build Configuration: Development
LogInit: Branch Name: ++UE4+Release-4.22
LogInit: Command Line: 
LogInit: Base Directory: D:/Users/mark.wil7543/Documents/UE_4.22/Engine/Binaries/Win64/
LogInit: Installed Engine Build: 1
LogDevObjectVersion: Number of dev versions registered: 23
LogDevObjectVersion:   Dev-Blueprints (B0D832E4-1F89-4F0D-ACCF-7EB736FD4AA2): 10
LogDevObjectVersion:   Dev-Build (E1C64328-A22C-4D53-A36C-8E866417BD8C): 0
LogDevObjectVersion:   Dev-Core (375EC13C-06E4-48FB-B500-84F0262A717E): 3
LogDevObjectVersion:   Dev-Editor (E4B068ED-F494-42E9-A231-DA0B2E46BB41): 30
LogDevObjectVersion:   Dev-Framework (CFFC743F-43B0-4480-9391-14DF171D2073): 35
LogDevObjectVersion:   Dev-Mobile (B02B49B5-BB20-44E9-A304-32B752E40360): 2
LogDevObjectVersion:   Dev-Networking (A4E4105C-59A1-49B5-A7C5-40C4547EDFEE): 0
LogDevObjectVersion:   Dev-Online (39C831C9-5AE6-47DC-9A44-9C173E1C8E7C): 0
LogDevObjectVersion:   Dev-Physics (78F01B33-EBEA-4F98-B9B4-84EACCB95AA2): 0
LogDevObjectVersion:   Dev-Platform (6631380F-2D4D-43E0-8009-CF276956A95A): 0
LogDevObjectVersion:   Dev-Rendering (12F88B9F-8875-4AFC-A67C-D90C383ABD29): 28
LogDevObjectVersion:   Dev-Sequencer (7B5AE74C-D270-4C10-A958-57980B212A5A): 11
LogDevObjectVersion:   Dev-VR (D7296918-1DD6-4BDD-9DE2-64A83CC13884): 2
LogDevObjectVersion:   Dev-LoadTimes (C2A15278-BFE7-4AFE-6C17-90FF531DF755): 1
LogDevObjectVersion:   Private-Geometry (6EACA3D4-40EC-4CC1-B786-8BED09428FC5): 3
LogDevObjectVersion:   Dev-AnimPhys (29E575DD-E0A3-4627-9D10-D276232CDCEA): 17
LogDevObjectVersion:   Dev-Anim (AF43A65D-7FD3-4947-9873-3E8ED9C1BB05): 2
LogDevObjectVersion:   Dev-ReflectionCapture (6B266CEC-1EC7-4B8F-A30B-E4D90942FC07): 1
LogDevObjectVersion:   Dev-Automation (0DF73D61-A23F-47EA-B727-89E90C41499A): 1
LogDevObjectVersion:   FortniteMain (601D1886-AC64-4F84-AA16-D3DE0DEAC7D6): 25
LogDevObjectVersion:   Dev-Enterprise (9DFFBCD6-494F-0158-E221-12823C92A888): 6
LogDevObjectVersion:   Dev-Niagara (F2AED0AC-9AFE-416F-8664-AA7FFA26D6FC): 1
LogDevObjectVersion:   Dev-Destruction (174F1F0B-B4C6-45A5-B13F-2EE8D0FB917D): 2
LogInit: Presizing for max 16777216 objects, including 0 objects not considered by GC, pre-allocating 0 bytes for permanent pool.
LogInit: Object subsystem initialized
LogConfig: Setting CVar [[con.DebugEarlyDefault:1]]
LogConfig: Setting CVar [[r.setres:1280x720]]
[2019.07.22-04.36.47:228][  0]LogConfig: Setting CVar [[r.VSync:0]]
[2019.07.22-04.36.47:228][  0]LogConfig: Setting CVar [[r.RHICmdBypass:0]]
[2019.07.22-04.36.47:229][  0]LogConfig: Applying CVar settings from Section [/Script/Engine.RendererSettings] File [D:/Users/mark.wil7543/Documents/GitKraken/HereAfter/HereAfter/Saved/Config/Windows/Engine.ini]
[2019.07.22-04.36.47:229][  0]LogConfig: Setting CVar [[r.GPUCrashDebugging:0]]
[2019.07.22-04.36.47:229][  0]LogConfig: Applying CVar settings from Section [/Script/Engine.RendererOverrideSettings] File [D:/Users/mark.wil7543/Documents/GitKraken/HereAfter/HereAfter/Saved/Config/Windows/Engine.ini]
[2019.07.22-04.36.47:229][  0]LogConfig: Applying CVar settings from Section [/Script/Engine.StreamingSettings] File [D:/Users/mark.wil7543/Documents/GitKraken/HereAfter/HereAfter/Saved/Config/Windows/Engine.ini]
[2019.07.22-04.36.47:229][  0]LogConfig: Setting CVar [[s.MinBulkDataSizeForAsyncLoading:131072]]
[2019.07.22-04.36.47:229][  0]LogConfig: Setting CVar [[s.AsyncLoadingThreadEnabled:0]]
[2019.07.22-04.36.47:229][  0]LogConfig: Setting CVar [[s.EventDrivenLoaderEnabled:1]]
[2019.07.22-04.36.47:229][  0]LogConfig: Setting CVar [[s.WarnIfTimeLimitExceeded:0]]
[2019.07.22-04.36.47:229][  0]LogConfig: Setting CVar [[s.TimeLimitExceededMultiplier:1.5]]
[2019.07.22-04.36.47:229][  0]LogConfig: Setting CVar [[s.TimeLimitExceededMinTime:0.005]]
[2019.07.22-04.36.47:229][  0]LogConfig: Setting CVar [[s.UseBackgroundLevelStreaming:1]]
[2019.07.22-04.36.47:229][  0]LogConfig: Setting CVar [[s.PriorityAsyncLoadingExtraTime:15.0]]
[2019.07.22-04.36.47:229][  0]LogConfig: Setting CVar [[s.LevelStreamingActorsUpdateTimeLimit:5.0]]
[2019.07.22-04.36.47:229][  0]LogConfig: Setting CVar [[s.PriorityLevelStreamingActorsUpdateExtraTime:5.0]]
[2019.07.22-04.36.47:229][  0]LogConfig: Setting CVar [[s.LevelStreamingComponentsRegistrationGranularity:10]]
[2019.07.22-04.36.47:229][  0]LogConfig: Setting CVar [[s.UnregisterComponentsTimeLimit:1.0]]
[2019.07.22-04.36.47:229][  0]LogConfig: Setting CVar [[s.LevelStreamingComponentsUnregistrationGranularity:5]]
[2019.07.22-04.36.47:229][  0]LogConfig: Applying CVar settings from Section [/Script/Engine.GarbageCollectionSettings] File [D:/Users/mark.wil7543/Documents/GitKraken/HereAfter/HereAfter/Saved/Config/Windows/Engine.ini]
[2019.07.22-04.36.47:229][  0]LogConfig: Setting CVar [[gc.MaxObjectsNotConsideredByGC:1]]
[2019.07.22-04.36.47:229][  0]LogConfig: Setting CVar [[gc.SizeOfPermanentObjectPool:0]]
[2019.07.22-04.36.47:229][  0]LogConfig: Setting CVar [[gc.FlushStreamingOnGC:0]]
[2019.07.22-04.36.47:229][  0]LogConfig: Setting CVar [[gc.NumRetriesBeforeForcingGC:10]]
[2019.07.22-04.36.47:229][  0]LogConfig: Setting CVar [[gc.AllowParallelGC:1]]
[2019.07.22-04.36.47:229][  0]LogConfig: Setting CVar [[gc.TimeBetweenPurgingPendingKillObjects:61.1]]
[2019.07.22-04.36.47:229][  0]LogConfig: Setting CVar [[gc.MaxObjectsInEditor:16777216]]
[2019.07.22-04.36.47:229][  0]LogConfig: Setting CVar [[gc.IncrementalBeginDestroyEnabled:1]]
[2019.07.22-04.36.47:229][  0]LogConfig: Setting CVar [[gc.CreateGCClusters:1]]
[2019.07.22-04.36.47:229][  0]LogConfig: Setting CVar [[gc.MinGCClusterSize:5]]
[2019.07.22-04.36.47:229][  0]LogConfig: Setting CVar [[gc.ActorClusteringEnabled:0]]
[2019.07.22-04.36.47:229][  0]LogConfig: Setting CVar [[gc.BlueprintClusteringEnabled:0]]
[2019.07.22-04.36.47:229][  0]LogConfig: Setting CVar [[gc.UseDisregardForGCOnDedicatedServers:0]]
[2019.07.22-04.36.47:229][  0]LogConfig: Applying CVar settings from Section [/Script/Engine.NetworkSettings] File [D:/Users/mark.wil7543/Documents/GitKraken/HereAfter/HereAfter/Saved/Config/Windows/Engine.ini]
[2019.07.22-04.36.47:229][  0]LogConfig: Applying CVar settings from Section [/Script/UnrealEd.CookerSettings] File [D:/Users/mark.wil7543/Documents/GitKraken/HereAfter/HereAfter/Saved/Config/Windows/Engine.ini]
[2019.07.22-04.36.47:234][  0]LogConfig: Applying CVar settings from Section [ViewDistanceQuality@3] File [D:/Users/mark.wil7543/Documents/GitKraken/HereAfter/HereAfter/Saved/Config/Windows/Scalability.ini]
[2019.07.22-04.36.47:234][  0]LogConfig: Setting CVar [[r.SkeletalMeshLODBias:0]]
[2019.07.22-04.36.47:234][  0]LogConfig: Setting CVar [[r.ViewDistanceScale:1.0]]
[2019.07.22-04.36.47:234][  0]LogConfig: Applying CVar settings from Section [AntiAliasingQuality@3] File [D:/Users/mark.wil7543/Documents/GitKraken/HereAfter/HereAfter/Saved/Config/Windows/Scalability.ini]
[2019.07.22-04.36.47:234][  0]LogConfig: Setting CVar [[r.PostProcessAAQuality:4]]
[2019.07.22-04.36.47:235][  0]LogConfig: Applying CVar settings from Section [ShadowQuality@3] File [D:/Users/mark.wil7543/Documents/GitKraken/HereAfter/HereAfter/Saved/Config/Windows/Scalability.ini]
[2019.07.22-04.36.47:235][  0]LogConfig: Setting CVar [[r.LightFunctionQuality:1]]
[2019.07.22-04.36.47:235][  0]LogConfig: Setting CVar [[r.ShadowQuality:5]]
[2019.07.22-04.36.47:235][  0]LogConfig: Setting CVar [[r.Shadow.CSM.MaxCascades:10]]
[2019.07.22-04.36.47:235][  0]LogConfig: Setting CVar [[r.Shadow.MaxResolution:2048]]
[2019.07.22-04.36.47:235][  0]LogConfig: Setting CVar [[r.Shadow.MaxCSMResolution:2048]]
[2019.07.22-04.36.47:235][  0]LogConfig: Setting CVar [[r.Shadow.RadiusThreshold:0.01]]
[2019.07.22-04.36.47:235][  0]LogConfig: Setting CVar [[r.Shadow.DistanceScale:1.0]]
[2019.07.22-04.36.47:235][  0]LogConfig: Setting CVar [[r.Shadow.CSM.TransitionScale:1.0]]
[2019.07.22-04.36.47:235][  0]LogConfig: Setting CVar [[r.Shadow.PreShadowResolutionFactor:1.0]]
[2019.07.22-04.36.47:235][  0]LogConfig: Setting CVar [[r.DistanceFieldShadowing:1]]
[2019.07.22-04.36.47:235][  0]LogConfig: Setting CVar [[r.DistanceFieldAO:1]]
[2019.07.22-04.36.47:235][  0]LogConfig: Setting CVar [[r.AOQuality:2]]
[2019.07.22-04.36.47:235][  0]LogConfig: Setting CVar [[r.VolumetricFog:1]]
[2019.07.22-04.36.47:235][  0]LogConfig: Setting CVar [[r.VolumetricFog.GridPixelSize:8]]
[2019.07.22-04.36.47:235][  0]LogConfig: Setting CVar [[r.VolumetricFog.GridSizeZ:128]]
[2019.07.22-04.36.47:235][  0]LogConfig: Setting CVar [[r.VolumetricFog.HistoryMissSupersampleCount:4]]
[2019.07.22-04.36.47:235][  0]LogConfig: Setting CVar [[r.LightMaxDrawDistanceScale:1]]
[2019.07.22-04.36.47:235][  0]LogConfig: Setting CVar [[r.CapsuleShadows:1]]
[2019.07.22-04.36.47:235][  0]LogConfig: Applying CVar settings from Section [PostProcessQuality@3] File [D:/Users/mark.wil7543/Documents/GitKraken/HereAfter/HereAfter/Saved/Config/Windows/Scalability.ini]
[2019.07.22-04.36.47:235][  0]LogConfig: Setting CVar [[r.MotionBlurQuality:4]]
[2019.07.22-04.36.47:235][  0]LogConfig: Setting CVar [[r.AmbientOcclusionMipLevelFactor:0.4]]
[2019.07.22-04.36.47:235][  0]LogConfig: Setting CVar [[r.AmbientOcclusionMaxQuality:100]]
[2019.07.22-04.36.47:235][  0]LogConfig: Setting CVar [[r.AmbientOcclusionLevels:-1]]
[2019.07.22-04.36.47:235][  0]LogConfig: Setting CVar [[r.AmbientOcclusionRadiusScale:1.0]]
[2019.07.22-04.36.47:235][  0]LogConfig: Setting CVar [[r.DepthOfFieldQuality:2]]
[2019.07.22-04.36.47:235][  0]LogConfig: Setting CVar [[r.RenderTargetPoolMin:400]]
[2019.07.22-04.36.47:235][  0]LogConfig: Setting CVar [[r.LensFlareQuality:2]]
[2019.07.22-04.36.47:235][  0]LogConfig: Setting CVar [[r.SceneColorFringeQuality:1]]
[2019.07.22-04.36.47:235][  0]LogConfig: Setting CVar [[r.EyeAdaptationQuality:2]]
[2019.07.22-04.36.47:235][  0]LogConfig: Setting CVar [[r.BloomQuality:5]]
[2019.07.22-04.36.47:235][  0]LogConfig: Setting CVar [[r.FastBlurThreshold:100]]
[2019.07.22-04.36.47:235][  0]LogConfig: Setting CVar [[r.Upscale.Quality:3]]
[2019.07.22-04.36.47:235][  0]LogConfig: Setting CVar [[r.Tonemapper.GrainQuantization:1]]
[2019.07.22-04.36.47:235][  0]LogConfig: Setting CVar [[r.LightShaftQuality:1]]
[2019.07.22-04.36.47:235][  0]LogConfig: Setting CVar [[r.Filter.SizeScale:1]]
[2019.07.22-04.36.47:235][  0]LogConfig: Setting CVar [[r.Tonemapper.Quality:5]]
[2019.07.22-04.36.47:235][  0]LogConfig: Setting CVar [[r.DOF.Gather.AccumulatorQuality:1        ; higher gathering accumulator quality]]
[2019.07.22-04.36.47:235][  0]LogConfig: Setting CVar [[r.DOF.Gather.PostfilterMethod:1          ; Median3x3 postfilering method]]
[2019.07.22-04.36.47:235][  0]LogConfig: Setting CVar [[r.DOF.Gather.EnableBokehSettings:0       ; no bokeh simulation when gathering]]
[2019.07.22-04.36.47:235][  0]LogConfig: Setting CVar [[r.DOF.Gather.RingCount:4                 ; medium number of samples when gathering]]
[2019.07.22-04.36.47:235][  0]LogConfig: Setting CVar [[r.DOF.Scatter.ForegroundCompositing:1    ; additive foreground scattering]]
[2019.07.22-04.36.47:235][  0]LogConfig: Setting CVar [[r.DOF.Scatter.BackgroundCompositing:2    ; additive background scattering]]
[2019.07.22-04.36.47:235][  0]LogConfig: Setting CVar [[r.DOF.Scatter.EnableBokehSettings:1      ; bokeh simulation when scattering]]
[2019.07.22-04.36.47:235][  0]LogConfig: Setting CVar [[r.DOF.Scatter.MaxSpriteRatio:0.1         ; only a maximum of 10% of scattered bokeh]]
[2019.07.22-04.36.47:235][  0]LogConfig: Setting CVar [[r.DOF.Recombine.Quality:1                ; cheap slight out of focus]]
[2019.07.22-04.36.47:235][  0]LogConfig: Setting CVar [[r.DOF.Recombine.EnableBokehSettings:0    ; no bokeh simulation on slight out of focus]]
[2019.07.22-04.36.47:235][  0]LogConfig: Setting CVar [[r.DOF.TemporalAAQuality:1                ; more stable temporal accumulation]]
[2019.07.22-04.36.47:235][  0]LogConfig: Setting CVar [[r.DOF.Kernel.MaxForegroundRadius:0.025]]
[2019.07.22-04.36.47:235][  0]LogConfig: Setting CVar [[r.DOF.Kernel.MaxBackgroundRadius:0.025]]
[2019.07.22-04.36.47:235][  0]LogConfig: Applying CVar settings from Section [TextureQuality@3] File [D:/Users/mark.wil7543/Documents/GitKraken/HereAfter/HereAfter/Saved/Config/Windows/Scalability.ini]
[2019.07.22-04.36.47:235][  0]LogConfig: Setting CVar [[r.Streaming.MipBias:0]]
[2019.07.22-04.36.47:235][  0]LogConfig: Setting CVar [[r.Streaming.AmortizeCPUToGPUCopy:0]]
[2019.07.22-04.36.47:235][  0]LogConfig: Setting CVar [[r.Streaming.MaxNumTexturesToStreamPerFrame:0]]
[2019.07.22-04.36.47:235][  0]LogConfig: Setting CVar [[r.Streaming.Boost:1]]
[2019.07.22-04.36.47:235][  0]LogConfig: Setting CVar [[r.MaxAnisotropy:8]]
[2019.07.22-04.36.47:235][  0]LogConfig: Setting CVar [[r.Streaming.LimitPoolSizeToVRAM:0]]
[2019.07.22-04.36.47:235][  0]LogConfig: Setting CVar [[r.Streaming.PoolSize:1000]]
[2019.07.22-04.36.47:235][  0]LogConfig: Setting CVar [[r.Streaming.MaxEffectiveScreenSize:0]]
[2019.07.22-04.36.47:235][  0]LogConfig: Applying CVar settings from Section [EffectsQuality@3] File [D:/Users/mark.wil7543/Documents/GitKraken/HereAfter/HereAfter/Saved/Config/Windows/Scalability.ini]
[2019.07.22-04.36.47:235][  0]LogConfig: Setting CVar [[r.TranslucencyLightingVolumeDim:64]]
[2019.07.22-04.36.47:235][  0]LogConfig: Setting CVar [[r.RefractionQuality:2]]
[2019.07.22-04.36.47:235][  0]LogConfig: Setting CVar [[r.SSR.Quality:3]]
[2019.07.22-04.36.47:235][  0]LogConfig: Setting CVar [[r.SceneColorFormat:4]]
[2019.07.22-04.36.47:235][  0]LogConfig: Setting CVar [[r.DetailMode:2]]
[2019.07.22-04.36.47:235][  0]LogConfig: Setting CVar [[r.TranslucencyVolumeBlur:1]]
[2019.07.22-04.36.47:235][  0]LogConfig: Setting CVar [[r.MaterialQualityLevel:1 ; High quality]]
[2019.07.22-04.36.47:235][  0]LogConfig: Setting CVar [[r.SSS.Scale:1]]
[2019.07.22-04.36.47:235][  0]LogConfig: Setting CVar [[r.SSS.SampleSet:2]]
[2019.07.22-04.36.47:235][  0]LogConfig: Setting CVar [[r.SSS.Quality:1]]
[2019.07.22-04.36.47:235][  0]LogConfig: Setting CVar [[r.SSS.HalfRes:1]]
[2019.07.22-04.36.47:235][  0]LogConfig: Setting CVar [[r.EmitterSpawnRateScale:1.0]]
[2019.07.22-04.36.47:235][  0]LogConfig: Setting CVar [[r.ParticleLightQuality:2]]
[2019.07.22-04.36.47:235][  0]LogConfig: Applying CVar settings from Section [FoliageQuality@3] File [D:/Users/mark.wil7543/Documents/GitKraken/HereAfter/HereAfter/Saved/Config/Windows/Scalability.ini]
[2019.07.22-04.36.47:235][  0]LogConfig: Setting CVar [[foliage.DensityScale:1.0]]
[2019.07.22-04.36.47:235][  0]LogConfig: Setting CVar [[grass.DensityScale:1.0]]
[2019.07.22-04.36.47:235][  0]LogInit: Selected Device Profile: [Windows]
[2019.07.22-04.36.47:236][  0]LogInit: Applying CVar settings loaded from the selected device profile: [Windows]
[2019.07.22-04.36.47:264][  0]LogHAL: Display: Platform has ~ 16 GB [17092669440 / 17179869184 / 16], which maps to Larger [LargestMinGB=32, LargerMinGB=12, DefaultMinGB=8, SmallerMinGB=6, SmallestMinGB=0)
[2019.07.22-04.36.47:264][  0]LogConfig: Setting CVar [[r.Vulkan.UseRealUBs:0		; Required until we fix HLR fall-out]]
[2019.07.22-04.36.47:264][  0]LogInit: Going up to parent DeviceProfile []
[2019.07.22-04.36.47:264][  0]LogConfig: Applying CVar settings from Section [ViewDistanceQuality@3] File [D:/Users/mark.wil7543/Documents/GitKraken/HereAfter/HereAfter/Saved/Config/Windows/Scalability.ini]
[2019.07.22-04.36.47:264][  0]LogConfig: Setting CVar [[r.SkeletalMeshLODBias:0]]
[2019.07.22-04.36.47:264][  0]LogConfig: Setting CVar [[r.ViewDistanceScale:1.0]]
[2019.07.22-04.36.47:264][  0]LogConfig: Applying CVar settings from Section [AntiAliasingQuality@3] File [D:/Users/mark.wil7543/Documents/GitKraken/HereAfter/HereAfter/Saved/Config/Windows/Scalability.ini]
[2019.07.22-04.36.47:264][  0]LogConfig: Setting CVar [[r.PostProcessAAQuality:4]]
[2019.07.22-04.36.47:264][  0]LogConfig: Applying CVar settings from Section [ShadowQuality@3] File [D:/Users/mark.wil7543/Documents/GitKraken/HereAfter/HereAfter/Saved/Config/Windows/Scalability.ini]
[2019.07.22-04.36.47:264][  0]LogConfig: Setting CVar [[r.LightFunctionQuality:1]]
[2019.07.22-04.36.47:264][  0]LogConfig: Setting CVar [[r.ShadowQuality:5]]
[2019.07.22-04.36.47:264][  0]LogConfig: Setting CVar [[r.Shadow.CSM.MaxCascades:10]]
[2019.07.22-04.36.47:264][  0]LogConfig: Setting CVar [[r.Shadow.MaxResolution:2048]]
[2019.07.22-04.36.47:264][  0]LogConfig: Setting CVar [[r.Shadow.MaxCSMResolution:2048]]
[2019.07.22-04.36.47:264][  0]LogConfig: Setting CVar [[r.Shadow.RadiusThreshold:0.01]]
[2019.07.22-04.36.47:264][  0]LogConfig: Setting CVar [[r.Shadow.DistanceScale:1.0]]
[2019.07.22-04.36.47:264][  0]LogConfig: Setting CVar [[r.Shadow.CSM.TransitionScale:1.0]]
[2019.07.22-04.36.47:264][  0]LogConfig: Setting CVar [[r.Shadow.PreShadowResolutionFactor:1.0]]
[2019.07.22-04.36.47:264][  0]LogConfig: Setting CVar [[r.DistanceFieldShadowing:1]]
[2019.07.22-04.36.47:264][  0]LogConfig: Setting CVar [[r.DistanceFieldAO:1]]
[2019.07.22-04.36.47:264][  0]LogConfig: Setting CVar [[r.AOQuality:2]]
[2019.07.22-04.36.47:264][  0]LogConfig: Setting CVar [[r.VolumetricFog:1]]
[2019.07.22-04.36.47:264][  0]LogConfig: Setting CVar [[r.VolumetricFog.GridPixelSize:8]]
[2019.07.22-04.36.47:264][  0]LogConfig: Setting CVar [[r.VolumetricFog.GridSizeZ:128]]
[2019.07.22-04.36.47:264][  0]LogConfig: Setting CVar [[r.VolumetricFog.HistoryMissSupersampleCount:4]]
[2019.07.22-04.36.47:264][  0]LogConfig: Setting CVar [[r.LightMaxDrawDistanceScale:1]]
[2019.07.22-04.36.47:264][  0]LogConfig: Setting CVar [[r.CapsuleShadows:1]]
[2019.07.22-04.36.47:264][  0]LogConfig: Applying CVar settings from Section [PostProcessQuality@3] File [D:/Users/mark.wil7543/Documents/GitKraken/HereAfter/HereAfter/Saved/Config/Windows/Scalability.ini]
[2019.07.22-04.36.47:264][  0]LogConfig: Setting CVar [[r.MotionBlurQuality:4]]
[2019.07.22-04.36.47:264][  0]LogConfig: Setting CVar [[r.AmbientOcclusionMipLevelFactor:0.4]]
[2019.07.22-04.36.47:264][  0]LogConfig: Setting CVar [[r.AmbientOcclusionMaxQuality:100]]
[2019.07.22-04.36.47:264][  0]LogConfig: Setting CVar [[r.AmbientOcclusionLevels:-1]]
[2019.07.22-04.36.47:264][  0]LogConfig: Setting CVar [[r.AmbientOcclusionRadiusScale:1.0]]
[2019.07.22-04.36.47:264][  0]LogConfig: Setting CVar [[r.DepthOfFieldQuality:2]]
[2019.07.22-04.36.47:264][  0]LogConfig: Setting CVar [[r.RenderTargetPoolMin:400]]
[2019.07.22-04.36.47:264][  0]LogConfig: Setting CVar [[r.LensFlareQuality:2]]
[2019.07.22-04.36.47:264][  0]LogConfig: Setting CVar [[r.SceneColorFringeQuality:1]]
[2019.07.22-04.36.47:264][  0]LogConfig: Setting CVar [[r.EyeAdaptationQuality:2]]
[2019.07.22-04.36.47:264][  0]LogConfig: Setting CVar [[r.BloomQuality:5]]
[2019.07.22-04.36.47:264][  0]LogConfig: Setting CVar [[r.FastBlurThreshold:100]]
[2019.07.22-04.36.47:264][  0]LogConfig: Setting CVar [[r.Upscale.Quality:3]]
[2019.07.22-04.36.47:264][  0]LogConfig: Setting CVar [[r.Tonemapper.GrainQuantization:1]]
[2019.07.22-04.36.47:264][  0]LogConfig: Setting CVar [[r.LightShaftQuality:1]]
[2019.07.22-04.36.47:264][  0]LogConfig: Setting CVar [[r.Filter.SizeScale:1]]
[2019.07.22-04.36.47:264][  0]LogConfig: Setting CVar [[r.Tonemapper.Quality:5]]
[2019.07.22-04.36.47:264][  0]LogConfig: Setting CVar [[r.DOF.Gather.AccumulatorQuality:1        ; higher gathering accumulator quality]]
[2019.07.22-04.36.47:264][  0]LogConfig: Setting CVar [[r.DOF.Gather.PostfilterMethod:1          ; Median3x3 postfilering method]]
[2019.07.22-04.36.47:265][  0]LogConfig: Setting CVar [[r.DOF.Gather.EnableBokehSettings:0       ; no bokeh simulation when gathering]]
[2019.07.22-04.36.47:265][  0]LogConfig: Setting CVar [[r.DOF.Gather.RingCount:4                 ; medium number of samples when gathering]]
[2019.07.22-04.36.47:265][  0]LogConfig: Setting CVar [[r.DOF.Scatter.ForegroundCompositing:1    ; additive foreground scattering]]
[2019.07.22-04.36.47:265][  0]LogConfig: Setting CVar [[r.DOF.Scatter.BackgroundCompositing:2    ; additive background scattering]]
[2019.07.22-04.36.47:265][  0]LogConfig: Setting CVar [[r.DOF.Scatter.EnableBokehSettings:1      ; bokeh simulation when scattering]]
[2019.07.22-04.36.47:265][  0]LogConfig: Setting CVar [[r.DOF.Scatter.MaxSpriteRatio:0.1         ; only a maximum of 10% of scattered bokeh]]
[2019.07.22-04.36.47:265][  0]LogConfig: Setting CVar [[r.DOF.Recombine.Quality:1                ; cheap slight out of focus]]
[2019.07.22-04.36.47:265][  0]LogConfig: Setting CVar [[r.DOF.Recombine.EnableBokehSettings:0    ; no bokeh simulation on slight out of focus]]
[2019.07.22-04.36.47:265][  0]LogConfig: Setting CVar [[r.DOF.TemporalAAQuality:1                ; more stable temporal accumulation]]
[2019.07.22-04.36.47:265][  0]LogConfig: Setting CVar [[r.DOF.Kernel.MaxForegroundRadius:0.025]]
[2019.07.22-04.36.47:265][  0]LogConfig: Setting CVar [[r.DOF.Kernel.MaxBackgroundRadius:0.025]]
[2019.07.22-04.36.47:265][  0]LogConfig: Applying CVar settings from Section [TextureQuality@3] File [D:/Users/mark.wil7543/Documents/GitKraken/HereAfter/HereAfter/Saved/Config/Windows/Scalability.ini]
[2019.07.22-04.36.47:265][  0]LogConfig: Setting CVar [[r.Streaming.MipBias:0]]
[2019.07.22-04.36.47:265][  0]LogConfig: Setting CVar [[r.Streaming.AmortizeCPUToGPUCopy:0]]
[2019.07.22-04.36.47:265][  0]LogConfig: Setting CVar [[r.Streaming.MaxNumTexturesToStreamPerFrame:0]]
[2019.07.22-04.36.47:265][  0]LogConfig: Setting CVar [[r.Streaming.Boost:1]]
[2019.07.22-04.36.47:265][  0]LogConfig: Setting CVar [[r.MaxAnisotropy:8]]
[2019.07.22-04.36.47:265][  0]LogConfig: Setting CVar [[r.Streaming.LimitPoolSizeToVRAM:0]]
[2019.07.22-04.36.47:265][  0]LogConfig: Setting CVar [[r.Streaming.PoolSize:1000]]
[2019.07.22-04.36.47:265][  0]LogConfig: Setting CVar [[r.Streaming.MaxEffectiveScreenSize:0]]
[2019.07.22-04.36.47:265][  0]LogConfig: Applying CVar settings from Section [EffectsQuality@3] File [D:/Users/mark.wil7543/Documents/GitKraken/HereAfter/HereAfter/Saved/Config/Windows/Scalability.ini]
[2019.07.22-04.36.47:265][  0]LogConfig: Setting CVar [[r.TranslucencyLightingVolumeDim:64]]
[2019.07.22-04.36.47:265][  0]LogConfig: Setting CVar [[r.RefractionQuality:2]]
[2019.07.22-04.36.47:265][  0]LogConfig: Setting CVar [[r.SSR.Quality:3]]
[2019.07.22-04.36.47:265][  0]LogConfig: Setting CVar [[r.SceneColorFormat:4]]
[2019.07.22-04.36.47:265][  0]LogConfig: Setting CVar [[r.DetailMode:2]]
[2019.07.22-04.36.47:265][  0]LogConfig: Setting CVar [[r.TranslucencyVolumeBlur:1]]
[2019.07.22-04.36.47:265][  0]LogConfig: Setting CVar [[r.MaterialQualityLevel:1 ; High quality]]
[2019.07.22-04.36.47:265][  0]LogConfig: Setting CVar [[r.SSS.Scale:1]]
[2019.07.22-04.36.47:265][  0]LogConfig: Setting CVar [[r.SSS.SampleSet:2]]
[2019.07.22-04.36.47:265][  0]LogConfig: Setting CVar [[r.SSS.Quality:1]]
[2019.07.22-04.36.47:265][  0]LogConfig: Setting CVar [[r.SSS.HalfRes:1]]
[2019.07.22-04.36.47:265][  0]LogConfig: Setting CVar [[r.EmitterSpawnRateScale:1.0]]
[2019.07.22-04.36.47:265][  0]LogConfig: Setting CVar [[r.ParticleLightQuality:2]]
[2019.07.22-04.36.47:265][  0]LogConfig: Applying CVar settings from Section [FoliageQuality@3] File [D:/Users/mark.wil7543/Documents/GitKraken/HereAfter/HereAfter/Saved/Config/Windows/Scalability.ini]
[2019.07.22-04.36.47:265][  0]LogConfig: Setting CVar [[foliage.DensityScale:1.0]]
[2019.07.22-04.36.47:265][  0]LogConfig: Setting CVar [[grass.DensityScale:1.0]]
[2019.07.22-04.36.47:265][  0]LogConfig: Applying CVar settings from Section [Startup] File [../../../Engine/Config/ConsoleVariables.ini]
[2019.07.22-04.36.47:265][  0]LogConfig: Setting CVar [[net.UseAdaptiveNetUpdateFrequency:0]]
[2019.07.22-04.36.47:265][  0]LogConfig: Setting CVar [[p.chaos.AllowCreatePhysxBodies:1]]
[2019.07.22-04.36.47:265][  0]LogConfig: Applying CVar settings from Section [ConsoleVariables] File [D:/Users/mark.wil7543/Documents/GitKraken/HereAfter/HereAfter/Saved/Config/Windows/Engine.ini]
[2019.07.22-04.36.47:265][  0]LogInit: Computer: 1405C099
[2019.07.22-04.36.47:265][  0]LogInit: User: MarkWil7543
[2019.07.22-04.36.47:265][  0]LogInit: CPU Page size=4096, Cores=4
[2019.07.22-04.36.47:265][  0]LogInit: High frequency timer resolution =3.515631 MHz
[2019.07.22-04.36.47:266][  0]LogMemory: Memory total: Physical=15.9GB (16GB approx)
[2019.07.22-04.36.47:266][  0]LogMemory: Platform Memory Stats for Windows
[2019.07.22-04.36.47:266][  0]LogMemory: Process Physical Memory: 97.30 MB used, 97.30 MB peak
[2019.07.22-04.36.47:266][  0]LogMemory: Process Virtual Memory: 93.33 MB used, 93.33 MB peak
[2019.07.22-04.36.47:266][  0]LogMemory: Physical Memory: 8249.87 MB used,  8050.97 MB free, 16300.84 MB total
[2019.07.22-04.36.47:266][  0]LogMemory: Virtual Memory: 4666.89 MB used,  134213064.00 MB free, 134217728.00 MB total
[2019.07.22-04.36.47:293][  0]LogInit: Using OS detected language (en-US).
[2019.07.22-04.36.47:293][  0]LogInit: Using OS detected locale (en-NZ).
[2019.07.22-04.36.47:294][  0]LogTextLocalizationManager: No specific localization for 'en-US' exists, so the 'en' localization will be used.
[2019.07.22-04.36.47:496][  0]LogInit: Setting process to per monitor DPI aware
[2019.07.22-04.36.47:531][  0]LogSlate: New Slate User Created.  User Index 0, Is Virtual User: 0
[2019.07.22-04.36.47:531][  0]LogSlate: Slate User Registered.  User Index 0, Is Virtual User: 0
[2019.07.22-04.36.49:434][  0]LogHMD: Failed to initialize OpenVR with code 110
[2019.07.22-04.36.49:434][  0]LogD3D11RHI: D3D11 adapters:
[2019.07.22-04.36.49:484][  0]LogD3D11RHI:    0. 'NVIDIA GeForce GTX 960' (Feature Level 11_0)
[2019.07.22-04.36.49:484][  0]LogD3D11RHI:       2016/0/8150 MB DedicatedVideo/DedicatedSystem/SharedSystem, Outputs:2, VendorId:0x10de
[2019.07.22-04.36.49:491][  0]LogD3D11RHI:    1. 'Intel(R) HD Graphics 4600' (Feature Level 11_0)
[2019.07.22-04.36.49:491][  0]LogD3D11RHI:       0/0/1792 MB DedicatedVideo/DedicatedSystem/SharedSystem, Outputs:0, VendorId:0x8086
[2019.07.22-04.36.49:494][  0]LogD3D11RHI:    2. 'Microsoft Basic Render Driver' (Feature Level 11_0)
[2019.07.22-04.36.49:494][  0]LogD3D11RHI:       0/0/8150 MB DedicatedVideo/DedicatedSystem/SharedSystem, Outputs:0, VendorId:0x1414
[2019.07.22-04.36.49:494][  0]LogD3D11RHI: Chosen D3D11 Adapter: 0
[2019.07.22-04.36.49:503][  0]LogD3D11RHI: Creating new Direct3DDevice
[2019.07.22-04.36.49:503][  0]LogD3D11RHI:     GPU DeviceId: 0x1401 (for the marketing name, search the web for "GPU Device Id")
[2019.07.22-04.36.49:503][  0]LogWindows: EnumDisplayDevices:
[2019.07.22-04.36.49:504][  0]LogWindows:    0. 'NVIDIA GeForce GTX 960' (P:1 D:1)
[2019.07.22-04.36.49:504][  0]LogWindows:    1. 'NVIDIA GeForce GTX 960' (P:0 D:1)
[2019.07.22-04.36.49:504][  0]LogWindows:    2. 'NVIDIA GeForce GTX 960' (P:0 D:0)
[2019.07.22-04.36.49:505][  0]LogWindows:    3. 'NVIDIA GeForce GTX 960' (P:0 D:0)
[2019.07.22-04.36.49:505][  0]LogWindows:    4. 'Intel(R) HD Graphics 4600' (P:0 D:0)
[2019.07.22-04.36.49:505][  0]LogWindows:    5. 'Intel(R) HD Graphics 4600' (P:0 D:0)
[2019.07.22-04.36.49:506][  0]LogWindows:    6. 'Intel(R) HD Graphics 4600' (P:0 D:0)
[2019.07.22-04.36.49:506][  0]LogWindows:    7. 'Mirage Driver' (P:0 D:0)
[2019.07.22-04.36.49:506][  0]LogWindows: DebugString: PrimaryIsNotTheChoosenAdapter PrimaryIsNotTheChoosenAdapter PrimaryIsNotTheChoosenAdapter GetVideoDriverDetailsInvalid PrimaryIsNotTheChoosenAdapter FoundDriverCount:4 
[2019.07.22-04.36.49:506][  0]LogD3D11RHI:     Adapter Name: NVIDIA GeForce GTX 960
[2019.07.22-04.36.49:506][  0]LogD3D11RHI:   Driver Version: 388.13 (internal:23.21.13.8813, unified:388.13)
[2019.07.22-04.36.49:506][  0]LogD3D11RHI:      Driver Date: 10-27-2017
[2019.07.22-04.36.49:506][  0]LogRHI: Texture pool is 1411 MB (70% of 2016 MB)
[2019.07.22-04.36.49:531][  0]LogD3D11RHI: Async texture creation enabled
[2019.07.22-04.36.49:537][  0]LogRendererCore: FGlobalReadBuffer::InitRHI
[2019.07.22-04.36.49:537][  0]LogRendererCore: FGlobalReadBuffer::InitRHI
[2019.07.22-04.36.49:537][  0]LogRendererCore: FGlobalReadBuffer::InitRHI
[2019.07.22-04.36.49:546][  0]LogD3D11RHI: GPU Timing Frequency: 1000.000000 (Debug: 2 1)
[2019.07.22-04.36.49:883][  0]LogTemp: Display: Module 'AllDesktopTargetPlatform' loaded TargetPlatform 'AllDesktop'
[2019.07.22-04.36.49:902][  0]LogTemp: Display: Module 'MacClientTargetPlatform' loaded TargetPlatform 'MacClient'
[2019.07.22-04.36.49:918][  0]LogTemp: Display: Module 'MacNoEditorTargetPlatform' loaded TargetPlatform 'MacNoEditor'
[2019.07.22-04.36.49:933][  0]LogTemp: Display: Module 'MacServerTargetPlatform' loaded TargetPlatform 'MacServer'
[2019.07.22-04.36.49:960][  0]LogTemp: Display: Module 'MacTargetPlatform' loaded TargetPlatform 'Mac'
[2019.07.22-04.36.49:976][  0]LogTemp: Display: Module 'WindowsClientTargetPlatform' loaded TargetPlatform 'WindowsClient'
[2019.07.22-04.36.49:992][  0]LogTemp: Display: Module 'WindowsNoEditorTargetPlatform' loaded TargetPlatform 'WindowsNoEditor'
[2019.07.22-04.36.50:007][  0]LogTemp: Display: Module 'WindowsServerTargetPlatform' loaded TargetPlatform 'WindowsServer'
[2019.07.22-04.36.50:016][  0]LogTemp: Display: Module 'WindowsTargetPlatform' loaded TargetPlatform 'Windows'
[2019.07.22-04.36.50:125][  0]LogTemp: Display: Module 'AndroidTargetPlatform' loaded TargetPlatform 'Android'
[2019.07.22-04.36.50:125][  0]LogTemp: Display: Module 'AndroidTargetPlatform' loaded TargetPlatform 'Android_ASTC'
[2019.07.22-04.36.50:125][  0]LogTemp: Display: Module 'AndroidTargetPlatform' loaded TargetPlatform 'Android_ATC'
[2019.07.22-04.36.50:125][  0]LogTemp: Display: Module 'AndroidTargetPlatform' loaded TargetPlatform 'Android_DXT'
[2019.07.22-04.36.50:125][  0]LogTemp: Display: Module 'AndroidTargetPlatform' loaded TargetPlatform 'Android_ETC1'
[2019.07.22-04.36.50:125][  0]LogTemp: Display: Module 'AndroidTargetPlatform' loaded TargetPlatform 'Android_ETC1a'
[2019.07.22-04.36.50:125][  0]LogTemp: Display: Module 'AndroidTargetPlatform' loaded TargetPlatform 'Android_ETC2'
[2019.07.22-04.36.50:125][  0]LogTemp: Display: Module 'AndroidTargetPlatform' loaded TargetPlatform 'Android_PVRTC'
[2019.07.22-04.36.50:125][  0]LogTemp: Display: Module 'AndroidTargetPlatform' loaded TargetPlatform 'AndroidClient'
[2019.07.22-04.36.50:125][  0]LogTemp: Display: Module 'AndroidTargetPlatform' loaded TargetPlatform 'Android_ASTCClient'
[2019.07.22-04.36.50:125][  0]LogTemp: Display: Module 'AndroidTargetPlatform' loaded TargetPlatform 'Android_ATCClient'
[2019.07.22-04.36.50:125][  0]LogTemp: Display: Module 'AndroidTargetPlatform' loaded TargetPlatform 'Android_DXTClient'
[2019.07.22-04.36.50:125][  0]LogTemp: Display: Module 'AndroidTargetPlatform' loaded TargetPlatform 'Android_ETC1Client'
[2019.07.22-04.36.50:125][  0]LogTemp: Display: Module 'AndroidTargetPlatform' loaded TargetPlatform 'Android_ETC1aClient'
[2019.07.22-04.36.50:125][  0]LogTemp: Display: Module 'AndroidTargetPlatform' loaded TargetPlatform 'Android_ETC2Client'
[2019.07.22-04.36.50:125][  0]LogTemp: Display: Module 'AndroidTargetPlatform' loaded TargetPlatform 'Android_PVRTCClient'
[2019.07.22-04.36.50:125][  0]LogTemp: Display: Module 'AndroidTargetPlatform' loaded TargetPlatform 'Android_Multi'
[2019.07.22-04.36.50:125][  0]LogTemp: Display: Module 'AndroidTargetPlatform' loaded TargetPlatform 'Android_MultiClient'
[2019.07.22-04.36.50:127][  0]LogTemp: Display: Module 'HTML5TargetPlatform' loaded TargetPlatform 'HTML5'
[2019.07.22-04.36.50:191][  0]LogTemp: Display: Module 'IOSTargetPlatform' loaded TargetPlatform 'IOSClient'
[2019.07.22-04.36.50:191][  0]LogTemp: Display: Module 'IOSTargetPlatform' loaded TargetPlatform 'IOS'
[2019.07.22-04.36.50:215][  0]LogTemp: Display: Module 'TVOSTargetPlatform' loaded TargetPlatform 'TVOSClient'
[2019.07.22-04.36.50:215][  0]LogTemp: Display: Module 'TVOSTargetPlatform' loaded TargetPlatform 'TVOS'
[2019.07.22-04.36.50:228][  0]LogTemp: Display: Module 'LinuxClientTargetPlatform' loaded TargetPlatform 'LinuxClient'
[2019.07.22-04.36.50:241][  0]LogTemp: Display: Module 'LinuxNoEditorTargetPlatform' loaded TargetPlatform 'LinuxNoEditor'
[2019.07.22-04.36.50:253][  0]LogTemp: Display: Module 'LinuxServerTargetPlatform' loaded TargetPlatform 'LinuxServer'
[2019.07.22-04.36.50:269][  0]LogTemp: Display: Module 'LinuxTargetPlatform' loaded TargetPlatform 'Linux'
[2019.07.22-04.36.50:317][  0]LogTemp: Display: Module 'LuminTargetPlatform' loaded TargetPlatform 'Lumin'
[2019.07.22-04.36.50:317][  0]LogTemp: Display: Module 'LuminTargetPlatform' loaded TargetPlatform 'LuminClient'
[2019.07.22-04.36.50:317][  0]LogTargetPlatformManager: Display: Building Assets For Windows
[2019.07.22-04.36.50:329][  0]LogAudioDebug: Display: Lib vorbis DLL was dynamically loaded.
[2019.07.22-04.36.50:418][  0]LogShaderCompilers: Guid format shader working directory is 11 characters bigger than the processId version (../../../../GitKraken/HereAfter/HereAfter/Intermediate/Shaders/WorkingDirectory/17192/).
[2019.07.22-04.36.50:419][  0]LogShaderCompilers: Cleaned the shader compiler working directory 'D:/Users/mark.wil7543/AppData/Local/Temp/UnrealShaderWorkingDir/A6F707BE4DE06CA91C3E2DB9FAE484CB/'.
[2019.07.22-04.36.50:423][  0]LogXGEController: Cannot use XGE Controller as Incredibuild is not installed on this machine.
[2019.07.22-04.36.50:423][  0]LogShaderCompilers: Cannot use XGE Shader Compiler as Incredibuild is not installed on this machine.
[2019.07.22-04.36.50:423][  0]LogShaderCompilers: Display: Using Local Shader Compiler.
[2019.07.22-04.36.53:031][  0]LogDerivedDataCache: Display: Max Cache Size: 512 MB
[2019.07.22-04.36.53:117][  0]LogDerivedDataCache: Loaded boot cache 0.09s 71MB D:/Users/mark.wil7543/AppData/Local/UnrealEngine/4.22/DerivedDataCache/Boot.ddc.
[2019.07.22-04.36.53:117][  0]LogDerivedDataCache: Display: Loaded Boot cache: D:/Users/mark.wil7543/AppData/Local/UnrealEngine/4.22/DerivedDataCache/Boot.ddc
[2019.07.22-04.36.53:117][  0]LogDerivedDataCache: FDerivedDataBackendGraph:  Pak pak cache file ../../../../GitKraken/HereAfter/HereAfter/DerivedDataCache/DDC.ddp not found, will not use a pak cache.
[2019.07.22-04.36.53:117][  0]LogDerivedDataCache: Unable to find inner node Pak for hierarchical cache Hierarchy.
[2019.07.22-04.36.53:117][  0]LogDerivedDataCache: FDerivedDataBackendGraph:  CompressedPak pak cache file ../../../../GitKraken/HereAfter/HereAfter/DerivedDataCache/Compressed.ddp not found, will not use a pak cache.
[2019.07.22-04.36.53:117][  0]LogDerivedDataCache: Unable to find inner node CompressedPak for hierarchical cache Hierarchy.
[2019.07.22-04.36.53:131][  0]LogDerivedDataCache: Display: Pak cache opened for reading ../../../Engine/DerivedDataCache/Compressed.ddp.
[2019.07.22-04.36.53:131][  0]LogDerivedDataCache: FDerivedDataBackendGraph:  EnterprisePak pak cache file ../../../Enterprise/DerivedDataCache/Compressed.ddp not found, will not use a pak cache.
[2019.07.22-04.36.53:131][  0]LogDerivedDataCache: Unable to find inner node EnterprisePak for hierarchical cache Hierarchy.
[2019.07.22-04.36.53:143][  0]LogDerivedDataCache: Using Local data cache path D:/Users/mark.wil7543/AppData/Local/UnrealEngine/Common/DerivedDataCache: Writable
[2019.07.22-04.36.53:143][  0]LogDerivedDataCache: Shared data cache path not found in *engine.ini, will not use an Shared cache.
[2019.07.22-04.36.53:143][  0]LogDerivedDataCache: Unable to find inner node Shared for hierarchical cache Hierarchy.
[2019.07.22-04.36.53:167][  0]LogMaterial: Verifying Global Shaders for PCD3D_SM5
[2019.07.22-04.36.53:169][  0]LogSlate: Using FreeType 2.6.0
[2019.07.22-04.36.53:194][  0]LogSlate: SlateFontServices - WITH_FREETYPE: 1, WITH_HARFBUZZ: 1
[2019.07.22-04.36.53:558][  0]LogAssetRegistry: FAssetRegistry took 0.0330 seconds to start up
[2019.07.22-04.36.53:932][  0]LogInit: Selected Device Profile: [Windows]
[2019.07.22-04.36.54:076][  0]LogMeshReduction: Using QuadricMeshReduction for automatic static mesh reduction
[2019.07.22-04.36.54:076][  0]LogMeshReduction: Using SimplygonMeshReduction for automatic skeletal mesh reduction
[2019.07.22-04.36.54:076][  0]LogMeshReduction: Using ProxyLODMeshReduction for automatic mesh merging
[2019.07.22-04.36.54:076][  0]LogMeshReduction: No distributed automatic mesh merging module available
[2019.07.22-04.36.54:076][  0]LogMeshMerging: No distributed automatic mesh merging module available
[2019.07.22-04.36.54:087][  0]LogNetVersion: HereAfter 1.0.0, NetCL: 5660361, EngineNetVer: 10, GameNetVer: 0 (Checksum: 3592820501)
[2019.07.22-04.36.54:550][  0]LogPackageLocalizationCache: Processed 10 localized package path(s) for 1 prioritized culture(s) in 0.076821 seconds
[2019.07.22-04.36.54:556][  0]LogUObjectArray: 42205 objects as part of root set at end of initial load.
[2019.07.22-04.36.54:556][  0]LogUObjectAllocator: 7325032 out of 0 bytes used by permanent object pool.
[2019.07.22-04.36.54:556][  0]LogUObjectArray: CloseDisregardForGC: 0/0 objects in disregard for GC pool
[2019.07.22-04.37.00:121][  0]LogTcpMessaging: Initializing TcpMessaging bridge
[2019.07.22-04.37.00:135][  0]LogUdpMessaging: Initializing bridge on interface 0.0.0.0:0 to multicast group 230.0.0.1:6666.
[2019.07.22-04.37.00:247][  0]SourceControl: Source control is disabled
[2019.07.22-04.37.00:247][  0]SourceControl: Source control is disabled
[2019.07.22-04.37.00:249][  0]SourceControl: Source control is disabled
[2019.07.22-04.37.00:250][  0]SourceControl: Source control is disabled
[2019.07.22-04.37.00:385][  0]LogAndroidPermission: UAndroidPermissionCallbackProxy::GetInstance
[2019.07.22-04.37.00:537][  0]LogOcInput: OculusInput pre-init called
[2019.07.22-04.37.01:299][  0]LogEngine: Initializing Engine...
[2019.07.22-04.37.01:299][  0]LogHMD: Failed to initialize OpenVR with code 110
[2019.07.22-04.37.01:300][  0]LogStats: UGameplayTagsManager::InitializeManager -  0.000 s
[2019.07.22-04.37.01:535][  0]LogInit: Initializing FReadOnlyCVARCache
[2019.07.22-04.37.01:555][  0]LogAIModule: Creating AISystem for world Untitled
[2019.07.22-04.37.01:597][  0]LogInit: XAudio2 using 'Speakers (3- USB Audio Device)' : 2 channels at 48 kHz using 16 bits per sample (channel mask 0x3)
[2019.07.22-04.37.01:618][  0]LogInit: FAudioDevice initialized.
[2019.07.22-04.37.01:618][  0]LogNetVersion: Set ProjectVersion to 1.0.0.0. Version Checksum will be recalculated on next use.
[2019.07.22-04.37.01:756][  0]LogDerivedDataCache: Saved boot cache 0.14s 71MB D:/Users/mark.wil7543/AppData/Local/UnrealEngine/4.22/DerivedDataCache/Boot.ddc.
[2019.07.22-04.37.01:761][  0]LogInit: Texture streaming: Enabled
[2019.07.22-04.37.01:788][  0]LogEngineSessionManager: EngineSessionManager initialized
[2019.07.22-04.37.01:823][  0]LogInit: Transaction tracking system initialized
[2019.07.22-04.37.01:864][  0]BlueprintLog: New page: Editor Load
[2019.07.22-04.37.02:000][  0]LocalizationService: Localization service is disabled
[2019.07.22-04.37.02:369][  0]LogFileCache: Scanning file cache for directory 'D:/Users/mark.wil7543/Documents/GitKraken/HereAfter/HereAfter/Content/' took 0.02s
[2019.07.22-04.37.02:369][  0]LogCook: Display: Max memory allowance for cook 16384mb min free memory 0mb
[2019.07.22-04.37.02:369][  0]LogCook: Display: Mobile HDR setting 1
[2019.07.22-04.37.02:979][  0]SourceControl: Source control is disabled
[2019.07.22-04.37.02:979][  0]Cmd: MAP LOAD FILE="../../../../GitKraken/HereAfter/HereAfter/Content/FirstPersonCPP/Maps/FirstPersonExampleMap.umap" TEMPLATE=0 SHOWPROGRESS=1 FEATURELEVEL=3
[2019.07.22-04.37.02:980][  0]LightingResults: New page: Lighting Build
[2019.07.22-04.37.02:984][  0]MapCheck: New page: Map Check
[2019.07.22-04.37.02:984][  0]LightingResults: New page: Lighting Build
[2019.07.22-04.37.03:007][  0]LogUObjectHash: Compacting FUObjectHashTables data took   1.66ms
[2019.07.22-04.37.03:145][  0]LogAIModule: Creating AISystem for world FirstPersonExampleMap
[2019.07.22-04.37.03:153][  0]LogEditorServer: Finished looking for orphan Actors (0.000 secs)
[2019.07.22-04.37.03:175][  0]LogUObjectHash: Compacting FUObjectHashTables data took   1.89ms
[2019.07.22-04.37.03:175][  0]Cmd: MAP CHECKDEP NOCLEARLOG
[2019.07.22-04.37.03:176][  0]MapCheck: Map check complete: 0 Error(s), 0 Warning(s), took 0.186ms to complete.
[2019.07.22-04.37.03:176][  0]LogFileHelpers: Loading map 'FirstPersonExampleMap' took 0.196
[2019.07.22-04.37.03:316][  0]LogSlate: Updating window title bar state: overlay mode, drag disabled, window buttons hidden, title bar hidden
[2019.07.22-04.37.03:322][  0]LogSlate: Updating window title bar state: overlay mode, drag disabled, window buttons hidden, title bar hidden
[2019.07.22-04.37.03:333][  0]LogSlate: Updating window title bar state: overlay mode, drag disabled, window buttons hidden, title bar hidden
[2019.07.22-04.37.03:340][  0]LogSlate: Updating window title bar state: overlay mode, drag disabled, window buttons hidden, title bar hidden
[2019.07.22-04.37.03:359][  0]LogCollectionManager: Loaded 0 collections in 0.003409 seconds
[2019.07.22-04.37.03:376][  0]LogFileCache: Scanning file cache for directory 'D:/Users/mark.wil7543/Documents/GitKraken/HereAfter/HereAfter/Saved/Collections/' took 0.01s
[2019.07.22-04.37.03:376][  0]LogFileCache: Scanning file cache for directory 'D:/Users/mark.wil7543/Documents/GitKraken/HereAfter/HereAfter/Content/Developers/MarkWil7543/Collections/' took 0.00s
[2019.07.22-04.37.03:376][  0]LogFileCache: Scanning file cache for directory 'D:/Users/mark.wil7543/Documents/GitKraken/HereAfter/HereAfter/Content/Collections/' took 0.00s
[2019.07.22-04.37.03:376][  0]LogCollectionManager: Rebuilt the GUID cache for 0 collections in 0.000000 seconds
[2019.07.22-04.37.03:385][  0]LogContentBrowser: Native class hierarchy populated in 0.0093 seconds. Added 2738 classes and 663 folders.
[2019.07.22-04.37.03:395][  0]LogContentBrowser: Native class hierarchy updated for 'WidgetCarousel' in 0.0005 seconds. Added 0 classes and 0 folders.
[2019.07.22-04.37.03:411][  0]LogPakFile: Registered encryption key '00000000000000000000000000000000': 0 pak files mounted, 0 remain pending
[2019.07.22-04.37.03:412][  0]LogPakFile: Registered encryption key '00000000000000000000000000000000': 0 pak files mounted, 0 remain pending
[2019.07.22-04.37.03:412][  0]LogPakFile: Registered encryption key '00000000000000000000000000000000': 0 pak files mounted, 0 remain pending
[2019.07.22-04.37.03:413][  0]LogPakFile: Registered encryption key '00000000000000000000000000000000': 0 pak files mounted, 0 remain pending
[2019.07.22-04.37.03:413][  0]LogPakFile: Registered encryption key '00000000000000000000000000000000': 0 pak files mounted, 0 remain pending
[2019.07.22-04.37.03:414][  0]LogPakFile: Registered encryption key '00000000000000000000000000000000': 0 pak files mounted, 0 remain pending
[2019.07.22-04.37.03:414][  0]LogPakFile: Registered encryption key '00000000000000000000000000000000': 0 pak files mounted, 0 remain pending
[2019.07.22-04.37.03:415][  0]LogPakFile: Registered encryption key '00000000000000000000000000000000': 0 pak files mounted, 0 remain pending
[2019.07.22-04.37.03:415][  0]LogPakFile: Registered encryption key '00000000000000000000000000000000': 0 pak files mounted, 0 remain pending
[2019.07.22-04.37.03:416][  0]LogPakFile: Registered encryption key '00000000000000000000000000000000': 0 pak files mounted, 0 remain pending
[2019.07.22-04.37.03:416][  0]LogPakFile: Registered encryption key '00000000000000000000000000000000': 0 pak files mounted, 0 remain pending
[2019.07.22-04.37.03:417][  0]LogPakFile: Registered encryption key '00000000000000000000000000000000': 0 pak files mounted, 0 remain pending
[2019.07.22-04.37.03:417][  0]LogPakFile: Registered encryption key '00000000000000000000000000000000': 0 pak files mounted, 0 remain pending
[2019.07.22-04.37.03:418][  0]LogPakFile: Registered encryption key '00000000000000000000000000000000': 0 pak files mounted, 0 remain pending
[2019.07.22-04.37.03:418][  0]LogPakFile: Registered encryption key '00000000000000000000000000000000': 0 pak files mounted, 0 remain pending
[2019.07.22-04.37.03:419][  0]LogPakFile: Registered encryption key '00000000000000000000000000000000': 0 pak files mounted, 0 remain pending
[2019.07.22-04.37.03:419][  0]LogPakFile: Registered encryption key '00000000000000000000000000000000': 0 pak files mounted, 0 remain pending
[2019.07.22-04.37.03:420][  0]LogPakFile: Registered encryption key '00000000000000000000000000000000': 0 pak files mounted, 0 remain pending
[2019.07.22-04.37.03:420][  0]LogPakFile: Registered encryption key '00000000000000000000000000000000': 0 pak files mounted, 0 remain pending
[2019.07.22-04.37.03:421][  0]LogPakFile: Registered encryption key '00000000000000000000000000000000': 0 pak files mounted, 0 remain pending
[2019.07.22-04.37.03:422][  0]LogPakFile: Registered encryption key '00000000000000000000000000000000': 0 pak files mounted, 0 remain pending
[2019.07.22-04.37.03:422][  0]LogPakFile: Registered encryption key '00000000000000000000000000000000': 0 pak files mounted, 0 remain pending
[2019.07.22-04.37.03:423][  0]LogPakFile: Registered encryption key '00000000000000000000000000000000': 0 pak files mounted, 0 remain pending
[2019.07.22-04.37.03:424][  0]LogPakFile: Registered encryption key '00000000000000000000000000000000': 0 pak files mounted, 0 remain pending
[2019.07.22-04.37.03:424][  0]LogPakFile: Registered encryption key '00000000000000000000000000000000': 0 pak files mounted, 0 remain pending
[2019.07.22-04.37.03:425][  0]LogPakFile: Registered encryption key '00000000000000000000000000000000': 0 pak files mounted, 0 remain pending
[2019.07.22-04.37.03:842][  0]LogContentBrowser: Native class hierarchy updated for 'AddContentDialog' in 0.0005 seconds. Added 0 classes and 0 folders.
[2019.07.22-04.37.03:882][  0]LogSlate: Took 0.012853 seconds to synchronously load lazily loaded font '../../../Engine/Content/Slate/Fonts/Roboto-Regular.ttf' (155K)
[2019.07.22-04.37.03:892][  0]LogSlate: Took 0.006802 seconds to synchronously load lazily loaded font '../../../Engine/Content/Slate/Fonts/Roboto-Bold.ttf' (160K)
[2019.07.22-04.37.03:914][  0]LogSlate: Took 0.020101 seconds to synchronously load lazily loaded font '../../../Engine/Content/Editor/Slate/Fonts/FontAwesome.ttf' (139K)
[2019.07.22-04.37.03:986][  0]LogRenderer: Reallocating scene render targets to support 1100x680 Format 10 NumSamples 1 (Frame:1).
[2019.07.22-04.37.04:202][  0]LogContentBrowser: Native class hierarchy updated for 'HierarchicalLODOutliner' in 0.0005 seconds. Added 0 classes and 0 folders.
[2019.07.22-04.37.04:203][  0]LogLoad: (Engine Initialization) Total time: 19.63 seconds
[2019.07.22-04.37.04:203][  0]LogLoad: (Engine Initialization) Total Blueprint compile time: 0.00 seconds
[2019.07.22-04.37.04:213][  0]LogWindowsTextInputMethodSystem: Display: IME system now deactivated.
[2019.07.22-04.37.04:244][  0]LogAssetRegistry: Asset discovery search completed in 10.7082 seconds
[2019.07.22-04.37.04:248][  0]LogCollectionManager: Rebuilt the object cache for 0 collections in 0.000001 seconds (found 0 objects)
[2019.07.22-04.37.04:248][  0]LogCollectionManager: Fixed up redirectors for 0 collections in 0.000075 seconds (updated 0 objects)
[2019.07.22-04.37.04:250][  0]LogContentStreaming: Texture pool size now 1000 MB
[2019.07.22-04.37.04:270][  0]LogSlate: Took 0.000195 seconds to synchronously load lazily loaded font '../../../Engine/Content/Slate/Fonts/Roboto-Light.ttf' (167K)
[2019.07.22-04.37.08:858][541]LogSlate: FSceneViewport::OnFocusLost() reason 0
[2019.07.22-04.37.16:986][508]LogSlate: Took 0.000254 seconds to synchronously load lazily loaded font '../../../Engine/Content/Slate/Fonts/Roboto-Light.ttf' (167K)
[2019.07.22-04.37.17:038][508]LogSlate: Took 0.000203 seconds to synchronously load lazily loaded font '../../../Engine/Content/Slate/Fonts/Roboto-BoldCondensed.ttf' (158K)
[2019.07.22-04.38.13:047][171]Candidate modules for hot reload:
[2019.07.22-04.38.13:047][171]  HereAfter
[2019.07.22-04.38.13:047][171]Launching UnrealBuildTool... [D:/Users/mark.wil7543/Documents/UE_4.22/Engine/Binaries/DotNET/UnrealBuildTool.exe  -ModuleWithSuffix=HereAfter,1224 Win64 Development -TargetType=Editor -Project="D:/Users/mark.wil7543/Documents/GitKraken/HereAfter/HereAfter/HereAfter.uproject" "D:/Users/mark.wil7543/Documents/GitKraken/HereAfter/HereAfter/HereAfter.uproject"  -IgnoreJunk]
[2019.07.22-04.38.27:053][171]CompilerResultsLog: New page: Compilation - 23/07/2019 4:38:27 am
[2019.07.22-04.38.27:053][171]CompilerResultsLog: Using 'git status' to determine working set for adaptive non-unity build (D:\Users\mark.wil7543\Documents\GitKraken\HereAfter).
[2019.07.22-04.38.27:053][171]CompilerResultsLog: Creating makefile for HereAfterEditor (ini files are newer than makefile)
[2019.07.22-04.38.27:053][171]CompilerResultsLog: Parsing headers for HereAfterEditor
[2019.07.22-04.38.27:053][171]CompilerResultsLog:   Running UnrealHeaderTool "D:\Users\mark.wil7543\Documents\GitKraken\HereAfter\HereAfter\HereAfter.uproject" "D:\Users\mark.wil7543\Documents\GitKraken\HereAfter\HereAfter\Intermediate\Build\Win64\HereAfterEditor\Development\HereAfterEditor.uhtmanifest" -LogCmds="loginit warning, logexit warning, logdatabase error" -Unattended -WarningsAsErrors -installed
[2019.07.22-04.38.27:053][171]CompilerResultsLog: Reflection code generated for HereAfterEditor in 8.415403 seconds
[2019.07.22-04.38.27:053][171]CompilerResultsLog: Using Visual Studio 2019 14.21.27702 toolchain (C:\Program Files (x86)\Microsoft Visual Studio\2019\Community\VC\Tools\MSVC\14.21.27702) and Windows 10.0.17763.0 SDK (C:\Program Files (x86)\Windows Kits\10).
[2019.07.22-04.38.27:054][171]CompilerResultsLog: Building 6 actions with 8 processes...
[2019.07.22-04.38.27:054][171]CompilerResultsLog:   [1/6] HereAfter.init.gen.cpp
[2019.07.22-04.38.27:054][171]CompilerResultsLog:   [2/6] QuestManager.cpp
[2019.07.22-04.38.27:054][171]CompilerResultsLog:   [3/6] QuestManager.gen.cpp
[2019.07.22-04.38.27:054][171]CompilerResultsLog:   [4/6] UE4Editor-HereAfter-1224.lib
[2019.07.22-04.38.27:054][171]CompilerResultsLog:      Creating library D:\Users\mark.wil7543\Documents\GitKraken\HereAfter\HereAfter\Intermediate\Build\Win64\UE4Editor\Development\HereAfter\UE4Editor-HereAfter-1224.lib and object D:\Users\mark.wil7543\Documents\GitKraken\HereAfter\HereAfter\Intermediate\Build\Win64\UE4Editor\Development\HereAfter\UE4Editor-HereAfter-1224.exp
[2019.07.22-04.38.27:054][171]CompilerResultsLog:   [5/6] UE4Editor-HereAfter-1224.dll
[2019.07.22-04.38.27:054][171]CompilerResultsLog:      Creating library D:\Users\mark.wil7543\Documents\GitKraken\HereAfter\HereAfter\Intermediate\Build\Win64\UE4Editor\Development\HereAfter\UE4Editor-HereAfter-1224.suppressed.lib and object D:\Users\mark.wil7543\Documents\GitKraken\HereAfter\HereAfter\Intermediate\Build\Win64\UE4Editor\Development\HereAfter\UE4Editor-HereAfter-1224.suppressed.exp
[2019.07.22-04.38.27:054][171]CompilerResultsLog:   [6/6] HereAfterEditor.target
[2019.07.22-04.38.27:054][171]CompilerResultsLog: Total time in Parallel executor: 2.63 seconds
[2019.07.22-04.38.27:054][171]CompilerResultsLog: Total execution time: 13.90 seconds
[2019.07.22-04.38.27:054][171]LogMainFrame: MainFrame: Module compiling took 14.011 seconds
[2019.07.22-04.38.27:088][171]LogUObjectHash: Compacting FUObjectHashTables data took   1.46ms
[2019.07.22-04.38.27:141][171]LogClass: Could not find existing class QuestManager in package /Script/HereAfter for HotReload, assuming new class
[2019.07.22-04.38.27:147][171]LogHotReload: Re-instancing HereAfterCharacter after hot-reload.
[2019.07.22-04.38.27:244][171]LogContentBrowser: Native class hierarchy updated for 'HereAfter' in 0.0006 seconds. Added 6 classes and 2 folders.
[2019.07.22-04.38.27:247][171]Display: HotReload successful (1 functions remapped  0 scriptstructs remapped)
[2019.07.22-04.38.27:368][171]LogUObjectHash: Compacting FUObjectHashTables data took   1.54ms
[2019.07.22-04.38.27:385][171]LogContentBrowser: Native class hierarchy populated in 0.0123 seconds. Added 2739 classes and 663 folders.
[2019.07.22-04.38.27:385][171]Display: HotReload took 14.4s.
[2019.07.22-04.38.27:387][171]Warning: HotReload operation took 14.4s.
[2019.07.22-04.38.27:986][171]LogSlate: Window 'Add C++ Class' being destroyed
[2019.07.22-04.38.28:043][172]LogHotReload: New module detected: UE4Editor-HereAfter-1224.dll
[2019.07.22-04.38.28:067][173]LogHotReload: Starting Hot-Reload from IDE
[2019.07.22-04.38.28:104][173]LogUObjectHash: Compacting FUObjectHashTables data took   0.87ms
[2019.07.22-04.38.28:109][173]LogContentBrowser: Native class hierarchy updated for 'HereAfter' in 0.0010 seconds. Added 6 classes and 2 folders.
[2019.07.22-04.38.28:114][173]Display: HotReload successful (0 functions remapped  0 scriptstructs remapped)
[2019.07.22-04.38.28:137][173]LogUObjectHash: Compacting FUObjectHashTables data took   1.39ms
[2019.07.22-04.38.28:150][173]LogContentBrowser: Native class hierarchy populated in 0.0091 seconds. Added 2739 classes and 663 folders.
[2019.07.22-04.38.28:153][173]Display: HotReload took  0.1s.
[2019.07.22-04.39.24:011][149]Candidate modules for hot reload:
[2019.07.22-04.39.24:011][149]  HereAfter
[2019.07.22-04.39.24:012][149]Launching UnrealBuildTool... [D:/Users/mark.wil7543/Documents/UE_4.22/Engine/Binaries/DotNET/UnrealBuildTool.exe  -ModuleWithSuffix=HereAfter,889 Win64 Development -TargetType=Editor -Project="D:/Users/mark.wil7543/Documents/GitKraken/HereAfter/HereAfter/HereAfter.uproject" "D:/Users/mark.wil7543/Documents/GitKraken/HereAfter/HereAfter/HereAfter.uproject"  -IgnoreJunk]
[2019.07.22-04.39.37:334][149]CompilerResultsLog: New page: Compilation - 23/07/2019 4:39:37 am
[2019.07.22-04.39.37:334][149]CompilerResultsLog: Using 'git status' to determine working set for adaptive non-unity build (D:\Users\mark.wil7543\Documents\GitKraken\HereAfter).
[2019.07.22-04.39.37:334][149]CompilerResultsLog: Creating makefile for HereAfterEditor (ini files are newer than makefile)
[2019.07.22-04.39.37:334][149]CompilerResultsLog: Parsing headers for HereAfterEditor
[2019.07.22-04.39.37:334][149]CompilerResultsLog:   Running UnrealHeaderTool "D:\Users\mark.wil7543\Documents\GitKraken\HereAfter\HereAfter\HereAfter.uproject" "D:\Users\mark.wil7543\Documents\GitKraken\HereAfter\HereAfter\Intermediate\Build\Win64\HereAfterEditor\Development\HereAfterEditor.uhtmanifest" -LogCmds="loginit warning, logexit warning, logdatabase error" -Unattended -WarningsAsErrors -installed
[2019.07.22-04.39.37:334][149]CompilerResultsLog: Reflection code generated for HereAfterEditor in 7.8002873 seconds
[2019.07.22-04.39.37:334][149]CompilerResultsLog: Using Visual Studio 2019 14.21.27702 toolchain (C:\Program Files (x86)\Microsoft Visual Studio\2019\Community\VC\Tools\MSVC\14.21.27702) and Windows 10.0.17763.0 SDK (C:\Program Files (x86)\Windows Kits\10).
[2019.07.22-04.39.37:334][149]CompilerResultsLog: Building 6 actions with 8 processes...
[2019.07.22-04.39.37:334][149]CompilerResultsLog:   [1/6] HereAfter.init.gen.cpp
[2019.07.22-04.39.37:334][149]CompilerResultsLog:   [2/6] Quest.cpp
[2019.07.22-04.39.37:334][149]CompilerResultsLog:   [3/6] Quest.gen.cpp
[2019.07.22-04.39.37:334][149]CompilerResultsLog:   [4/6] UE4Editor-HereAfter-0889.lib
[2019.07.22-04.39.37:334][149]CompilerResultsLog:      Creating library D:\Users\mark.wil7543\Documents\GitKraken\HereAfter\HereAfter\Intermediate\Build\Win64\UE4Editor\Development\HereAfter\UE4Editor-HereAfter-0889.lib and object D:\Users\mark.wil7543\Documents\GitKraken\HereAfter\HereAfter\Intermediate\Build\Win64\UE4Editor\Development\HereAfter\UE4Editor-HereAfter-0889.exp
[2019.07.22-04.39.37:334][149]CompilerResultsLog:   [5/6] UE4Editor-HereAfter-0889.dll
[2019.07.22-04.39.37:335][149]CompilerResultsLog:      Creating library D:\Users\mark.wil7543\Documents\GitKraken\HereAfter\HereAfter\Intermediate\Build\Win64\UE4Editor\Development\HereAfter\UE4Editor-HereAfter-0889.suppressed.lib and object D:\Users\mark.wil7543\Documents\GitKraken\HereAfter\HereAfter\Intermediate\Build\Win64\UE4Editor\Development\HereAfter\UE4Editor-HereAfter-0889.suppressed.exp
[2019.07.22-04.39.37:335][149]CompilerResultsLog:   [6/6] HereAfterEditor.target
[2019.07.22-04.39.37:335][149]CompilerResultsLog: Total time in Parallel executor: 2.67 seconds
[2019.07.22-04.39.37:335][149]CompilerResultsLog: Total execution time: 13.23 seconds
[2019.07.22-04.39.37:335][149]LogMainFrame: MainFrame: Module compiling took 13.326 seconds
[2019.07.22-04.39.37:362][149]LogUObjectHash: Compacting FUObjectHashTables data took   0.92ms
[2019.07.22-04.39.37:385][149]LogContentBrowser: Native class hierarchy populated in 0.0142 seconds. Added 2739 classes and 663 folders.
[2019.07.22-04.39.37:385][149]Display: HotReload took 13.4s.
[2019.07.22-04.39.37:386][149]Warning: HotReload operation took 13.4s.
[2019.07.22-04.39.38:469][149]LogSlate: Window 'Add C++ Class' being destroyed
[2019.07.22-04.39.38:475][149]LogHotReload: New module detected: UE4Editor-HereAfter-0889.dll
[2019.07.22-04.39.38:505][150]LogHotReload: Starting Hot-Reload from IDE
[2019.07.22-04.39.38:539][150]LogUObjectHash: Compacting FUObjectHashTables data took   0.58ms
[2019.07.22-04.39.38:571][150]LogClass: Could not find existing class Quest in package /Script/HereAfter for HotReload, assuming new class
[2019.07.22-04.39.38:583][150]LogHotReload: Re-instancing HereAfterCharacter after hot-reload.
[2019.07.22-04.39.38:670][150]LogContentBrowser: Native class hierarchy updated for 'HereAfter' in 0.0018 seconds. Added 7 classes and 2 folders.
[2019.07.22-04.39.38:675][150]Display: HotReload successful (1 functions remapped  0 scriptstructs remapped)
[2019.07.22-04.39.38:746][150]LogUObjectHash: Compacting FUObjectHashTables data took   1.76ms
[2019.07.22-04.39.38:764][150]LogContentBrowser: Native class hierarchy populated in 0.0116 seconds. Added 2740 classes and 663 folders.
[2019.07.22-04.39.38:767][150]Display: HotReload took  0.3s.
[2019.07.22-05.00.55:917][103]LogHotReload: New module detected: UE4Editor-HereAfter-0006.dll
[2019.07.22-05.00.57:267][108]LogHotReload: Starting Hot-Reload from IDE
[2019.07.22-05.00.57:301][108]LogUObjectHash: Compacting FUObjectHashTables data took   1.01ms
[2019.07.22-05.00.57:329][108]LogClass: Could not find existing class Quest in package /Script/HereAfter for HotReload, assuming new class
[2019.07.22-05.00.57:329][108]LogClass: Function GetActive is new.
[2019.07.22-05.00.57:329][108]LogClass: Function GetCompleted is new.
[2019.07.22-05.00.57:330][108]LogClass: Function GetDescription is new.
[2019.07.22-05.00.57:330][108]LogClass: Function GetName is new.
[2019.07.22-05.00.57:330][108]LogClass: Function GetRepeatable is new.
[2019.07.22-05.00.57:330][108]LogClass: Function Init is new.
[2019.07.22-05.00.57:330][108]LogClass: Function SetActive is new.
[2019.07.22-05.00.57:330][108]LogClass: Function SetCompleted is new.
[2019.07.22-05.00.57:330][108]LogClass: Function SetRepeatable is new.
[2019.07.22-05.00.57:330][108]LogClass: Could not find existing class QuestManager in package /Script/HereAfter for HotReload, assuming new class
[2019.07.22-05.00.57:330][108]LogClass: Function AddQuest is new.
[2019.07.22-05.00.57:330][108]LogClass: Function GetCurrentQuest is new.
[2019.07.22-05.00.57:330][108]LogClass: Function GetQuests is new.
[2019.07.22-05.00.57:330][108]LogClass: Function SetCurrentQuest is new.
[2019.07.22-05.00.57:338][108]LogHotReload: Re-instancing HereAfterCharacter after hot-reload.
[2019.07.22-05.00.57:435][108]LogHotReload: Re-instancing Quest after hot-reload.
[2019.07.22-05.00.57:532][108]LogHotReload: Re-instancing QuestManager after hot-reload.
[2019.07.22-05.00.57:607][108]LogContentBrowser: Native class hierarchy updated for 'HereAfter' in 0.0008 seconds. Added 7 classes and 2 folders.
[2019.07.22-05.00.57:609][108]Display: HotReload successful (1 functions remapped  0 scriptstructs remapped)
[2019.07.22-05.00.57:663][108]LogUObjectHash: Compacting FUObjectHashTables data took   1.29ms
[2019.07.22-05.00.57:678][108]LogContentBrowser: Native class hierarchy populated in 0.0090 seconds. Added 2740 classes and 663 folders.
[2019.07.22-05.00.57:680][108]Display: HotReload took  0.4s.
